




<!DOCTYPE html>
<html>

<head>
    <meta charset="utf-8">
    <meta name="viewport" content="width=device-width, initial-scale=1, shrink-to-fit=no">
    <title>Extent</title>
    <link rel="apple-touch-icon" href="https://cdn.rawgit.com/extent-framework/extent-github-cdn/d74480e/commons/img/logo.png">
    <link rel="shortcut icon" href="https://cdn.rawgit.com/extent-framework/extent-github-cdn/d74480e/commons/img/logo.png">
    <link href="https://cdn.rawgit.com/extent-framework/extent-github-cdn/24cb10e/spark/css/style.css" rel="stylesheet" />
    <link href="https://stackpath.bootstrapcdn.com/font-awesome/4.7.0/css/font-awesome.min.css" rel="stylesheet">
<style type="text/css">

            

        
</style></head><script src="https://cdn.rawgit.com/extent-framework/extent-github-cdn/7cc78ce/spark/js/jsontree.js"></script>
<body class="test-view bdd-report dark">
    <div class="app header-dark side-nav-folded">
        <div class="layout">
<div class="header navbar">
    <div class="header-container">
        <div class="nav-logo">
          <a href="index.html">
            <div class="logo logo-dark" style="background-image: url('https://cdn.rawgit.com/extent-framework/extent-github-cdn/d74480e/commons/img/logo.png')"></div>
            <div class="logo logo-white" style="background-image: url('https://cdn.rawgit.com/extent-framework/extent-github-cdn/d74480e/commons/img/logo.png')"></div>
          </a>
        </div>
        <ul class="nav-left">
          <li>
            <a class="sidenav-fold-toggler" href="javascript:void(0);">
              <i class="fa fa-bars"></i>
            </a>
            <a class="sidenav-expand-toggler" href="javascript:void(0);">
              <i class="fa fa-bars"></i>
            </a>
          </li>
          <li class="search-box">
            <a class="search-toggle" href="javascript:void(0);">
              <i class="search-icon fa fa-search"></i>
              <i class="search-icon-close fa fa-close"></i>
            </a>
          </li>
          <li class="search-input">
            <input id="search-tests" class="form-control" type="text" placeholder="Type to search...">
          </li>
        </ul>
        <ul class="nav-right">
          <li class="m-r-10">
            <a href="#">
              <span class="badge badge-primary">Grasshopper Report</span>
            </a>
          </li>
            <li class="m-r-10">
                <a href="#">
                    <span class="badge badge-primary">Dec 18, 2019 11:45:53 PM</span>
                </a>
            </li>
        </ul>
    </div>
</div><div class="side-nav side-nav-folded">
  <div class="side-nav-inner">
    <ul class="side-nav-menu scrollable">
      <li class="nav-item dropdown">
        <a id="nav-test" class="dropdown-toggle" href="index.html">
          <span class="icon-holder">
            <i class="fa fa-align-left"></i>
          </span>
          <span class="title">Tests</span>
        </a>
      </li>
            <li class="nav-item dropdown">
        <a id="nav-tag" class="dropdown-toggle" href="tag.html">
          <span class="icon-holder">
            <i class="fa fa-tag"></i>
          </span>
          <span class="title">Tags</span>
        </a>
      </li>
      <li class="nav-item dropdown">
        <a id="nav-ex" class="dropdown-toggle" href="exception.html">
          <span class="icon-holder">
            <i class="fa fa-bug"></i>
          </span>
          <span class="title">Exception</span>
        </a>
      </li>
      <li class="nav-item dropdown">
        <a id="nav-dashboard" class="dropdown-toggle" href="dashboard.html">
          <span class="icon-holder">
            <i class="fa fa-bar-chart"></i>
          </span>
          <span class="title">Dashboard</span>
        </a>
      </li>
    </ul>
  </div>
</div>
            <div class="page-container">
                <div class="main-content">
                    <div class="test-wrapper row">
                        <div class="test-list">
                            <div class="test-list-tools">
                                <ul class="tools pull-left">
                                    <li>
                                        <a href="">
                                            <span class="font-size-14">Tests</span>
                                        </a>
                                    </li> 
                                </ul>
                                <ul class="tools text-right">
                                    <li class="user-profile dropdown dropdown-animated scale-left">
                                        <a href="#" class="dropdown-toggle" data-toggle="dropdown">
                                            <i class="fa fa-exclamation-circle"></i>
                                        </a>
                                        <ul id="status-toggle" class="dropdown-menu dropdown-md p-v-0">
                                            <a class="dropdown-item" status="pass" href="#"><span>Pass</span><span class="status success pull-right"></span></a>
	                                        <a class="dropdown-item" status="fail" href="#"><span>Fail</span><span class="status danger pull-right"></span></a>
	                                        
	                                        
	                                        
	                                        <a class="dropdown-item" status="skip" href="#"><span>Skip</span><span class="status warning pull-right"></span></a>
	                                        <div class="dropdown-divider"></div>
                                            <a status="clear" class="dropdown-item" href="#"><span>Clear</span><span class="pull-right"><i class="fa fa-close"></i></span></a>
                                        </ul>
                                    </li>
                                    <li class="user-profile dropdown dropdown-animated scale-left">
                                        <a href="#" class="dropdown-toggle" data-toggle="dropdown">
                                            <i class="fa fa-tag"></i>
                                        </a>
                                        <ul id="tag-toggle" class="dropdown-menu dropdown-md p-v-0">
                                                <a class="dropdown-item" href="#">@Hema</a>
                                        </ul>
                                    </li>
                                </ul>
                            </div>
                            <div class="test-list-wrapper scrollable">
                                <ul class="test-list-item">
                                    <li class="test-item"  status="fail" test-id="1"
                                            author=""
                                            tag="@Hema"
                                            device="">
                                        <div class="status-avatar fail-bg">
                                            <i class="fa fa-times text-white"></i>
                                        </div>
                                        <div class="open-test">
                                            <div class="test-detail"> 
                                                <p class="name">As an user , I should be displayed with proper error message according to necessary action.</p> 
                                                <p class="duration text-sm">0h 3m 30s+82ms</p> 
                                                <span class="datetime">23:45:56 PM</span>
                                            </div>
                                        </div>
                                        <div class="test-contents d-none">
                                            <div class="detail-head">
                                                <div class="p-v-10 d-inline-block"> 
                                                    <div class="info">
                                                        <h5 class="test-status text-fail">As an user , I should be displayed with proper error message according to necessary action.</h5>
                                                        <span class='badge badge-success'>12.18.2019 23:45:56</span>
                                                        <span class='badge badge-danger'>12.18.2019 23:49:26</span>
                                                        <span class='badge badge-default'>0h 3m 30s+82ms</span>
                                                    </div>
                                                    <div class="m-t-15">
			<span class="badge badge-pill badge-default"><i class="fa fa-tag"></i> @Hema</span>
                                                    </div>
                                                    <div class="m-t-10 m-l-5">
                                                        
                                                    </div>
                                                </div>
                                            </div>

<div class="accordion mt-4">
	<div class="card">
		<div class="card-header" role="tab">
			<h5 class="card-title pl-3">
				<div class="node">verify user is not able to login with invalid credential and getting proper error message</div>
				<div class="status-avatar float-left fail-bg">
					<i class="fa fa-times text-white"></i>
				</div>
			</h5>
		</div>
				<div class="collapse scenario_outline">
						<div class="card-body l1">
							<div class="card-header" role="tab">
								<h5 class="card-title outline-child">
									<div class="node">verify user is not able to login with invalid credential and getting proper error message</div>
									<div class="status-avatar float-left pass-bg">
										<i class="fa fa-check text-white"></i>
									</div>
								</h5>
							</div>
							<div class="card-body collapse mt-3">
									<div class="d-flex align-items-center justify-content-start given" title="GenericSteps.browserISOpenedAndUserIsNavigatedToApplicationUrl()">
										<span class="alert-icon pass-bg">
											<i class="fa fa-check text-white"></i>
										</span>
										<span>Given Browser is opened and user is navigated to application url</span>
									</div>
				<div class="details"></div>
									<div class="d-flex align-items-center justify-content-start when" title="HomeSteps.userClicksOnSignInButton()">
										<span class="alert-icon pass-bg">
											<i class="fa fa-check text-white"></i>
										</span>
										<span>When user clicks on Sign-In Button</span>
									</div>
				<div class="details"></div>
									<div class="d-flex align-items-center justify-content-start then" title="GenericSteps.userShouldBeNavigatedToPageWithTitle(String)">
										<span class="alert-icon pass-bg">
											<i class="fa fa-check text-white"></i>
										</span>
										<span>Then user should be navigated to page with title "my HEMA"</span>
									</div>
				<div class="details"></div>
									<div class="d-flex align-items-center justify-content-start when" title="SignInSteps.userLoginWithBelowCredentials(DataTable)">
										<span class="alert-icon pass-bg">
											<i class="fa fa-check text-white"></i>
										</span>
										<span>When user login with below credentials:</span>
									</div>
				<div class="details"><table class='runtime-table table-striped table'><tr><td>qwer@.com</td><td>Asdf@1234</td></tr></table></div>
									<div class="d-flex align-items-center justify-content-start then" title="SignInSteps.errorMessageShouldBeDisplayed(String)">
										<span class="alert-icon pass-bg">
											<i class="fa fa-check text-white"></i>
										</span>
										<span>Then error message "Sorry we don't recognise your details." should be displayed</span>
									</div>
				<div class="details"></div>
									<div class="d-flex align-items-center justify-content-start asterisk" title="">
										<span class="alert-icon pass-bg">
											<i class="fa fa-check text-white"></i>
										</span>
										<span>GenericSteps.tearDown(Scenario)</span>
									</div>
				<div class="details"></div>
							</div>
						</div>
						<div class="card-body l1">
							<div class="card-header" role="tab">
								<h5 class="card-title outline-child">
									<div class="node">verify user is not able to login with invalid credential and getting proper error message</div>
									<div class="status-avatar float-left fail-bg">
										<i class="fa fa-times text-white"></i>
									</div>
								</h5>
							</div>
							<div class="card-body collapse mt-3">
									<div class="d-flex align-items-center justify-content-start given" title="GenericSteps.browserISOpenedAndUserIsNavigatedToApplicationUrl()">
										<span class="alert-icon fail-bg">
											<i class="fa fa-times text-white"></i>
										</span>
										<span>Given Browser is opened and user is navigated to application url</span>
									</div>
				<textarea disabled class="code-block">org.openqa.selenium.WebDriverException: unknown error: cannot determine loading status
from disconnected: received Inspector.detached event
  (Session info: chrome=79.0.3945.79)
Build info: version: '3.141.59', revision: 'e82be7d358', time: '2018-11-14T08:17:03'
System info: host: 'DESKTOP-NPH96C5', ip: '192.168.178.116', os.name: 'Windows 10', os.arch: 'amd64', os.version: '10.0', java.version: '1.8.0_221'
Driver info: org.openqa.selenium.chrome.ChromeDriver
Capabilities {acceptInsecureCerts: false, browserName: chrome, browserVersion: 79.0.3945.79, chrome: {chromedriverVersion: 79.0.3945.36 (3582db32b3389..., userDataDir: C:\Users\ARPIT-~1\AppData\L...}, goog:chromeOptions: {debuggerAddress: localhost:51977}, javascriptEnabled: true, networkConnectionEnabled: false, pageLoadStrategy: normal, platform: WINDOWS, platformName: WINDOWS, proxy: Proxy(), setWindowRect: true, strictFileInteractability: false, timeouts: {implicit: 0, pageLoad: 300000, script: 30000}, unhandledPromptBehavior: dismiss and notify}
Session ID: 003443e97258d463084caa7ce5aa6401
	at sun.reflect.NativeConstructorAccessorImpl.newInstance0(Native Method)
	at sun.reflect.NativeConstructorAccessorImpl.newInstance(NativeConstructorAccessorImpl.java:62)
	at sun.reflect.DelegatingConstructorAccessorImpl.newInstance(DelegatingConstructorAccessorImpl.java:45)
	at java.lang.reflect.Constructor.newInstance(Constructor.java:423)
	at org.openqa.selenium.remote.http.W3CHttpResponseCodec.createException(W3CHttpResponseCodec.java:187)
	at org.openqa.selenium.remote.http.W3CHttpResponseCodec.decode(W3CHttpResponseCodec.java:122)
	at org.openqa.selenium.remote.http.W3CHttpResponseCodec.decode(W3CHttpResponseCodec.java:49)
	at org.openqa.selenium.remote.HttpCommandExecutor.execute(HttpCommandExecutor.java:158)
	at org.openqa.selenium.remote.service.DriverCommandExecutor.execute(DriverCommandExecutor.java:83)
	at org.openqa.selenium.remote.RemoteWebDriver.execute(RemoteWebDriver.java:552)
	at org.openqa.selenium.remote.RemoteWebDriver.get(RemoteWebDriver.java:277)
	at StepDefinitions.GenericSteps.browserISOpenedAndUserIsNavigatedToApplicationUrl(GenericSteps.java:31)
	at ?.Browser is opened and user is navigated to application url(file:src/test/java/Features/ErrorTests.feature:5)
</textarea>
									<div class="d-flex align-items-center justify-content-start when" title="HomeSteps.userClicksOnSignInButton()">
										<span class="alert-icon skip-bg">
											<i class="fa fa-long-arrow-right text-white"></i>
										</span>
										<span>When user clicks on Sign-In Button</span>
									</div>
				<div class="details">Step skipped</div>
									<div class="d-flex align-items-center justify-content-start then" title="GenericSteps.userShouldBeNavigatedToPageWithTitle(String)">
										<span class="alert-icon skip-bg">
											<i class="fa fa-long-arrow-right text-white"></i>
										</span>
										<span>Then user should be navigated to page with title "my HEMA"</span>
									</div>
				<div class="details">Step skipped</div>
									<div class="d-flex align-items-center justify-content-start when" title="SignInSteps.userLoginWithBelowCredentials(DataTable)">
										<span class="alert-icon skip-bg">
											<i class="fa fa-long-arrow-right text-white"></i>
										</span>
										<span>When user login with below credentials:</span>
									</div>
				<div class="details"><table class='runtime-table table-striped table'><tr><td></td><td>Asdf@1234</td></tr></table></div>
				<div class="details">Step skipped</div>
									<div class="d-flex align-items-center justify-content-start then" title="SignInSteps.errorMessageShouldBeDisplayed(String)">
										<span class="alert-icon skip-bg">
											<i class="fa fa-long-arrow-right text-white"></i>
										</span>
										<span>Then error message "Sorry we don't recognise your details." should be displayed</span>
									</div>
				<div class="details">Step skipped</div>
									<div class="d-flex align-items-center justify-content-start asterisk" title="">
										<span class="alert-icon fail-bg">
											<i class="fa fa-times text-white"></i>
										</span>
										<span>GenericSteps.tearDown(Scenario)</span>
									</div>
				<textarea disabled class="code-block">org.openqa.selenium.WebDriverException: chrome not reachable
  (Session info: chrome=79.0.3945.79)
Build info: version: '3.141.59', revision: 'e82be7d358', time: '2018-11-14T08:17:03'
System info: host: 'DESKTOP-NPH96C5', ip: '192.168.178.116', os.name: 'Windows 10', os.arch: 'amd64', os.version: '10.0', java.version: '1.8.0_221'
Driver info: org.openqa.selenium.chrome.ChromeDriver
Capabilities {acceptInsecureCerts: false, browserName: chrome, browserVersion: 79.0.3945.79, chrome: {chromedriverVersion: 79.0.3945.36 (3582db32b3389..., userDataDir: C:\Users\ARPIT-~1\AppData\L...}, goog:chromeOptions: {debuggerAddress: localhost:51977}, javascriptEnabled: true, networkConnectionEnabled: false, pageLoadStrategy: normal, platform: WINDOWS, platformName: WINDOWS, proxy: Proxy(), setWindowRect: true, strictFileInteractability: false, timeouts: {implicit: 0, pageLoad: 300000, script: 30000}, unhandledPromptBehavior: dismiss and notify}
Session ID: 003443e97258d463084caa7ce5aa6401
	at sun.reflect.NativeConstructorAccessorImpl.newInstance0(Native Method)
	at sun.reflect.NativeConstructorAccessorImpl.newInstance(NativeConstructorAccessorImpl.java:62)
	at sun.reflect.DelegatingConstructorAccessorImpl.newInstance(DelegatingConstructorAccessorImpl.java:45)
	at java.lang.reflect.Constructor.newInstance(Constructor.java:423)
	at org.openqa.selenium.remote.http.W3CHttpResponseCodec.createException(W3CHttpResponseCodec.java:187)
	at org.openqa.selenium.remote.http.W3CHttpResponseCodec.decode(W3CHttpResponseCodec.java:122)
	at org.openqa.selenium.remote.http.W3CHttpResponseCodec.decode(W3CHttpResponseCodec.java:49)
	at org.openqa.selenium.remote.HttpCommandExecutor.execute(HttpCommandExecutor.java:158)
	at org.openqa.selenium.remote.service.DriverCommandExecutor.execute(DriverCommandExecutor.java:83)
	at org.openqa.selenium.remote.RemoteWebDriver.execute(RemoteWebDriver.java:552)
	at org.openqa.selenium.remote.RemoteWebDriver.execute(RemoteWebDriver.java:609)
	at org.openqa.selenium.remote.RemoteWebDriver.getScreenshotAs(RemoteWebDriver.java:295)
	at Utility.BaseUtils.captureScreenShot(BaseUtils.java:71)
	at StepDefinitions.GenericSteps.tearDown(GenericSteps.java:41)
	at sun.reflect.NativeMethodAccessorImpl.invoke0(Native Method)
	at sun.reflect.NativeMethodAccessorImpl.invoke(NativeMethodAccessorImpl.java:62)
	at sun.reflect.DelegatingMethodAccessorImpl.invoke(DelegatingMethodAccessorImpl.java:43)
	at java.lang.reflect.Method.invoke(Method.java:498)
	at cucumber.runtime.Utils$1.call(Utils.java:26)
	at cucumber.runtime.Timeout.timeout(Timeout.java:16)
	at cucumber.runtime.Utils.invoke(Utils.java:20)
	at cucumber.runtime.java.JavaHookDefinition.execute(JavaHookDefinition.java:60)
	at cucumber.runner.HookDefinitionMatch.runStep(HookDefinitionMatch.java:16)
	at cucumber.runner.TestStep.executeStep(TestStep.java:65)
	at cucumber.runner.TestStep.run(TestStep.java:50)
	at cucumber.runner.TestCase.run(TestCase.java:50)
	at cucumber.runner.Runner.runPickle(Runner.java:50)
	at cucumber.api.testng.TestNGCucumberRunner.runScenario(TestNGCucumberRunner.java:58)
	at TestRunner.TestRunner.scenario(TestRunner.java:22)
	at sun.reflect.NativeMethodAccessorImpl.invoke0(Native Method)
	at sun.reflect.NativeMethodAccessorImpl.invoke(NativeMethodAccessorImpl.java:62)
	at sun.reflect.DelegatingMethodAccessorImpl.invoke(DelegatingMethodAccessorImpl.java:43)
	at java.lang.reflect.Method.invoke(Method.java:498)
	at org.testng.internal.MethodInvocationHelper.invokeMethod(MethodInvocationHelper.java:124)
	at org.testng.internal.Invoker.invokeMethod(Invoker.java:583)
	at org.testng.internal.Invoker.invokeTestMethod(Invoker.java:719)
	at org.testng.internal.Invoker.invokeTestMethods(Invoker.java:989)
	at org.testng.internal.TestMethodWorker.invokeTestMethods(TestMethodWorker.java:125)
	at org.testng.internal.TestMethodWorker.run(TestMethodWorker.java:109)
	at org.testng.TestRunner.privateRun(TestRunner.java:648)
	at org.testng.TestRunner.run(TestRunner.java:505)
	at org.testng.SuiteRunner.runTest(SuiteRunner.java:455)
	at org.testng.SuiteRunner.runSequentially(SuiteRunner.java:450)
	at org.testng.SuiteRunner.privateRun(SuiteRunner.java:415)
	at org.testng.SuiteRunner.run(SuiteRunner.java:364)
	at org.testng.SuiteRunnerWorker.runSuite(SuiteRunnerWorker.java:52)
	at org.testng.SuiteRunnerWorker.run(SuiteRunnerWorker.java:84)
	at org.testng.TestNG.runSuitesSequentially(TestNG.java:1208)
	at org.testng.TestNG.runSuitesLocally(TestNG.java:1137)
	at org.testng.TestNG.runSuites(TestNG.java:1049)
	at org.testng.TestNG.run(TestNG.java:1017)
	at org.apache.maven.surefire.testng.TestNGExecutor.run(TestNGExecutor.java:77)
	at org.apache.maven.surefire.testng.TestNGDirectoryTestSuite.executeMulti(TestNGDirectoryTestSuite.java:159)
	at org.apache.maven.surefire.testng.TestNGDirectoryTestSuite.execute(TestNGDirectoryTestSuite.java:99)
	at org.apache.maven.surefire.testng.TestNGProvider.invoke(TestNGProvider.java:106)
	at sun.reflect.NativeMethodAccessorImpl.invoke0(Native Method)
	at sun.reflect.NativeMethodAccessorImpl.invoke(NativeMethodAccessorImpl.java:62)
	at sun.reflect.DelegatingMethodAccessorImpl.invoke(DelegatingMethodAccessorImpl.java:43)
	at java.lang.reflect.Method.invoke(Method.java:498)
	at org.apache.maven.surefire.util.ReflectionUtils.invokeMethodWithArray(ReflectionUtils.java:189)
	at org.apache.maven.surefire.booter.ProviderFactory$ProviderProxy.invoke(ProviderFactory.java:165)
	at org.apache.maven.surefire.booter.ProviderFactory.invokeProvider(ProviderFactory.java:85)
	at org.apache.maven.surefire.booter.ForkedBooter.runSuitesInProcess(ForkedBooter.java:115)
	at org.apache.maven.surefire.booter.ForkedBooter.main(ForkedBooter.java:75)
</textarea>
							</div>
						</div>
				</div>
	</div>
	<div class="card">
		<div class="card-header" role="tab">
			<h5 class="card-title pl-3">
				<div class="node">verify user is not able to navigate to registration form without giving valid email id and getting proper error message</div>
				<div class="status-avatar float-left fail-bg">
					<i class="fa fa-times text-white"></i>
				</div>
			</h5>
		</div>
				<div class="collapse scenario_outline">
						<div class="card-body l1">
							<div class="card-header" role="tab">
								<h5 class="card-title outline-child">
									<div class="node">verify user is not able to navigate to registration form without giving valid email id and getting proper error message</div>
									<div class="status-avatar float-left fail-bg">
										<i class="fa fa-times text-white"></i>
									</div>
								</h5>
							</div>
							<div class="card-body collapse mt-3">
									<div class="d-flex align-items-center justify-content-start given" title="GenericSteps.browserISOpenedAndUserIsNavigatedToApplicationUrl()">
										<span class="alert-icon fail-bg">
											<i class="fa fa-times text-white"></i>
										</span>
										<span>Given Browser is opened and user is navigated to application url</span>
									</div>
				<textarea disabled class="code-block">org.openqa.selenium.WebDriverException: chrome not reachable
  (Session info: chrome=79.0.3945.79)
Build info: version: '3.141.59', revision: 'e82be7d358', time: '2018-11-14T08:17:03'
System info: host: 'DESKTOP-NPH96C5', ip: '192.168.178.116', os.name: 'Windows 10', os.arch: 'amd64', os.version: '10.0', java.version: '1.8.0_221'
Driver info: org.openqa.selenium.chrome.ChromeDriver
Capabilities {acceptInsecureCerts: false, browserName: chrome, browserVersion: 79.0.3945.79, chrome: {chromedriverVersion: 79.0.3945.36 (3582db32b3389..., userDataDir: C:\Users\ARPIT-~1\AppData\L...}, goog:chromeOptions: {debuggerAddress: localhost:52005}, javascriptEnabled: true, networkConnectionEnabled: false, pageLoadStrategy: normal, platform: WINDOWS, platformName: WINDOWS, proxy: Proxy(), setWindowRect: true, strictFileInteractability: false, timeouts: {implicit: 0, pageLoad: 300000, script: 30000}, unhandledPromptBehavior: dismiss and notify}
Session ID: 93670ea584814befcee65b23b19ce935
	at sun.reflect.NativeConstructorAccessorImpl.newInstance0(Native Method)
	at sun.reflect.NativeConstructorAccessorImpl.newInstance(NativeConstructorAccessorImpl.java:62)
	at sun.reflect.DelegatingConstructorAccessorImpl.newInstance(DelegatingConstructorAccessorImpl.java:45)
	at java.lang.reflect.Constructor.newInstance(Constructor.java:423)
	at org.openqa.selenium.remote.http.W3CHttpResponseCodec.createException(W3CHttpResponseCodec.java:187)
	at org.openqa.selenium.remote.http.W3CHttpResponseCodec.decode(W3CHttpResponseCodec.java:122)
	at org.openqa.selenium.remote.http.W3CHttpResponseCodec.decode(W3CHttpResponseCodec.java:49)
	at org.openqa.selenium.remote.HttpCommandExecutor.execute(HttpCommandExecutor.java:158)
	at org.openqa.selenium.remote.service.DriverCommandExecutor.execute(DriverCommandExecutor.java:83)
	at org.openqa.selenium.remote.RemoteWebDriver.execute(RemoteWebDriver.java:552)
	at org.openqa.selenium.remote.RemoteWebDriver.execute(RemoteWebDriver.java:609)
	at org.openqa.selenium.remote.RemoteWebDriver$RemoteWebDriverOptions$RemoteWindow.maximize(RemoteWebDriver.java:837)
	at StepDefinitions.GenericSteps.browserISOpenedAndUserIsNavigatedToApplicationUrl(GenericSteps.java:32)
	at ?.Browser is opened and user is navigated to application url(file:src/test/java/Features/ErrorTests.feature:5)
</textarea>
									<div class="d-flex align-items-center justify-content-start when" title="HomeSteps.userClicksOnSignInButton()">
										<span class="alert-icon skip-bg">
											<i class="fa fa-long-arrow-right text-white"></i>
										</span>
										<span>When user clicks on Sign-In Button</span>
									</div>
				<div class="details">Step skipped</div>
									<div class="d-flex align-items-center justify-content-start then" title="GenericSteps.userShouldBeNavigatedToPageWithTitle(String)">
										<span class="alert-icon skip-bg">
											<i class="fa fa-long-arrow-right text-white"></i>
										</span>
										<span>Then user should be navigated to page with title "my HEMA"</span>
									</div>
				<div class="details">Step skipped</div>
									<div class="d-flex align-items-center justify-content-start when" title="RegistrationSteps.userEntersForRegistrationAndClickOnContinue(String)">
										<span class="alert-icon skip-bg">
											<i class="fa fa-long-arrow-right text-white"></i>
										</span>
										<span>When user enters "" for registration and click on continue</span>
									</div>
				<div class="details">Step skipped</div>
									<div class="d-flex align-items-center justify-content-start then" title="RegistrationSteps.errorMessageShouldBeDisplayedForRegistration(String)">
										<span class="alert-icon skip-bg">
											<i class="fa fa-long-arrow-right text-white"></i>
										</span>
										<span>Then error message "enter a valid value" should be displayed for registration</span>
									</div>
				<div class="details">Step skipped</div>
									<div class="d-flex align-items-center justify-content-start asterisk" title="">
										<span class="alert-icon fail-bg">
											<i class="fa fa-times text-white"></i>
										</span>
										<span>GenericSteps.tearDown(Scenario)</span>
									</div>
				<textarea disabled class="code-block">org.openqa.selenium.WebDriverException: chrome not reachable
  (Session info: chrome=79.0.3945.79)
Build info: version: '3.141.59', revision: 'e82be7d358', time: '2018-11-14T08:17:03'
System info: host: 'DESKTOP-NPH96C5', ip: '192.168.178.116', os.name: 'Windows 10', os.arch: 'amd64', os.version: '10.0', java.version: '1.8.0_221'
Driver info: org.openqa.selenium.chrome.ChromeDriver
Capabilities {acceptInsecureCerts: false, browserName: chrome, browserVersion: 79.0.3945.79, chrome: {chromedriverVersion: 79.0.3945.36 (3582db32b3389..., userDataDir: C:\Users\ARPIT-~1\AppData\L...}, goog:chromeOptions: {debuggerAddress: localhost:52005}, javascriptEnabled: true, networkConnectionEnabled: false, pageLoadStrategy: normal, platform: WINDOWS, platformName: WINDOWS, proxy: Proxy(), setWindowRect: true, strictFileInteractability: false, timeouts: {implicit: 0, pageLoad: 300000, script: 30000}, unhandledPromptBehavior: dismiss and notify}
Session ID: 93670ea584814befcee65b23b19ce935
	at sun.reflect.NativeConstructorAccessorImpl.newInstance0(Native Method)
	at sun.reflect.NativeConstructorAccessorImpl.newInstance(NativeConstructorAccessorImpl.java:62)
	at sun.reflect.DelegatingConstructorAccessorImpl.newInstance(DelegatingConstructorAccessorImpl.java:45)
	at java.lang.reflect.Constructor.newInstance(Constructor.java:423)
	at org.openqa.selenium.remote.http.W3CHttpResponseCodec.createException(W3CHttpResponseCodec.java:187)
	at org.openqa.selenium.remote.http.W3CHttpResponseCodec.decode(W3CHttpResponseCodec.java:122)
	at org.openqa.selenium.remote.http.W3CHttpResponseCodec.decode(W3CHttpResponseCodec.java:49)
	at org.openqa.selenium.remote.HttpCommandExecutor.execute(HttpCommandExecutor.java:158)
	at org.openqa.selenium.remote.service.DriverCommandExecutor.execute(DriverCommandExecutor.java:83)
	at org.openqa.selenium.remote.RemoteWebDriver.execute(RemoteWebDriver.java:552)
	at org.openqa.selenium.remote.RemoteWebDriver.execute(RemoteWebDriver.java:609)
	at org.openqa.selenium.remote.RemoteWebDriver.getScreenshotAs(RemoteWebDriver.java:295)
	at Utility.BaseUtils.captureScreenShot(BaseUtils.java:71)
	at StepDefinitions.GenericSteps.tearDown(GenericSteps.java:41)
	at sun.reflect.NativeMethodAccessorImpl.invoke0(Native Method)
	at sun.reflect.NativeMethodAccessorImpl.invoke(NativeMethodAccessorImpl.java:62)
	at sun.reflect.DelegatingMethodAccessorImpl.invoke(DelegatingMethodAccessorImpl.java:43)
	at java.lang.reflect.Method.invoke(Method.java:498)
	at cucumber.runtime.Utils$1.call(Utils.java:26)
	at cucumber.runtime.Timeout.timeout(Timeout.java:16)
	at cucumber.runtime.Utils.invoke(Utils.java:20)
	at cucumber.runtime.java.JavaHookDefinition.execute(JavaHookDefinition.java:60)
	at cucumber.runner.HookDefinitionMatch.runStep(HookDefinitionMatch.java:16)
	at cucumber.runner.TestStep.executeStep(TestStep.java:65)
	at cucumber.runner.TestStep.run(TestStep.java:50)
	at cucumber.runner.TestCase.run(TestCase.java:50)
	at cucumber.runner.Runner.runPickle(Runner.java:50)
	at cucumber.api.testng.TestNGCucumberRunner.runScenario(TestNGCucumberRunner.java:58)
	at TestRunner.TestRunner.scenario(TestRunner.java:22)
	at sun.reflect.NativeMethodAccessorImpl.invoke0(Native Method)
	at sun.reflect.NativeMethodAccessorImpl.invoke(NativeMethodAccessorImpl.java:62)
	at sun.reflect.DelegatingMethodAccessorImpl.invoke(DelegatingMethodAccessorImpl.java:43)
	at java.lang.reflect.Method.invoke(Method.java:498)
	at org.testng.internal.MethodInvocationHelper.invokeMethod(MethodInvocationHelper.java:124)
	at org.testng.internal.Invoker.invokeMethod(Invoker.java:583)
	at org.testng.internal.Invoker.invokeTestMethod(Invoker.java:719)
	at org.testng.internal.Invoker.invokeTestMethods(Invoker.java:989)
	at org.testng.internal.TestMethodWorker.invokeTestMethods(TestMethodWorker.java:125)
	at org.testng.internal.TestMethodWorker.run(TestMethodWorker.java:109)
	at org.testng.TestRunner.privateRun(TestRunner.java:648)
	at org.testng.TestRunner.run(TestRunner.java:505)
	at org.testng.SuiteRunner.runTest(SuiteRunner.java:455)
	at org.testng.SuiteRunner.runSequentially(SuiteRunner.java:450)
	at org.testng.SuiteRunner.privateRun(SuiteRunner.java:415)
	at org.testng.SuiteRunner.run(SuiteRunner.java:364)
	at org.testng.SuiteRunnerWorker.runSuite(SuiteRunnerWorker.java:52)
	at org.testng.SuiteRunnerWorker.run(SuiteRunnerWorker.java:84)
	at org.testng.TestNG.runSuitesSequentially(TestNG.java:1208)
	at org.testng.TestNG.runSuitesLocally(TestNG.java:1137)
	at org.testng.TestNG.runSuites(TestNG.java:1049)
	at org.testng.TestNG.run(TestNG.java:1017)
	at org.apache.maven.surefire.testng.TestNGExecutor.run(TestNGExecutor.java:77)
	at org.apache.maven.surefire.testng.TestNGDirectoryTestSuite.executeMulti(TestNGDirectoryTestSuite.java:159)
	at org.apache.maven.surefire.testng.TestNGDirectoryTestSuite.execute(TestNGDirectoryTestSuite.java:99)
	at org.apache.maven.surefire.testng.TestNGProvider.invoke(TestNGProvider.java:106)
	at sun.reflect.NativeMethodAccessorImpl.invoke0(Native Method)
	at sun.reflect.NativeMethodAccessorImpl.invoke(NativeMethodAccessorImpl.java:62)
	at sun.reflect.DelegatingMethodAccessorImpl.invoke(DelegatingMethodAccessorImpl.java:43)
	at java.lang.reflect.Method.invoke(Method.java:498)
	at org.apache.maven.surefire.util.ReflectionUtils.invokeMethodWithArray(ReflectionUtils.java:189)
	at org.apache.maven.surefire.booter.ProviderFactory$ProviderProxy.invoke(ProviderFactory.java:165)
	at org.apache.maven.surefire.booter.ProviderFactory.invokeProvider(ProviderFactory.java:85)
	at org.apache.maven.surefire.booter.ForkedBooter.runSuitesInProcess(ForkedBooter.java:115)
	at org.apache.maven.surefire.booter.ForkedBooter.main(ForkedBooter.java:75)
</textarea>
							</div>
						</div>
						<div class="card-body l1">
							<div class="card-header" role="tab">
								<h5 class="card-title outline-child">
									<div class="node">verify user is not able to navigate to registration form without giving valid email id and getting proper error message</div>
									<div class="status-avatar float-left fail-bg">
										<i class="fa fa-times text-white"></i>
									</div>
								</h5>
							</div>
							<div class="card-body collapse mt-3">
									<div class="d-flex align-items-center justify-content-start given" title="GenericSteps.browserISOpenedAndUserIsNavigatedToApplicationUrl()">
										<span class="alert-icon fail-bg">
											<i class="fa fa-times text-white"></i>
										</span>
										<span>Given Browser is opened and user is navigated to application url</span>
									</div>
				<textarea disabled class="code-block">org.openqa.selenium.WebDriverException: chrome not reachable
  (Session info: chrome=79.0.3945.79)
Build info: version: '3.141.59', revision: 'e82be7d358', time: '2018-11-14T08:17:03'
System info: host: 'DESKTOP-NPH96C5', ip: '192.168.178.116', os.name: 'Windows 10', os.arch: 'amd64', os.version: '10.0', java.version: '1.8.0_221'
Driver info: org.openqa.selenium.chrome.ChromeDriver
Capabilities {acceptInsecureCerts: false, browserName: chrome, browserVersion: 79.0.3945.79, chrome: {chromedriverVersion: 79.0.3945.36 (3582db32b3389..., userDataDir: C:\Users\ARPIT-~1\AppData\L...}, goog:chromeOptions: {debuggerAddress: localhost:52058}, javascriptEnabled: true, networkConnectionEnabled: false, pageLoadStrategy: normal, platform: WINDOWS, platformName: WINDOWS, proxy: Proxy(), setWindowRect: true, strictFileInteractability: false, timeouts: {implicit: 0, pageLoad: 300000, script: 30000}, unhandledPromptBehavior: dismiss and notify}
Session ID: 5bdae4959ccbefc44128bb952cceb268
	at sun.reflect.NativeConstructorAccessorImpl.newInstance0(Native Method)
	at sun.reflect.NativeConstructorAccessorImpl.newInstance(NativeConstructorAccessorImpl.java:62)
	at sun.reflect.DelegatingConstructorAccessorImpl.newInstance(DelegatingConstructorAccessorImpl.java:45)
	at java.lang.reflect.Constructor.newInstance(Constructor.java:423)
	at org.openqa.selenium.remote.http.W3CHttpResponseCodec.createException(W3CHttpResponseCodec.java:187)
	at org.openqa.selenium.remote.http.W3CHttpResponseCodec.decode(W3CHttpResponseCodec.java:122)
	at org.openqa.selenium.remote.http.W3CHttpResponseCodec.decode(W3CHttpResponseCodec.java:49)
	at org.openqa.selenium.remote.HttpCommandExecutor.execute(HttpCommandExecutor.java:158)
	at org.openqa.selenium.remote.service.DriverCommandExecutor.execute(DriverCommandExecutor.java:83)
	at org.openqa.selenium.remote.RemoteWebDriver.execute(RemoteWebDriver.java:552)
	at org.openqa.selenium.remote.RemoteWebDriver.execute(RemoteWebDriver.java:609)
	at org.openqa.selenium.remote.RemoteWebDriver$RemoteWebDriverOptions$RemoteWindow.maximize(RemoteWebDriver.java:837)
	at StepDefinitions.GenericSteps.browserISOpenedAndUserIsNavigatedToApplicationUrl(GenericSteps.java:32)
	at ?.Browser is opened and user is navigated to application url(file:src/test/java/Features/ErrorTests.feature:5)
</textarea>
									<div class="d-flex align-items-center justify-content-start when" title="HomeSteps.userClicksOnSignInButton()">
										<span class="alert-icon skip-bg">
											<i class="fa fa-long-arrow-right text-white"></i>
										</span>
										<span>When user clicks on Sign-In Button</span>
									</div>
				<div class="details">Step skipped</div>
									<div class="d-flex align-items-center justify-content-start then" title="GenericSteps.userShouldBeNavigatedToPageWithTitle(String)">
										<span class="alert-icon skip-bg">
											<i class="fa fa-long-arrow-right text-white"></i>
										</span>
										<span>Then user should be navigated to page with title "my HEMA"</span>
									</div>
				<div class="details">Step skipped</div>
									<div class="d-flex align-items-center justify-content-start when" title="RegistrationSteps.userEntersForRegistrationAndClickOnContinue(String)">
										<span class="alert-icon skip-bg">
											<i class="fa fa-long-arrow-right text-white"></i>
										</span>
										<span>When user enters "aswd@.com" for registration and click on continue</span>
									</div>
				<div class="details">Step skipped</div>
									<div class="d-flex align-items-center justify-content-start then" title="RegistrationSteps.errorMessageShouldBeDisplayedForRegistration(String)">
										<span class="alert-icon skip-bg">
											<i class="fa fa-long-arrow-right text-white"></i>
										</span>
										<span>Then error message "e-mail address is not valid" should be displayed for registration</span>
									</div>
				<div class="details">Step skipped</div>
									<div class="d-flex align-items-center justify-content-start asterisk" title="">
										<span class="alert-icon fail-bg">
											<i class="fa fa-times text-white"></i>
										</span>
										<span>GenericSteps.tearDown(Scenario)</span>
									</div>
				<textarea disabled class="code-block">org.openqa.selenium.WebDriverException: chrome not reachable
  (Session info: chrome=79.0.3945.79)
Build info: version: '3.141.59', revision: 'e82be7d358', time: '2018-11-14T08:17:03'
System info: host: 'DESKTOP-NPH96C5', ip: '192.168.178.116', os.name: 'Windows 10', os.arch: 'amd64', os.version: '10.0', java.version: '1.8.0_221'
Driver info: org.openqa.selenium.chrome.ChromeDriver
Capabilities {acceptInsecureCerts: false, browserName: chrome, browserVersion: 79.0.3945.79, chrome: {chromedriverVersion: 79.0.3945.36 (3582db32b3389..., userDataDir: C:\Users\ARPIT-~1\AppData\L...}, goog:chromeOptions: {debuggerAddress: localhost:52058}, javascriptEnabled: true, networkConnectionEnabled: false, pageLoadStrategy: normal, platform: WINDOWS, platformName: WINDOWS, proxy: Proxy(), setWindowRect: true, strictFileInteractability: false, timeouts: {implicit: 0, pageLoad: 300000, script: 30000}, unhandledPromptBehavior: dismiss and notify}
Session ID: 5bdae4959ccbefc44128bb952cceb268
	at sun.reflect.NativeConstructorAccessorImpl.newInstance0(Native Method)
	at sun.reflect.NativeConstructorAccessorImpl.newInstance(NativeConstructorAccessorImpl.java:62)
	at sun.reflect.DelegatingConstructorAccessorImpl.newInstance(DelegatingConstructorAccessorImpl.java:45)
	at java.lang.reflect.Constructor.newInstance(Constructor.java:423)
	at org.openqa.selenium.remote.http.W3CHttpResponseCodec.createException(W3CHttpResponseCodec.java:187)
	at org.openqa.selenium.remote.http.W3CHttpResponseCodec.decode(W3CHttpResponseCodec.java:122)
	at org.openqa.selenium.remote.http.W3CHttpResponseCodec.decode(W3CHttpResponseCodec.java:49)
	at org.openqa.selenium.remote.HttpCommandExecutor.execute(HttpCommandExecutor.java:158)
	at org.openqa.selenium.remote.service.DriverCommandExecutor.execute(DriverCommandExecutor.java:83)
	at org.openqa.selenium.remote.RemoteWebDriver.execute(RemoteWebDriver.java:552)
	at org.openqa.selenium.remote.RemoteWebDriver.execute(RemoteWebDriver.java:609)
	at org.openqa.selenium.remote.RemoteWebDriver.getScreenshotAs(RemoteWebDriver.java:295)
	at Utility.BaseUtils.captureScreenShot(BaseUtils.java:71)
	at StepDefinitions.GenericSteps.tearDown(GenericSteps.java:41)
	at sun.reflect.NativeMethodAccessorImpl.invoke0(Native Method)
	at sun.reflect.NativeMethodAccessorImpl.invoke(NativeMethodAccessorImpl.java:62)
	at sun.reflect.DelegatingMethodAccessorImpl.invoke(DelegatingMethodAccessorImpl.java:43)
	at java.lang.reflect.Method.invoke(Method.java:498)
	at cucumber.runtime.Utils$1.call(Utils.java:26)
	at cucumber.runtime.Timeout.timeout(Timeout.java:16)
	at cucumber.runtime.Utils.invoke(Utils.java:20)
	at cucumber.runtime.java.JavaHookDefinition.execute(JavaHookDefinition.java:60)
	at cucumber.runner.HookDefinitionMatch.runStep(HookDefinitionMatch.java:16)
	at cucumber.runner.TestStep.executeStep(TestStep.java:65)
	at cucumber.runner.TestStep.run(TestStep.java:50)
	at cucumber.runner.TestCase.run(TestCase.java:50)
	at cucumber.runner.Runner.runPickle(Runner.java:50)
	at cucumber.api.testng.TestNGCucumberRunner.runScenario(TestNGCucumberRunner.java:58)
	at TestRunner.TestRunner.scenario(TestRunner.java:22)
	at sun.reflect.NativeMethodAccessorImpl.invoke0(Native Method)
	at sun.reflect.NativeMethodAccessorImpl.invoke(NativeMethodAccessorImpl.java:62)
	at sun.reflect.DelegatingMethodAccessorImpl.invoke(DelegatingMethodAccessorImpl.java:43)
	at java.lang.reflect.Method.invoke(Method.java:498)
	at org.testng.internal.MethodInvocationHelper.invokeMethod(MethodInvocationHelper.java:124)
	at org.testng.internal.Invoker.invokeMethod(Invoker.java:583)
	at org.testng.internal.Invoker.invokeTestMethod(Invoker.java:719)
	at org.testng.internal.Invoker.invokeTestMethods(Invoker.java:989)
	at org.testng.internal.TestMethodWorker.invokeTestMethods(TestMethodWorker.java:125)
	at org.testng.internal.TestMethodWorker.run(TestMethodWorker.java:109)
	at org.testng.TestRunner.privateRun(TestRunner.java:648)
	at org.testng.TestRunner.run(TestRunner.java:505)
	at org.testng.SuiteRunner.runTest(SuiteRunner.java:455)
	at org.testng.SuiteRunner.runSequentially(SuiteRunner.java:450)
	at org.testng.SuiteRunner.privateRun(SuiteRunner.java:415)
	at org.testng.SuiteRunner.run(SuiteRunner.java:364)
	at org.testng.SuiteRunnerWorker.runSuite(SuiteRunnerWorker.java:52)
	at org.testng.SuiteRunnerWorker.run(SuiteRunnerWorker.java:84)
	at org.testng.TestNG.runSuitesSequentially(TestNG.java:1208)
	at org.testng.TestNG.runSuitesLocally(TestNG.java:1137)
	at org.testng.TestNG.runSuites(TestNG.java:1049)
	at org.testng.TestNG.run(TestNG.java:1017)
	at org.apache.maven.surefire.testng.TestNGExecutor.run(TestNGExecutor.java:77)
	at org.apache.maven.surefire.testng.TestNGDirectoryTestSuite.executeMulti(TestNGDirectoryTestSuite.java:159)
	at org.apache.maven.surefire.testng.TestNGDirectoryTestSuite.execute(TestNGDirectoryTestSuite.java:99)
	at org.apache.maven.surefire.testng.TestNGProvider.invoke(TestNGProvider.java:106)
	at sun.reflect.NativeMethodAccessorImpl.invoke0(Native Method)
	at sun.reflect.NativeMethodAccessorImpl.invoke(NativeMethodAccessorImpl.java:62)
	at sun.reflect.DelegatingMethodAccessorImpl.invoke(DelegatingMethodAccessorImpl.java:43)
	at java.lang.reflect.Method.invoke(Method.java:498)
	at org.apache.maven.surefire.util.ReflectionUtils.invokeMethodWithArray(ReflectionUtils.java:189)
	at org.apache.maven.surefire.booter.ProviderFactory$ProviderProxy.invoke(ProviderFactory.java:165)
	at org.apache.maven.surefire.booter.ProviderFactory.invokeProvider(ProviderFactory.java:85)
	at org.apache.maven.surefire.booter.ForkedBooter.runSuitesInProcess(ForkedBooter.java:115)
	at org.apache.maven.surefire.booter.ForkedBooter.main(ForkedBooter.java:75)
</textarea>
							</div>
						</div>
				</div>
	</div>
	<div class="card">
		<div class="card-header" role="tab">
			<h5 class="card-title pl-3">
				<div class="node">verify user is not able to register without filling all mandatory field and getting proper error message</div>
				<div class="status-avatar float-left fail-bg">
					<i class="fa fa-times text-white"></i>
				</div>
			</h5>
		</div>
				<div class="collapse scenario_outline">
						<div class="card-body l1">
							<div class="card-header" role="tab">
								<h5 class="card-title outline-child">
									<div class="node">verify user is not able to register without filling all mandatory field and getting proper error message</div>
									<div class="status-avatar float-left fail-bg">
										<i class="fa fa-times text-white"></i>
									</div>
								</h5>
							</div>
							<div class="card-body collapse mt-3">
									<div class="d-flex align-items-center justify-content-start given" title="GenericSteps.browserISOpenedAndUserIsNavigatedToApplicationUrl()">
										<span class="alert-icon fail-bg">
											<i class="fa fa-times text-white"></i>
										</span>
										<span>Given Browser is opened and user is navigated to application url</span>
									</div>
				<textarea disabled class="code-block">org.openqa.selenium.WebDriverException: chrome not reachable
  (Session info: chrome=79.0.3945.79)
Build info: version: '3.141.59', revision: 'e82be7d358', time: '2018-11-14T08:17:03'
System info: host: 'DESKTOP-NPH96C5', ip: '192.168.178.116', os.name: 'Windows 10', os.arch: 'amd64', os.version: '10.0', java.version: '1.8.0_221'
Driver info: org.openqa.selenium.chrome.ChromeDriver
Capabilities {acceptInsecureCerts: false, browserName: chrome, browserVersion: 79.0.3945.79, chrome: {chromedriverVersion: 79.0.3945.36 (3582db32b3389..., userDataDir: C:\Users\ARPIT-~1\AppData\L...}, goog:chromeOptions: {debuggerAddress: localhost:52112}, javascriptEnabled: true, networkConnectionEnabled: false, pageLoadStrategy: normal, platform: WINDOWS, platformName: WINDOWS, proxy: Proxy(), setWindowRect: true, strictFileInteractability: false, timeouts: {implicit: 0, pageLoad: 300000, script: 30000}, unhandledPromptBehavior: dismiss and notify}
Session ID: 283a3f9782234588dac655282384a3fc
	at sun.reflect.NativeConstructorAccessorImpl.newInstance0(Native Method)
	at sun.reflect.NativeConstructorAccessorImpl.newInstance(NativeConstructorAccessorImpl.java:62)
	at sun.reflect.DelegatingConstructorAccessorImpl.newInstance(DelegatingConstructorAccessorImpl.java:45)
	at java.lang.reflect.Constructor.newInstance(Constructor.java:423)
	at org.openqa.selenium.remote.http.W3CHttpResponseCodec.createException(W3CHttpResponseCodec.java:187)
	at org.openqa.selenium.remote.http.W3CHttpResponseCodec.decode(W3CHttpResponseCodec.java:122)
	at org.openqa.selenium.remote.http.W3CHttpResponseCodec.decode(W3CHttpResponseCodec.java:49)
	at org.openqa.selenium.remote.HttpCommandExecutor.execute(HttpCommandExecutor.java:158)
	at org.openqa.selenium.remote.service.DriverCommandExecutor.execute(DriverCommandExecutor.java:83)
	at org.openqa.selenium.remote.RemoteWebDriver.execute(RemoteWebDriver.java:552)
	at org.openqa.selenium.remote.RemoteWebDriver.execute(RemoteWebDriver.java:609)
	at org.openqa.selenium.remote.RemoteWebDriver$RemoteWebDriverOptions$RemoteWindow.maximize(RemoteWebDriver.java:837)
	at StepDefinitions.GenericSteps.browserISOpenedAndUserIsNavigatedToApplicationUrl(GenericSteps.java:32)
	at ?.Browser is opened and user is navigated to application url(file:src/test/java/Features/ErrorTests.feature:5)
</textarea>
									<div class="d-flex align-items-center justify-content-start when" title="HomeSteps.userClicksOnSignInButton()">
										<span class="alert-icon skip-bg">
											<i class="fa fa-long-arrow-right text-white"></i>
										</span>
										<span>When user clicks on Sign-In Button</span>
									</div>
				<div class="details">Step skipped</div>
									<div class="d-flex align-items-center justify-content-start then" title="GenericSteps.userShouldBeNavigatedToPageWithTitle(String)">
										<span class="alert-icon skip-bg">
											<i class="fa fa-long-arrow-right text-white"></i>
										</span>
										<span>Then user should be navigated to page with title "my HEMA"</span>
									</div>
				<div class="details">Step skipped</div>
									<div class="d-flex align-items-center justify-content-start when" title="RegistrationSteps.userEntersValidEmailAddressForRegistrationAndClickOnContinue()">
										<span class="alert-icon skip-bg">
											<i class="fa fa-long-arrow-right text-white"></i>
										</span>
										<span>When user enters valid email address for registration and click on continue</span>
									</div>
				<div class="details">Step skipped</div>
									<div class="d-flex align-items-center justify-content-start then" title="GenericSteps.userShouldBeNavigatedToPageWithTitle(String)">
										<span class="alert-icon skip-bg">
											<i class="fa fa-long-arrow-right text-white"></i>
										</span>
										<span>Then user should be navigated to page with title "register"</span>
									</div>
				<div class="details">Step skipped</div>
									<div class="d-flex align-items-center justify-content-start when" title="RegistrationSteps.userFillInRegistrationFormAndClickOnSignUp(DataTable)">
										<span class="alert-icon skip-bg">
											<i class="fa fa-long-arrow-right text-white"></i>
										</span>
										<span>When user fill in registration form and click on Sign-up</span>
									</div>
				<div class="details"><table class='runtime-table table-striped table'><tr><td>Mr</td><td></td><td>Roy</td><td>Address</td><td>post</td><td>Amsterdam</td><td>Asdf@1234</td></tr></table></div>
				<div class="details">Step skipped</div>
									<div class="d-flex align-items-center justify-content-start then" title="RegistrationSteps.errorMessageShouldBeDisplayedForRegistrationForm(String)">
										<span class="alert-icon skip-bg">
											<i class="fa fa-long-arrow-right text-white"></i>
										</span>
										<span>Then error message "some information below is incomplete or must be corrected" should be displayed for registration form</span>
									</div>
				<div class="details">Step skipped</div>
									<div class="d-flex align-items-center justify-content-start asterisk" title="">
										<span class="alert-icon fail-bg">
											<i class="fa fa-times text-white"></i>
										</span>
										<span>GenericSteps.tearDown(Scenario)</span>
									</div>
				<textarea disabled class="code-block">org.openqa.selenium.WebDriverException: chrome not reachable
  (Session info: chrome=79.0.3945.79)
Build info: version: '3.141.59', revision: 'e82be7d358', time: '2018-11-14T08:17:03'
System info: host: 'DESKTOP-NPH96C5', ip: '192.168.178.116', os.name: 'Windows 10', os.arch: 'amd64', os.version: '10.0', java.version: '1.8.0_221'
Driver info: org.openqa.selenium.chrome.ChromeDriver
Capabilities {acceptInsecureCerts: false, browserName: chrome, browserVersion: 79.0.3945.79, chrome: {chromedriverVersion: 79.0.3945.36 (3582db32b3389..., userDataDir: C:\Users\ARPIT-~1\AppData\L...}, goog:chromeOptions: {debuggerAddress: localhost:52112}, javascriptEnabled: true, networkConnectionEnabled: false, pageLoadStrategy: normal, platform: WINDOWS, platformName: WINDOWS, proxy: Proxy(), setWindowRect: true, strictFileInteractability: false, timeouts: {implicit: 0, pageLoad: 300000, script: 30000}, unhandledPromptBehavior: dismiss and notify}
Session ID: 283a3f9782234588dac655282384a3fc
	at sun.reflect.NativeConstructorAccessorImpl.newInstance0(Native Method)
	at sun.reflect.NativeConstructorAccessorImpl.newInstance(NativeConstructorAccessorImpl.java:62)
	at sun.reflect.DelegatingConstructorAccessorImpl.newInstance(DelegatingConstructorAccessorImpl.java:45)
	at java.lang.reflect.Constructor.newInstance(Constructor.java:423)
	at org.openqa.selenium.remote.http.W3CHttpResponseCodec.createException(W3CHttpResponseCodec.java:187)
	at org.openqa.selenium.remote.http.W3CHttpResponseCodec.decode(W3CHttpResponseCodec.java:122)
	at org.openqa.selenium.remote.http.W3CHttpResponseCodec.decode(W3CHttpResponseCodec.java:49)
	at org.openqa.selenium.remote.HttpCommandExecutor.execute(HttpCommandExecutor.java:158)
	at org.openqa.selenium.remote.service.DriverCommandExecutor.execute(DriverCommandExecutor.java:83)
	at org.openqa.selenium.remote.RemoteWebDriver.execute(RemoteWebDriver.java:552)
	at org.openqa.selenium.remote.RemoteWebDriver.execute(RemoteWebDriver.java:609)
	at org.openqa.selenium.remote.RemoteWebDriver.getScreenshotAs(RemoteWebDriver.java:295)
	at Utility.BaseUtils.captureScreenShot(BaseUtils.java:71)
	at StepDefinitions.GenericSteps.tearDown(GenericSteps.java:41)
	at sun.reflect.NativeMethodAccessorImpl.invoke0(Native Method)
	at sun.reflect.NativeMethodAccessorImpl.invoke(NativeMethodAccessorImpl.java:62)
	at sun.reflect.DelegatingMethodAccessorImpl.invoke(DelegatingMethodAccessorImpl.java:43)
	at java.lang.reflect.Method.invoke(Method.java:498)
	at cucumber.runtime.Utils$1.call(Utils.java:26)
	at cucumber.runtime.Timeout.timeout(Timeout.java:16)
	at cucumber.runtime.Utils.invoke(Utils.java:20)
	at cucumber.runtime.java.JavaHookDefinition.execute(JavaHookDefinition.java:60)
	at cucumber.runner.HookDefinitionMatch.runStep(HookDefinitionMatch.java:16)
	at cucumber.runner.TestStep.executeStep(TestStep.java:65)
	at cucumber.runner.TestStep.run(TestStep.java:50)
	at cucumber.runner.TestCase.run(TestCase.java:50)
	at cucumber.runner.Runner.runPickle(Runner.java:50)
	at cucumber.api.testng.TestNGCucumberRunner.runScenario(TestNGCucumberRunner.java:58)
	at TestRunner.TestRunner.scenario(TestRunner.java:22)
	at sun.reflect.NativeMethodAccessorImpl.invoke0(Native Method)
	at sun.reflect.NativeMethodAccessorImpl.invoke(NativeMethodAccessorImpl.java:62)
	at sun.reflect.DelegatingMethodAccessorImpl.invoke(DelegatingMethodAccessorImpl.java:43)
	at java.lang.reflect.Method.invoke(Method.java:498)
	at org.testng.internal.MethodInvocationHelper.invokeMethod(MethodInvocationHelper.java:124)
	at org.testng.internal.Invoker.invokeMethod(Invoker.java:583)
	at org.testng.internal.Invoker.invokeTestMethod(Invoker.java:719)
	at org.testng.internal.Invoker.invokeTestMethods(Invoker.java:989)
	at org.testng.internal.TestMethodWorker.invokeTestMethods(TestMethodWorker.java:125)
	at org.testng.internal.TestMethodWorker.run(TestMethodWorker.java:109)
	at org.testng.TestRunner.privateRun(TestRunner.java:648)
	at org.testng.TestRunner.run(TestRunner.java:505)
	at org.testng.SuiteRunner.runTest(SuiteRunner.java:455)
	at org.testng.SuiteRunner.runSequentially(SuiteRunner.java:450)
	at org.testng.SuiteRunner.privateRun(SuiteRunner.java:415)
	at org.testng.SuiteRunner.run(SuiteRunner.java:364)
	at org.testng.SuiteRunnerWorker.runSuite(SuiteRunnerWorker.java:52)
	at org.testng.SuiteRunnerWorker.run(SuiteRunnerWorker.java:84)
	at org.testng.TestNG.runSuitesSequentially(TestNG.java:1208)
	at org.testng.TestNG.runSuitesLocally(TestNG.java:1137)
	at org.testng.TestNG.runSuites(TestNG.java:1049)
	at org.testng.TestNG.run(TestNG.java:1017)
	at org.apache.maven.surefire.testng.TestNGExecutor.run(TestNGExecutor.java:77)
	at org.apache.maven.surefire.testng.TestNGDirectoryTestSuite.executeMulti(TestNGDirectoryTestSuite.java:159)
	at org.apache.maven.surefire.testng.TestNGDirectoryTestSuite.execute(TestNGDirectoryTestSuite.java:99)
	at org.apache.maven.surefire.testng.TestNGProvider.invoke(TestNGProvider.java:106)
	at sun.reflect.NativeMethodAccessorImpl.invoke0(Native Method)
	at sun.reflect.NativeMethodAccessorImpl.invoke(NativeMethodAccessorImpl.java:62)
	at sun.reflect.DelegatingMethodAccessorImpl.invoke(DelegatingMethodAccessorImpl.java:43)
	at java.lang.reflect.Method.invoke(Method.java:498)
	at org.apache.maven.surefire.util.ReflectionUtils.invokeMethodWithArray(ReflectionUtils.java:189)
	at org.apache.maven.surefire.booter.ProviderFactory$ProviderProxy.invoke(ProviderFactory.java:165)
	at org.apache.maven.surefire.booter.ProviderFactory.invokeProvider(ProviderFactory.java:85)
	at org.apache.maven.surefire.booter.ForkedBooter.runSuitesInProcess(ForkedBooter.java:115)
	at org.apache.maven.surefire.booter.ForkedBooter.main(ForkedBooter.java:75)
</textarea>
							</div>
						</div>
						<div class="card-body l1">
							<div class="card-header" role="tab">
								<h5 class="card-title outline-child">
									<div class="node">verify user is not able to register without filling all mandatory field and getting proper error message</div>
									<div class="status-avatar float-left fail-bg">
										<i class="fa fa-times text-white"></i>
									</div>
								</h5>
							</div>
							<div class="card-body collapse mt-3">
									<div class="d-flex align-items-center justify-content-start given" title="GenericSteps.browserISOpenedAndUserIsNavigatedToApplicationUrl()">
										<span class="alert-icon fail-bg">
											<i class="fa fa-times text-white"></i>
										</span>
										<span>Given Browser is opened and user is navigated to application url</span>
									</div>
				<textarea disabled class="code-block">org.openqa.selenium.WebDriverException: chrome not reachable
  (Session info: chrome=79.0.3945.79)
Build info: version: '3.141.59', revision: 'e82be7d358', time: '2018-11-14T08:17:03'
System info: host: 'DESKTOP-NPH96C5', ip: '192.168.178.116', os.name: 'Windows 10', os.arch: 'amd64', os.version: '10.0', java.version: '1.8.0_221'
Driver info: org.openqa.selenium.chrome.ChromeDriver
Capabilities {acceptInsecureCerts: false, browserName: chrome, browserVersion: 79.0.3945.79, chrome: {chromedriverVersion: 79.0.3945.36 (3582db32b3389..., userDataDir: C:\Users\ARPIT-~1\AppData\L...}, goog:chromeOptions: {debuggerAddress: localhost:52180}, javascriptEnabled: true, networkConnectionEnabled: false, pageLoadStrategy: normal, platform: WINDOWS, platformName: WINDOWS, proxy: Proxy(), setWindowRect: true, strictFileInteractability: false, timeouts: {implicit: 0, pageLoad: 300000, script: 30000}, unhandledPromptBehavior: dismiss and notify}
Session ID: 8ccbb21d0657bfca0f7d2ae0c8aaaa64
	at sun.reflect.NativeConstructorAccessorImpl.newInstance0(Native Method)
	at sun.reflect.NativeConstructorAccessorImpl.newInstance(NativeConstructorAccessorImpl.java:62)
	at sun.reflect.DelegatingConstructorAccessorImpl.newInstance(DelegatingConstructorAccessorImpl.java:45)
	at java.lang.reflect.Constructor.newInstance(Constructor.java:423)
	at org.openqa.selenium.remote.http.W3CHttpResponseCodec.createException(W3CHttpResponseCodec.java:187)
	at org.openqa.selenium.remote.http.W3CHttpResponseCodec.decode(W3CHttpResponseCodec.java:122)
	at org.openqa.selenium.remote.http.W3CHttpResponseCodec.decode(W3CHttpResponseCodec.java:49)
	at org.openqa.selenium.remote.HttpCommandExecutor.execute(HttpCommandExecutor.java:158)
	at org.openqa.selenium.remote.service.DriverCommandExecutor.execute(DriverCommandExecutor.java:83)
	at org.openqa.selenium.remote.RemoteWebDriver.execute(RemoteWebDriver.java:552)
	at org.openqa.selenium.remote.RemoteWebDriver.execute(RemoteWebDriver.java:609)
	at org.openqa.selenium.remote.RemoteWebDriver$RemoteWebDriverOptions$RemoteWindow.maximize(RemoteWebDriver.java:837)
	at StepDefinitions.GenericSteps.browserISOpenedAndUserIsNavigatedToApplicationUrl(GenericSteps.java:32)
	at ?.Browser is opened and user is navigated to application url(file:src/test/java/Features/ErrorTests.feature:5)
</textarea>
									<div class="d-flex align-items-center justify-content-start when" title="HomeSteps.userClicksOnSignInButton()">
										<span class="alert-icon skip-bg">
											<i class="fa fa-long-arrow-right text-white"></i>
										</span>
										<span>When user clicks on Sign-In Button</span>
									</div>
				<div class="details">Step skipped</div>
									<div class="d-flex align-items-center justify-content-start then" title="GenericSteps.userShouldBeNavigatedToPageWithTitle(String)">
										<span class="alert-icon skip-bg">
											<i class="fa fa-long-arrow-right text-white"></i>
										</span>
										<span>Then user should be navigated to page with title "my HEMA"</span>
									</div>
				<div class="details">Step skipped</div>
									<div class="d-flex align-items-center justify-content-start when" title="RegistrationSteps.userEntersValidEmailAddressForRegistrationAndClickOnContinue()">
										<span class="alert-icon skip-bg">
											<i class="fa fa-long-arrow-right text-white"></i>
										</span>
										<span>When user enters valid email address for registration and click on continue</span>
									</div>
				<div class="details">Step skipped</div>
									<div class="d-flex align-items-center justify-content-start then" title="GenericSteps.userShouldBeNavigatedToPageWithTitle(String)">
										<span class="alert-icon skip-bg">
											<i class="fa fa-long-arrow-right text-white"></i>
										</span>
										<span>Then user should be navigated to page with title "register"</span>
									</div>
				<div class="details">Step skipped</div>
									<div class="d-flex align-items-center justify-content-start when" title="RegistrationSteps.userFillInRegistrationFormAndClickOnSignUp(DataTable)">
										<span class="alert-icon skip-bg">
											<i class="fa fa-long-arrow-right text-white"></i>
										</span>
										<span>When user fill in registration form and click on Sign-up</span>
									</div>
				<div class="details"><table class='runtime-table table-striped table'><tr><td>Mr</td><td>Jason</td><td></td><td>Address</td><td>post</td><td>Amsterdam</td><td>Asdf@1234</td></tr></table></div>
				<div class="details">Step skipped</div>
									<div class="d-flex align-items-center justify-content-start then" title="RegistrationSteps.errorMessageShouldBeDisplayedForRegistrationForm(String)">
										<span class="alert-icon skip-bg">
											<i class="fa fa-long-arrow-right text-white"></i>
										</span>
										<span>Then error message "some information below is incomplete or must be corrected" should be displayed for registration form</span>
									</div>
				<div class="details">Step skipped</div>
									<div class="d-flex align-items-center justify-content-start asterisk" title="">
										<span class="alert-icon fail-bg">
											<i class="fa fa-times text-white"></i>
										</span>
										<span>GenericSteps.tearDown(Scenario)</span>
									</div>
				<textarea disabled class="code-block">org.openqa.selenium.WebDriverException: chrome not reachable
  (Session info: chrome=79.0.3945.79)
Build info: version: '3.141.59', revision: 'e82be7d358', time: '2018-11-14T08:17:03'
System info: host: 'DESKTOP-NPH96C5', ip: '192.168.178.116', os.name: 'Windows 10', os.arch: 'amd64', os.version: '10.0', java.version: '1.8.0_221'
Driver info: org.openqa.selenium.chrome.ChromeDriver
Capabilities {acceptInsecureCerts: false, browserName: chrome, browserVersion: 79.0.3945.79, chrome: {chromedriverVersion: 79.0.3945.36 (3582db32b3389..., userDataDir: C:\Users\ARPIT-~1\AppData\L...}, goog:chromeOptions: {debuggerAddress: localhost:52180}, javascriptEnabled: true, networkConnectionEnabled: false, pageLoadStrategy: normal, platform: WINDOWS, platformName: WINDOWS, proxy: Proxy(), setWindowRect: true, strictFileInteractability: false, timeouts: {implicit: 0, pageLoad: 300000, script: 30000}, unhandledPromptBehavior: dismiss and notify}
Session ID: 8ccbb21d0657bfca0f7d2ae0c8aaaa64
	at sun.reflect.NativeConstructorAccessorImpl.newInstance0(Native Method)
	at sun.reflect.NativeConstructorAccessorImpl.newInstance(NativeConstructorAccessorImpl.java:62)
	at sun.reflect.DelegatingConstructorAccessorImpl.newInstance(DelegatingConstructorAccessorImpl.java:45)
	at java.lang.reflect.Constructor.newInstance(Constructor.java:423)
	at org.openqa.selenium.remote.http.W3CHttpResponseCodec.createException(W3CHttpResponseCodec.java:187)
	at org.openqa.selenium.remote.http.W3CHttpResponseCodec.decode(W3CHttpResponseCodec.java:122)
	at org.openqa.selenium.remote.http.W3CHttpResponseCodec.decode(W3CHttpResponseCodec.java:49)
	at org.openqa.selenium.remote.HttpCommandExecutor.execute(HttpCommandExecutor.java:158)
	at org.openqa.selenium.remote.service.DriverCommandExecutor.execute(DriverCommandExecutor.java:83)
	at org.openqa.selenium.remote.RemoteWebDriver.execute(RemoteWebDriver.java:552)
	at org.openqa.selenium.remote.RemoteWebDriver.execute(RemoteWebDriver.java:609)
	at org.openqa.selenium.remote.RemoteWebDriver.getScreenshotAs(RemoteWebDriver.java:295)
	at Utility.BaseUtils.captureScreenShot(BaseUtils.java:71)
	at StepDefinitions.GenericSteps.tearDown(GenericSteps.java:41)
	at sun.reflect.NativeMethodAccessorImpl.invoke0(Native Method)
	at sun.reflect.NativeMethodAccessorImpl.invoke(NativeMethodAccessorImpl.java:62)
	at sun.reflect.DelegatingMethodAccessorImpl.invoke(DelegatingMethodAccessorImpl.java:43)
	at java.lang.reflect.Method.invoke(Method.java:498)
	at cucumber.runtime.Utils$1.call(Utils.java:26)
	at cucumber.runtime.Timeout.timeout(Timeout.java:16)
	at cucumber.runtime.Utils.invoke(Utils.java:20)
	at cucumber.runtime.java.JavaHookDefinition.execute(JavaHookDefinition.java:60)
	at cucumber.runner.HookDefinitionMatch.runStep(HookDefinitionMatch.java:16)
	at cucumber.runner.TestStep.executeStep(TestStep.java:65)
	at cucumber.runner.TestStep.run(TestStep.java:50)
	at cucumber.runner.TestCase.run(TestCase.java:50)
	at cucumber.runner.Runner.runPickle(Runner.java:50)
	at cucumber.api.testng.TestNGCucumberRunner.runScenario(TestNGCucumberRunner.java:58)
	at TestRunner.TestRunner.scenario(TestRunner.java:22)
	at sun.reflect.NativeMethodAccessorImpl.invoke0(Native Method)
	at sun.reflect.NativeMethodAccessorImpl.invoke(NativeMethodAccessorImpl.java:62)
	at sun.reflect.DelegatingMethodAccessorImpl.invoke(DelegatingMethodAccessorImpl.java:43)
	at java.lang.reflect.Method.invoke(Method.java:498)
	at org.testng.internal.MethodInvocationHelper.invokeMethod(MethodInvocationHelper.java:124)
	at org.testng.internal.Invoker.invokeMethod(Invoker.java:583)
	at org.testng.internal.Invoker.invokeTestMethod(Invoker.java:719)
	at org.testng.internal.Invoker.invokeTestMethods(Invoker.java:989)
	at org.testng.internal.TestMethodWorker.invokeTestMethods(TestMethodWorker.java:125)
	at org.testng.internal.TestMethodWorker.run(TestMethodWorker.java:109)
	at org.testng.TestRunner.privateRun(TestRunner.java:648)
	at org.testng.TestRunner.run(TestRunner.java:505)
	at org.testng.SuiteRunner.runTest(SuiteRunner.java:455)
	at org.testng.SuiteRunner.runSequentially(SuiteRunner.java:450)
	at org.testng.SuiteRunner.privateRun(SuiteRunner.java:415)
	at org.testng.SuiteRunner.run(SuiteRunner.java:364)
	at org.testng.SuiteRunnerWorker.runSuite(SuiteRunnerWorker.java:52)
	at org.testng.SuiteRunnerWorker.run(SuiteRunnerWorker.java:84)
	at org.testng.TestNG.runSuitesSequentially(TestNG.java:1208)
	at org.testng.TestNG.runSuitesLocally(TestNG.java:1137)
	at org.testng.TestNG.runSuites(TestNG.java:1049)
	at org.testng.TestNG.run(TestNG.java:1017)
	at org.apache.maven.surefire.testng.TestNGExecutor.run(TestNGExecutor.java:77)
	at org.apache.maven.surefire.testng.TestNGDirectoryTestSuite.executeMulti(TestNGDirectoryTestSuite.java:159)
	at org.apache.maven.surefire.testng.TestNGDirectoryTestSuite.execute(TestNGDirectoryTestSuite.java:99)
	at org.apache.maven.surefire.testng.TestNGProvider.invoke(TestNGProvider.java:106)
	at sun.reflect.NativeMethodAccessorImpl.invoke0(Native Method)
	at sun.reflect.NativeMethodAccessorImpl.invoke(NativeMethodAccessorImpl.java:62)
	at sun.reflect.DelegatingMethodAccessorImpl.invoke(DelegatingMethodAccessorImpl.java:43)
	at java.lang.reflect.Method.invoke(Method.java:498)
	at org.apache.maven.surefire.util.ReflectionUtils.invokeMethodWithArray(ReflectionUtils.java:189)
	at org.apache.maven.surefire.booter.ProviderFactory$ProviderProxy.invoke(ProviderFactory.java:165)
	at org.apache.maven.surefire.booter.ProviderFactory.invokeProvider(ProviderFactory.java:85)
	at org.apache.maven.surefire.booter.ForkedBooter.runSuitesInProcess(ForkedBooter.java:115)
	at org.apache.maven.surefire.booter.ForkedBooter.main(ForkedBooter.java:75)
</textarea>
							</div>
						</div>
						<div class="card-body l1">
							<div class="card-header" role="tab">
								<h5 class="card-title outline-child">
									<div class="node">verify user is not able to register without filling all mandatory field and getting proper error message</div>
									<div class="status-avatar float-left fail-bg">
										<i class="fa fa-times text-white"></i>
									</div>
								</h5>
							</div>
							<div class="card-body collapse mt-3">
									<div class="d-flex align-items-center justify-content-start given" title="GenericSteps.browserISOpenedAndUserIsNavigatedToApplicationUrl()">
										<span class="alert-icon fail-bg">
											<i class="fa fa-times text-white"></i>
										</span>
										<span>Given Browser is opened and user is navigated to application url</span>
									</div>
				<textarea disabled class="code-block">org.openqa.selenium.WebDriverException: unknown error: cannot determine loading status
from disconnected: received Inspector.detached event
  (Session info: chrome=79.0.3945.79)
Build info: version: '3.141.59', revision: 'e82be7d358', time: '2018-11-14T08:17:03'
System info: host: 'DESKTOP-NPH96C5', ip: '192.168.178.116', os.name: 'Windows 10', os.arch: 'amd64', os.version: '10.0', java.version: '1.8.0_221'
Driver info: org.openqa.selenium.chrome.ChromeDriver
Capabilities {acceptInsecureCerts: false, browserName: chrome, browserVersion: 79.0.3945.79, chrome: {chromedriverVersion: 79.0.3945.36 (3582db32b3389..., userDataDir: C:\Users\ARPIT-~1\AppData\L...}, goog:chromeOptions: {debuggerAddress: localhost:52252}, javascriptEnabled: true, networkConnectionEnabled: false, pageLoadStrategy: normal, platform: WINDOWS, platformName: WINDOWS, proxy: Proxy(), setWindowRect: true, strictFileInteractability: false, timeouts: {implicit: 0, pageLoad: 300000, script: 30000}, unhandledPromptBehavior: dismiss and notify}
Session ID: af1912ffce6a700f30b78335d73ae507
	at sun.reflect.NativeConstructorAccessorImpl.newInstance0(Native Method)
	at sun.reflect.NativeConstructorAccessorImpl.newInstance(NativeConstructorAccessorImpl.java:62)
	at sun.reflect.DelegatingConstructorAccessorImpl.newInstance(DelegatingConstructorAccessorImpl.java:45)
	at java.lang.reflect.Constructor.newInstance(Constructor.java:423)
	at org.openqa.selenium.remote.http.W3CHttpResponseCodec.createException(W3CHttpResponseCodec.java:187)
	at org.openqa.selenium.remote.http.W3CHttpResponseCodec.decode(W3CHttpResponseCodec.java:122)
	at org.openqa.selenium.remote.http.W3CHttpResponseCodec.decode(W3CHttpResponseCodec.java:49)
	at org.openqa.selenium.remote.HttpCommandExecutor.execute(HttpCommandExecutor.java:158)
	at org.openqa.selenium.remote.service.DriverCommandExecutor.execute(DriverCommandExecutor.java:83)
	at org.openqa.selenium.remote.RemoteWebDriver.execute(RemoteWebDriver.java:552)
	at org.openqa.selenium.remote.RemoteWebDriver.get(RemoteWebDriver.java:277)
	at StepDefinitions.GenericSteps.browserISOpenedAndUserIsNavigatedToApplicationUrl(GenericSteps.java:31)
	at ?.Browser is opened and user is navigated to application url(file:src/test/java/Features/ErrorTests.feature:5)
</textarea>
									<div class="d-flex align-items-center justify-content-start when" title="HomeSteps.userClicksOnSignInButton()">
										<span class="alert-icon skip-bg">
											<i class="fa fa-long-arrow-right text-white"></i>
										</span>
										<span>When user clicks on Sign-In Button</span>
									</div>
				<div class="details">Step skipped</div>
									<div class="d-flex align-items-center justify-content-start then" title="GenericSteps.userShouldBeNavigatedToPageWithTitle(String)">
										<span class="alert-icon skip-bg">
											<i class="fa fa-long-arrow-right text-white"></i>
										</span>
										<span>Then user should be navigated to page with title "my HEMA"</span>
									</div>
				<div class="details">Step skipped</div>
									<div class="d-flex align-items-center justify-content-start when" title="RegistrationSteps.userEntersValidEmailAddressForRegistrationAndClickOnContinue()">
										<span class="alert-icon skip-bg">
											<i class="fa fa-long-arrow-right text-white"></i>
										</span>
										<span>When user enters valid email address for registration and click on continue</span>
									</div>
				<div class="details">Step skipped</div>
									<div class="d-flex align-items-center justify-content-start then" title="GenericSteps.userShouldBeNavigatedToPageWithTitle(String)">
										<span class="alert-icon skip-bg">
											<i class="fa fa-long-arrow-right text-white"></i>
										</span>
										<span>Then user should be navigated to page with title "register"</span>
									</div>
				<div class="details">Step skipped</div>
									<div class="d-flex align-items-center justify-content-start when" title="RegistrationSteps.userFillInRegistrationFormAndClickOnSignUp(DataTable)">
										<span class="alert-icon skip-bg">
											<i class="fa fa-long-arrow-right text-white"></i>
										</span>
										<span>When user fill in registration form and click on Sign-up</span>
									</div>
				<div class="details"><table class='runtime-table table-striped table'><tr><td>Mr</td><td>Jason</td><td>Roy</td><td></td><td>post</td><td>Amsterdam</td><td>Asdf@1234</td></tr></table></div>
				<div class="details">Step skipped</div>
									<div class="d-flex align-items-center justify-content-start then" title="RegistrationSteps.errorMessageShouldBeDisplayedForRegistrationForm(String)">
										<span class="alert-icon skip-bg">
											<i class="fa fa-long-arrow-right text-white"></i>
										</span>
										<span>Then error message "some information below is incomplete or must be corrected" should be displayed for registration form</span>
									</div>
				<div class="details">Step skipped</div>
									<div class="d-flex align-items-center justify-content-start asterisk" title="">
										<span class="alert-icon fail-bg">
											<i class="fa fa-times text-white"></i>
										</span>
										<span>GenericSteps.tearDown(Scenario)</span>
									</div>
				<textarea disabled class="code-block">org.openqa.selenium.WebDriverException: chrome not reachable
  (Session info: chrome=79.0.3945.79)
Build info: version: '3.141.59', revision: 'e82be7d358', time: '2018-11-14T08:17:03'
System info: host: 'DESKTOP-NPH96C5', ip: '192.168.178.116', os.name: 'Windows 10', os.arch: 'amd64', os.version: '10.0', java.version: '1.8.0_221'
Driver info: org.openqa.selenium.chrome.ChromeDriver
Capabilities {acceptInsecureCerts: false, browserName: chrome, browserVersion: 79.0.3945.79, chrome: {chromedriverVersion: 79.0.3945.36 (3582db32b3389..., userDataDir: C:\Users\ARPIT-~1\AppData\L...}, goog:chromeOptions: {debuggerAddress: localhost:52252}, javascriptEnabled: true, networkConnectionEnabled: false, pageLoadStrategy: normal, platform: WINDOWS, platformName: WINDOWS, proxy: Proxy(), setWindowRect: true, strictFileInteractability: false, timeouts: {implicit: 0, pageLoad: 300000, script: 30000}, unhandledPromptBehavior: dismiss and notify}
Session ID: af1912ffce6a700f30b78335d73ae507
	at sun.reflect.NativeConstructorAccessorImpl.newInstance0(Native Method)
	at sun.reflect.NativeConstructorAccessorImpl.newInstance(NativeConstructorAccessorImpl.java:62)
	at sun.reflect.DelegatingConstructorAccessorImpl.newInstance(DelegatingConstructorAccessorImpl.java:45)
	at java.lang.reflect.Constructor.newInstance(Constructor.java:423)
	at org.openqa.selenium.remote.http.W3CHttpResponseCodec.createException(W3CHttpResponseCodec.java:187)
	at org.openqa.selenium.remote.http.W3CHttpResponseCodec.decode(W3CHttpResponseCodec.java:122)
	at org.openqa.selenium.remote.http.W3CHttpResponseCodec.decode(W3CHttpResponseCodec.java:49)
	at org.openqa.selenium.remote.HttpCommandExecutor.execute(HttpCommandExecutor.java:158)
	at org.openqa.selenium.remote.service.DriverCommandExecutor.execute(DriverCommandExecutor.java:83)
	at org.openqa.selenium.remote.RemoteWebDriver.execute(RemoteWebDriver.java:552)
	at org.openqa.selenium.remote.RemoteWebDriver.execute(RemoteWebDriver.java:609)
	at org.openqa.selenium.remote.RemoteWebDriver.getScreenshotAs(RemoteWebDriver.java:295)
	at Utility.BaseUtils.captureScreenShot(BaseUtils.java:71)
	at StepDefinitions.GenericSteps.tearDown(GenericSteps.java:41)
	at sun.reflect.NativeMethodAccessorImpl.invoke0(Native Method)
	at sun.reflect.NativeMethodAccessorImpl.invoke(NativeMethodAccessorImpl.java:62)
	at sun.reflect.DelegatingMethodAccessorImpl.invoke(DelegatingMethodAccessorImpl.java:43)
	at java.lang.reflect.Method.invoke(Method.java:498)
	at cucumber.runtime.Utils$1.call(Utils.java:26)
	at cucumber.runtime.Timeout.timeout(Timeout.java:16)
	at cucumber.runtime.Utils.invoke(Utils.java:20)
	at cucumber.runtime.java.JavaHookDefinition.execute(JavaHookDefinition.java:60)
	at cucumber.runner.HookDefinitionMatch.runStep(HookDefinitionMatch.java:16)
	at cucumber.runner.TestStep.executeStep(TestStep.java:65)
	at cucumber.runner.TestStep.run(TestStep.java:50)
	at cucumber.runner.TestCase.run(TestCase.java:50)
	at cucumber.runner.Runner.runPickle(Runner.java:50)
	at cucumber.api.testng.TestNGCucumberRunner.runScenario(TestNGCucumberRunner.java:58)
	at TestRunner.TestRunner.scenario(TestRunner.java:22)
	at sun.reflect.NativeMethodAccessorImpl.invoke0(Native Method)
	at sun.reflect.NativeMethodAccessorImpl.invoke(NativeMethodAccessorImpl.java:62)
	at sun.reflect.DelegatingMethodAccessorImpl.invoke(DelegatingMethodAccessorImpl.java:43)
	at java.lang.reflect.Method.invoke(Method.java:498)
	at org.testng.internal.MethodInvocationHelper.invokeMethod(MethodInvocationHelper.java:124)
	at org.testng.internal.Invoker.invokeMethod(Invoker.java:583)
	at org.testng.internal.Invoker.invokeTestMethod(Invoker.java:719)
	at org.testng.internal.Invoker.invokeTestMethods(Invoker.java:989)
	at org.testng.internal.TestMethodWorker.invokeTestMethods(TestMethodWorker.java:125)
	at org.testng.internal.TestMethodWorker.run(TestMethodWorker.java:109)
	at org.testng.TestRunner.privateRun(TestRunner.java:648)
	at org.testng.TestRunner.run(TestRunner.java:505)
	at org.testng.SuiteRunner.runTest(SuiteRunner.java:455)
	at org.testng.SuiteRunner.runSequentially(SuiteRunner.java:450)
	at org.testng.SuiteRunner.privateRun(SuiteRunner.java:415)
	at org.testng.SuiteRunner.run(SuiteRunner.java:364)
	at org.testng.SuiteRunnerWorker.runSuite(SuiteRunnerWorker.java:52)
	at org.testng.SuiteRunnerWorker.run(SuiteRunnerWorker.java:84)
	at org.testng.TestNG.runSuitesSequentially(TestNG.java:1208)
	at org.testng.TestNG.runSuitesLocally(TestNG.java:1137)
	at org.testng.TestNG.runSuites(TestNG.java:1049)
	at org.testng.TestNG.run(TestNG.java:1017)
	at org.apache.maven.surefire.testng.TestNGExecutor.run(TestNGExecutor.java:77)
	at org.apache.maven.surefire.testng.TestNGDirectoryTestSuite.executeMulti(TestNGDirectoryTestSuite.java:159)
	at org.apache.maven.surefire.testng.TestNGDirectoryTestSuite.execute(TestNGDirectoryTestSuite.java:99)
	at org.apache.maven.surefire.testng.TestNGProvider.invoke(TestNGProvider.java:106)
	at sun.reflect.NativeMethodAccessorImpl.invoke0(Native Method)
	at sun.reflect.NativeMethodAccessorImpl.invoke(NativeMethodAccessorImpl.java:62)
	at sun.reflect.DelegatingMethodAccessorImpl.invoke(DelegatingMethodAccessorImpl.java:43)
	at java.lang.reflect.Method.invoke(Method.java:498)
	at org.apache.maven.surefire.util.ReflectionUtils.invokeMethodWithArray(ReflectionUtils.java:189)
	at org.apache.maven.surefire.booter.ProviderFactory$ProviderProxy.invoke(ProviderFactory.java:165)
	at org.apache.maven.surefire.booter.ProviderFactory.invokeProvider(ProviderFactory.java:85)
	at org.apache.maven.surefire.booter.ForkedBooter.runSuitesInProcess(ForkedBooter.java:115)
	at org.apache.maven.surefire.booter.ForkedBooter.main(ForkedBooter.java:75)
</textarea>
							</div>
						</div>
						<div class="card-body l1">
							<div class="card-header" role="tab">
								<h5 class="card-title outline-child">
									<div class="node">verify user is not able to register without filling all mandatory field and getting proper error message</div>
									<div class="status-avatar float-left fail-bg">
										<i class="fa fa-times text-white"></i>
									</div>
								</h5>
							</div>
							<div class="card-body collapse mt-3">
									<div class="d-flex align-items-center justify-content-start given" title="GenericSteps.browserISOpenedAndUserIsNavigatedToApplicationUrl()">
										<span class="alert-icon fail-bg">
											<i class="fa fa-times text-white"></i>
										</span>
										<span>Given Browser is opened and user is navigated to application url</span>
									</div>
				<textarea disabled class="code-block">org.openqa.selenium.NoSuchWindowException: no such window: target window already closed
from unknown error: web view not found
  (Session info: chrome=79.0.3945.79)
Build info: version: '3.141.59', revision: 'e82be7d358', time: '2018-11-14T08:17:03'
System info: host: 'DESKTOP-NPH96C5', ip: '192.168.178.116', os.name: 'Windows 10', os.arch: 'amd64', os.version: '10.0', java.version: '1.8.0_221'
Driver info: org.openqa.selenium.chrome.ChromeDriver
Capabilities {acceptInsecureCerts: false, browserName: chrome, browserVersion: 79.0.3945.79, chrome: {chromedriverVersion: 79.0.3945.36 (3582db32b3389..., userDataDir: C:\Users\ARPIT-~1\AppData\L...}, goog:chromeOptions: {debuggerAddress: localhost:52279}, javascriptEnabled: true, networkConnectionEnabled: false, pageLoadStrategy: normal, platform: WINDOWS, platformName: WINDOWS, proxy: Proxy(), setWindowRect: true, strictFileInteractability: false, timeouts: {implicit: 0, pageLoad: 300000, script: 30000}, unhandledPromptBehavior: dismiss and notify}
Session ID: 11c9be088accda7176a6d503b6bfc004
	at sun.reflect.NativeConstructorAccessorImpl.newInstance0(Native Method)
	at sun.reflect.NativeConstructorAccessorImpl.newInstance(NativeConstructorAccessorImpl.java:62)
	at sun.reflect.DelegatingConstructorAccessorImpl.newInstance(DelegatingConstructorAccessorImpl.java:45)
	at java.lang.reflect.Constructor.newInstance(Constructor.java:423)
	at org.openqa.selenium.remote.http.W3CHttpResponseCodec.createException(W3CHttpResponseCodec.java:187)
	at org.openqa.selenium.remote.http.W3CHttpResponseCodec.decode(W3CHttpResponseCodec.java:122)
	at org.openqa.selenium.remote.http.W3CHttpResponseCodec.decode(W3CHttpResponseCodec.java:49)
	at org.openqa.selenium.remote.HttpCommandExecutor.execute(HttpCommandExecutor.java:158)
	at org.openqa.selenium.remote.service.DriverCommandExecutor.execute(DriverCommandExecutor.java:83)
	at org.openqa.selenium.remote.RemoteWebDriver.execute(RemoteWebDriver.java:552)
	at org.openqa.selenium.remote.RemoteWebDriver.execute(RemoteWebDriver.java:609)
	at org.openqa.selenium.remote.RemoteWebDriver$RemoteWebDriverOptions$RemoteWindow.maximize(RemoteWebDriver.java:837)
	at StepDefinitions.GenericSteps.browserISOpenedAndUserIsNavigatedToApplicationUrl(GenericSteps.java:32)
	at ?.Browser is opened and user is navigated to application url(file:src/test/java/Features/ErrorTests.feature:5)
</textarea>
									<div class="d-flex align-items-center justify-content-start when" title="HomeSteps.userClicksOnSignInButton()">
										<span class="alert-icon skip-bg">
											<i class="fa fa-long-arrow-right text-white"></i>
										</span>
										<span>When user clicks on Sign-In Button</span>
									</div>
				<div class="details">Step skipped</div>
									<div class="d-flex align-items-center justify-content-start then" title="GenericSteps.userShouldBeNavigatedToPageWithTitle(String)">
										<span class="alert-icon skip-bg">
											<i class="fa fa-long-arrow-right text-white"></i>
										</span>
										<span>Then user should be navigated to page with title "my HEMA"</span>
									</div>
				<div class="details">Step skipped</div>
									<div class="d-flex align-items-center justify-content-start when" title="RegistrationSteps.userEntersValidEmailAddressForRegistrationAndClickOnContinue()">
										<span class="alert-icon skip-bg">
											<i class="fa fa-long-arrow-right text-white"></i>
										</span>
										<span>When user enters valid email address for registration and click on continue</span>
									</div>
				<div class="details">Step skipped</div>
									<div class="d-flex align-items-center justify-content-start then" title="GenericSteps.userShouldBeNavigatedToPageWithTitle(String)">
										<span class="alert-icon skip-bg">
											<i class="fa fa-long-arrow-right text-white"></i>
										</span>
										<span>Then user should be navigated to page with title "register"</span>
									</div>
				<div class="details">Step skipped</div>
									<div class="d-flex align-items-center justify-content-start when" title="RegistrationSteps.userFillInRegistrationFormAndClickOnSignUp(DataTable)">
										<span class="alert-icon skip-bg">
											<i class="fa fa-long-arrow-right text-white"></i>
										</span>
										<span>When user fill in registration form and click on Sign-up</span>
									</div>
				<div class="details"><table class='runtime-table table-striped table'><tr><td>Mr</td><td>Jason</td><td>Roy</td><td>Address</td><td></td><td>Amsterdam</td><td>Asdf@1234</td></tr></table></div>
				<div class="details">Step skipped</div>
									<div class="d-flex align-items-center justify-content-start then" title="RegistrationSteps.errorMessageShouldBeDisplayedForRegistrationForm(String)">
										<span class="alert-icon skip-bg">
											<i class="fa fa-long-arrow-right text-white"></i>
										</span>
										<span>Then error message "some information below is incomplete or must be corrected" should be displayed for registration form</span>
									</div>
				<div class="details">Step skipped</div>
									<div class="d-flex align-items-center justify-content-start asterisk" title="">
										<span class="alert-icon fail-bg">
											<i class="fa fa-times text-white"></i>
										</span>
										<span>GenericSteps.tearDown(Scenario)</span>
									</div>
				<textarea disabled class="code-block">org.openqa.selenium.NoSuchWindowException: no such window: target window already closed
from unknown error: web view not found
  (Session info: chrome=79.0.3945.79)
Build info: version: '3.141.59', revision: 'e82be7d358', time: '2018-11-14T08:17:03'
System info: host: 'DESKTOP-NPH96C5', ip: '192.168.178.116', os.name: 'Windows 10', os.arch: 'amd64', os.version: '10.0', java.version: '1.8.0_221'
Driver info: org.openqa.selenium.chrome.ChromeDriver
Capabilities {acceptInsecureCerts: false, browserName: chrome, browserVersion: 79.0.3945.79, chrome: {chromedriverVersion: 79.0.3945.36 (3582db32b3389..., userDataDir: C:\Users\ARPIT-~1\AppData\L...}, goog:chromeOptions: {debuggerAddress: localhost:52279}, javascriptEnabled: true, networkConnectionEnabled: false, pageLoadStrategy: normal, platform: WINDOWS, platformName: WINDOWS, proxy: Proxy(), setWindowRect: true, strictFileInteractability: false, timeouts: {implicit: 0, pageLoad: 300000, script: 30000}, unhandledPromptBehavior: dismiss and notify}
Session ID: 11c9be088accda7176a6d503b6bfc004
	at sun.reflect.NativeConstructorAccessorImpl.newInstance0(Native Method)
	at sun.reflect.NativeConstructorAccessorImpl.newInstance(NativeConstructorAccessorImpl.java:62)
	at sun.reflect.DelegatingConstructorAccessorImpl.newInstance(DelegatingConstructorAccessorImpl.java:45)
	at java.lang.reflect.Constructor.newInstance(Constructor.java:423)
	at org.openqa.selenium.remote.http.W3CHttpResponseCodec.createException(W3CHttpResponseCodec.java:187)
	at org.openqa.selenium.remote.http.W3CHttpResponseCodec.decode(W3CHttpResponseCodec.java:122)
	at org.openqa.selenium.remote.http.W3CHttpResponseCodec.decode(W3CHttpResponseCodec.java:49)
	at org.openqa.selenium.remote.HttpCommandExecutor.execute(HttpCommandExecutor.java:158)
	at org.openqa.selenium.remote.service.DriverCommandExecutor.execute(DriverCommandExecutor.java:83)
	at org.openqa.selenium.remote.RemoteWebDriver.execute(RemoteWebDriver.java:552)
	at org.openqa.selenium.remote.RemoteWebDriver.execute(RemoteWebDriver.java:609)
	at org.openqa.selenium.remote.RemoteWebDriver.getScreenshotAs(RemoteWebDriver.java:295)
	at Utility.BaseUtils.captureScreenShot(BaseUtils.java:71)
	at StepDefinitions.GenericSteps.tearDown(GenericSteps.java:41)
	at sun.reflect.NativeMethodAccessorImpl.invoke0(Native Method)
	at sun.reflect.NativeMethodAccessorImpl.invoke(NativeMethodAccessorImpl.java:62)
	at sun.reflect.DelegatingMethodAccessorImpl.invoke(DelegatingMethodAccessorImpl.java:43)
	at java.lang.reflect.Method.invoke(Method.java:498)
	at cucumber.runtime.Utils$1.call(Utils.java:26)
	at cucumber.runtime.Timeout.timeout(Timeout.java:16)
	at cucumber.runtime.Utils.invoke(Utils.java:20)
	at cucumber.runtime.java.JavaHookDefinition.execute(JavaHookDefinition.java:60)
	at cucumber.runner.HookDefinitionMatch.runStep(HookDefinitionMatch.java:16)
	at cucumber.runner.TestStep.executeStep(TestStep.java:65)
	at cucumber.runner.TestStep.run(TestStep.java:50)
	at cucumber.runner.TestCase.run(TestCase.java:50)
	at cucumber.runner.Runner.runPickle(Runner.java:50)
	at cucumber.api.testng.TestNGCucumberRunner.runScenario(TestNGCucumberRunner.java:58)
	at TestRunner.TestRunner.scenario(TestRunner.java:22)
	at sun.reflect.NativeMethodAccessorImpl.invoke0(Native Method)
	at sun.reflect.NativeMethodAccessorImpl.invoke(NativeMethodAccessorImpl.java:62)
	at sun.reflect.DelegatingMethodAccessorImpl.invoke(DelegatingMethodAccessorImpl.java:43)
	at java.lang.reflect.Method.invoke(Method.java:498)
	at org.testng.internal.MethodInvocationHelper.invokeMethod(MethodInvocationHelper.java:124)
	at org.testng.internal.Invoker.invokeMethod(Invoker.java:583)
	at org.testng.internal.Invoker.invokeTestMethod(Invoker.java:719)
	at org.testng.internal.Invoker.invokeTestMethods(Invoker.java:989)
	at org.testng.internal.TestMethodWorker.invokeTestMethods(TestMethodWorker.java:125)
	at org.testng.internal.TestMethodWorker.run(TestMethodWorker.java:109)
	at org.testng.TestRunner.privateRun(TestRunner.java:648)
	at org.testng.TestRunner.run(TestRunner.java:505)
	at org.testng.SuiteRunner.runTest(SuiteRunner.java:455)
	at org.testng.SuiteRunner.runSequentially(SuiteRunner.java:450)
	at org.testng.SuiteRunner.privateRun(SuiteRunner.java:415)
	at org.testng.SuiteRunner.run(SuiteRunner.java:364)
	at org.testng.SuiteRunnerWorker.runSuite(SuiteRunnerWorker.java:52)
	at org.testng.SuiteRunnerWorker.run(SuiteRunnerWorker.java:84)
	at org.testng.TestNG.runSuitesSequentially(TestNG.java:1208)
	at org.testng.TestNG.runSuitesLocally(TestNG.java:1137)
	at org.testng.TestNG.runSuites(TestNG.java:1049)
	at org.testng.TestNG.run(TestNG.java:1017)
	at org.apache.maven.surefire.testng.TestNGExecutor.run(TestNGExecutor.java:77)
	at org.apache.maven.surefire.testng.TestNGDirectoryTestSuite.executeMulti(TestNGDirectoryTestSuite.java:159)
	at org.apache.maven.surefire.testng.TestNGDirectoryTestSuite.execute(TestNGDirectoryTestSuite.java:99)
	at org.apache.maven.surefire.testng.TestNGProvider.invoke(TestNGProvider.java:106)
	at sun.reflect.NativeMethodAccessorImpl.invoke0(Native Method)
	at sun.reflect.NativeMethodAccessorImpl.invoke(NativeMethodAccessorImpl.java:62)
	at sun.reflect.DelegatingMethodAccessorImpl.invoke(DelegatingMethodAccessorImpl.java:43)
	at java.lang.reflect.Method.invoke(Method.java:498)
	at org.apache.maven.surefire.util.ReflectionUtils.invokeMethodWithArray(ReflectionUtils.java:189)
	at org.apache.maven.surefire.booter.ProviderFactory$ProviderProxy.invoke(ProviderFactory.java:165)
	at org.apache.maven.surefire.booter.ProviderFactory.invokeProvider(ProviderFactory.java:85)
	at org.apache.maven.surefire.booter.ForkedBooter.runSuitesInProcess(ForkedBooter.java:115)
	at org.apache.maven.surefire.booter.ForkedBooter.main(ForkedBooter.java:75)
</textarea>
							</div>
						</div>
						<div class="card-body l1">
							<div class="card-header" role="tab">
								<h5 class="card-title outline-child">
									<div class="node">verify user is not able to register without filling all mandatory field and getting proper error message</div>
									<div class="status-avatar float-left fail-bg">
										<i class="fa fa-times text-white"></i>
									</div>
								</h5>
							</div>
							<div class="card-body collapse mt-3">
									<div class="d-flex align-items-center justify-content-start given" title="GenericSteps.browserISOpenedAndUserIsNavigatedToApplicationUrl()">
										<span class="alert-icon fail-bg">
											<i class="fa fa-times text-white"></i>
										</span>
										<span>Given Browser is opened and user is navigated to application url</span>
									</div>
				<textarea disabled class="code-block">org.openqa.selenium.WebDriverException: chrome not reachable
  (Session info: chrome=79.0.3945.79)
Build info: version: '3.141.59', revision: 'e82be7d358', time: '2018-11-14T08:17:03'
System info: host: 'DESKTOP-NPH96C5', ip: '192.168.178.116', os.name: 'Windows 10', os.arch: 'amd64', os.version: '10.0', java.version: '1.8.0_221'
Driver info: org.openqa.selenium.chrome.ChromeDriver
Capabilities {acceptInsecureCerts: false, browserName: chrome, browserVersion: 79.0.3945.79, chrome: {chromedriverVersion: 79.0.3945.36 (3582db32b3389..., userDataDir: C:\Users\ARPIT-~1\AppData\L...}, goog:chromeOptions: {debuggerAddress: localhost:52326}, javascriptEnabled: true, networkConnectionEnabled: false, pageLoadStrategy: normal, platform: WINDOWS, platformName: WINDOWS, proxy: Proxy(), setWindowRect: true, strictFileInteractability: false, timeouts: {implicit: 0, pageLoad: 300000, script: 30000}, unhandledPromptBehavior: dismiss and notify}
Session ID: 4923bd4dc069027927063b7aa476d0ed
	at sun.reflect.NativeConstructorAccessorImpl.newInstance0(Native Method)
	at sun.reflect.NativeConstructorAccessorImpl.newInstance(NativeConstructorAccessorImpl.java:62)
	at sun.reflect.DelegatingConstructorAccessorImpl.newInstance(DelegatingConstructorAccessorImpl.java:45)
	at java.lang.reflect.Constructor.newInstance(Constructor.java:423)
	at org.openqa.selenium.remote.http.W3CHttpResponseCodec.createException(W3CHttpResponseCodec.java:187)
	at org.openqa.selenium.remote.http.W3CHttpResponseCodec.decode(W3CHttpResponseCodec.java:122)
	at org.openqa.selenium.remote.http.W3CHttpResponseCodec.decode(W3CHttpResponseCodec.java:49)
	at org.openqa.selenium.remote.HttpCommandExecutor.execute(HttpCommandExecutor.java:158)
	at org.openqa.selenium.remote.service.DriverCommandExecutor.execute(DriverCommandExecutor.java:83)
	at org.openqa.selenium.remote.RemoteWebDriver.execute(RemoteWebDriver.java:552)
	at org.openqa.selenium.remote.RemoteWebDriver.execute(RemoteWebDriver.java:609)
	at org.openqa.selenium.remote.RemoteWebDriver$RemoteWebDriverOptions$RemoteWindow.maximize(RemoteWebDriver.java:837)
	at StepDefinitions.GenericSteps.browserISOpenedAndUserIsNavigatedToApplicationUrl(GenericSteps.java:32)
	at ?.Browser is opened and user is navigated to application url(file:src/test/java/Features/ErrorTests.feature:5)
</textarea>
									<div class="d-flex align-items-center justify-content-start when" title="HomeSteps.userClicksOnSignInButton()">
										<span class="alert-icon skip-bg">
											<i class="fa fa-long-arrow-right text-white"></i>
										</span>
										<span>When user clicks on Sign-In Button</span>
									</div>
				<div class="details">Step skipped</div>
									<div class="d-flex align-items-center justify-content-start then" title="GenericSteps.userShouldBeNavigatedToPageWithTitle(String)">
										<span class="alert-icon skip-bg">
											<i class="fa fa-long-arrow-right text-white"></i>
										</span>
										<span>Then user should be navigated to page with title "my HEMA"</span>
									</div>
				<div class="details">Step skipped</div>
									<div class="d-flex align-items-center justify-content-start when" title="RegistrationSteps.userEntersValidEmailAddressForRegistrationAndClickOnContinue()">
										<span class="alert-icon skip-bg">
											<i class="fa fa-long-arrow-right text-white"></i>
										</span>
										<span>When user enters valid email address for registration and click on continue</span>
									</div>
				<div class="details">Step skipped</div>
									<div class="d-flex align-items-center justify-content-start then" title="GenericSteps.userShouldBeNavigatedToPageWithTitle(String)">
										<span class="alert-icon skip-bg">
											<i class="fa fa-long-arrow-right text-white"></i>
										</span>
										<span>Then user should be navigated to page with title "register"</span>
									</div>
				<div class="details">Step skipped</div>
									<div class="d-flex align-items-center justify-content-start when" title="RegistrationSteps.userFillInRegistrationFormAndClickOnSignUp(DataTable)">
										<span class="alert-icon skip-bg">
											<i class="fa fa-long-arrow-right text-white"></i>
										</span>
										<span>When user fill in registration form and click on Sign-up</span>
									</div>
				<div class="details"><table class='runtime-table table-striped table'><tr><td>Mr</td><td>Jason</td><td>Roy</td><td>Address</td><td>post</td><td></td><td>Asdf@1234</td></tr></table></div>
				<div class="details">Step skipped</div>
									<div class="d-flex align-items-center justify-content-start then" title="RegistrationSteps.errorMessageShouldBeDisplayedForRegistrationForm(String)">
										<span class="alert-icon skip-bg">
											<i class="fa fa-long-arrow-right text-white"></i>
										</span>
										<span>Then error message "some information below is incomplete or must be corrected" should be displayed for registration form</span>
									</div>
				<div class="details">Step skipped</div>
									<div class="d-flex align-items-center justify-content-start asterisk" title="">
										<span class="alert-icon fail-bg">
											<i class="fa fa-times text-white"></i>
										</span>
										<span>GenericSteps.tearDown(Scenario)</span>
									</div>
				<textarea disabled class="code-block">org.openqa.selenium.WebDriverException: chrome not reachable
  (Session info: chrome=79.0.3945.79)
Build info: version: '3.141.59', revision: 'e82be7d358', time: '2018-11-14T08:17:03'
System info: host: 'DESKTOP-NPH96C5', ip: '192.168.178.116', os.name: 'Windows 10', os.arch: 'amd64', os.version: '10.0', java.version: '1.8.0_221'
Driver info: org.openqa.selenium.chrome.ChromeDriver
Capabilities {acceptInsecureCerts: false, browserName: chrome, browserVersion: 79.0.3945.79, chrome: {chromedriverVersion: 79.0.3945.36 (3582db32b3389..., userDataDir: C:\Users\ARPIT-~1\AppData\L...}, goog:chromeOptions: {debuggerAddress: localhost:52326}, javascriptEnabled: true, networkConnectionEnabled: false, pageLoadStrategy: normal, platform: WINDOWS, platformName: WINDOWS, proxy: Proxy(), setWindowRect: true, strictFileInteractability: false, timeouts: {implicit: 0, pageLoad: 300000, script: 30000}, unhandledPromptBehavior: dismiss and notify}
Session ID: 4923bd4dc069027927063b7aa476d0ed
	at sun.reflect.NativeConstructorAccessorImpl.newInstance0(Native Method)
	at sun.reflect.NativeConstructorAccessorImpl.newInstance(NativeConstructorAccessorImpl.java:62)
	at sun.reflect.DelegatingConstructorAccessorImpl.newInstance(DelegatingConstructorAccessorImpl.java:45)
	at java.lang.reflect.Constructor.newInstance(Constructor.java:423)
	at org.openqa.selenium.remote.http.W3CHttpResponseCodec.createException(W3CHttpResponseCodec.java:187)
	at org.openqa.selenium.remote.http.W3CHttpResponseCodec.decode(W3CHttpResponseCodec.java:122)
	at org.openqa.selenium.remote.http.W3CHttpResponseCodec.decode(W3CHttpResponseCodec.java:49)
	at org.openqa.selenium.remote.HttpCommandExecutor.execute(HttpCommandExecutor.java:158)
	at org.openqa.selenium.remote.service.DriverCommandExecutor.execute(DriverCommandExecutor.java:83)
	at org.openqa.selenium.remote.RemoteWebDriver.execute(RemoteWebDriver.java:552)
	at org.openqa.selenium.remote.RemoteWebDriver.execute(RemoteWebDriver.java:609)
	at org.openqa.selenium.remote.RemoteWebDriver.getScreenshotAs(RemoteWebDriver.java:295)
	at Utility.BaseUtils.captureScreenShot(BaseUtils.java:71)
	at StepDefinitions.GenericSteps.tearDown(GenericSteps.java:41)
	at sun.reflect.NativeMethodAccessorImpl.invoke0(Native Method)
	at sun.reflect.NativeMethodAccessorImpl.invoke(NativeMethodAccessorImpl.java:62)
	at sun.reflect.DelegatingMethodAccessorImpl.invoke(DelegatingMethodAccessorImpl.java:43)
	at java.lang.reflect.Method.invoke(Method.java:498)
	at cucumber.runtime.Utils$1.call(Utils.java:26)
	at cucumber.runtime.Timeout.timeout(Timeout.java:16)
	at cucumber.runtime.Utils.invoke(Utils.java:20)
	at cucumber.runtime.java.JavaHookDefinition.execute(JavaHookDefinition.java:60)
	at cucumber.runner.HookDefinitionMatch.runStep(HookDefinitionMatch.java:16)
	at cucumber.runner.TestStep.executeStep(TestStep.java:65)
	at cucumber.runner.TestStep.run(TestStep.java:50)
	at cucumber.runner.TestCase.run(TestCase.java:50)
	at cucumber.runner.Runner.runPickle(Runner.java:50)
	at cucumber.api.testng.TestNGCucumberRunner.runScenario(TestNGCucumberRunner.java:58)
	at TestRunner.TestRunner.scenario(TestRunner.java:22)
	at sun.reflect.NativeMethodAccessorImpl.invoke0(Native Method)
	at sun.reflect.NativeMethodAccessorImpl.invoke(NativeMethodAccessorImpl.java:62)
	at sun.reflect.DelegatingMethodAccessorImpl.invoke(DelegatingMethodAccessorImpl.java:43)
	at java.lang.reflect.Method.invoke(Method.java:498)
	at org.testng.internal.MethodInvocationHelper.invokeMethod(MethodInvocationHelper.java:124)
	at org.testng.internal.Invoker.invokeMethod(Invoker.java:583)
	at org.testng.internal.Invoker.invokeTestMethod(Invoker.java:719)
	at org.testng.internal.Invoker.invokeTestMethods(Invoker.java:989)
	at org.testng.internal.TestMethodWorker.invokeTestMethods(TestMethodWorker.java:125)
	at org.testng.internal.TestMethodWorker.run(TestMethodWorker.java:109)
	at org.testng.TestRunner.privateRun(TestRunner.java:648)
	at org.testng.TestRunner.run(TestRunner.java:505)
	at org.testng.SuiteRunner.runTest(SuiteRunner.java:455)
	at org.testng.SuiteRunner.runSequentially(SuiteRunner.java:450)
	at org.testng.SuiteRunner.privateRun(SuiteRunner.java:415)
	at org.testng.SuiteRunner.run(SuiteRunner.java:364)
	at org.testng.SuiteRunnerWorker.runSuite(SuiteRunnerWorker.java:52)
	at org.testng.SuiteRunnerWorker.run(SuiteRunnerWorker.java:84)
	at org.testng.TestNG.runSuitesSequentially(TestNG.java:1208)
	at org.testng.TestNG.runSuitesLocally(TestNG.java:1137)
	at org.testng.TestNG.runSuites(TestNG.java:1049)
	at org.testng.TestNG.run(TestNG.java:1017)
	at org.apache.maven.surefire.testng.TestNGExecutor.run(TestNGExecutor.java:77)
	at org.apache.maven.surefire.testng.TestNGDirectoryTestSuite.executeMulti(TestNGDirectoryTestSuite.java:159)
	at org.apache.maven.surefire.testng.TestNGDirectoryTestSuite.execute(TestNGDirectoryTestSuite.java:99)
	at org.apache.maven.surefire.testng.TestNGProvider.invoke(TestNGProvider.java:106)
	at sun.reflect.NativeMethodAccessorImpl.invoke0(Native Method)
	at sun.reflect.NativeMethodAccessorImpl.invoke(NativeMethodAccessorImpl.java:62)
	at sun.reflect.DelegatingMethodAccessorImpl.invoke(DelegatingMethodAccessorImpl.java:43)
	at java.lang.reflect.Method.invoke(Method.java:498)
	at org.apache.maven.surefire.util.ReflectionUtils.invokeMethodWithArray(ReflectionUtils.java:189)
	at org.apache.maven.surefire.booter.ProviderFactory$ProviderProxy.invoke(ProviderFactory.java:165)
	at org.apache.maven.surefire.booter.ProviderFactory.invokeProvider(ProviderFactory.java:85)
	at org.apache.maven.surefire.booter.ForkedBooter.runSuitesInProcess(ForkedBooter.java:115)
	at org.apache.maven.surefire.booter.ForkedBooter.main(ForkedBooter.java:75)
</textarea>
							</div>
						</div>
				</div>
	</div>
</div>
                                        </div>
                                    </li>
                                    <li class="test-item"  status="fail" test-id="78"
                                            author=""
                                            tag="@Hema"
                                            device="">
                                        <div class="status-avatar fail-bg">
                                            <i class="fa fa-times text-white"></i>
                                        </div>
                                        <div class="open-test">
                                            <div class="test-detail"> 
                                                <p class="name">As an user , I should be able to navigate to the HEMA website and be able to add product(s) to the cart</p> 
                                                <p class="duration text-sm">0h 1m 9s+936ms</p> 
                                                <span class="datetime">23:49:26 PM</span>
                                            </div>
                                        </div>
                                        <div class="test-contents d-none">
                                            <div class="detail-head">
                                                <div class="p-v-10 d-inline-block"> 
                                                    <div class="info">
                                                        <h5 class="test-status text-fail">As an user , I should be able to navigate to the HEMA website and be able to add product(s) to the cart</h5>
                                                        <span class='badge badge-success'>12.18.2019 23:49:26</span>
                                                        <span class='badge badge-danger'>12.18.2019 23:50:36</span>
                                                        <span class='badge badge-default'>0h 1m 9s+936ms</span>
                                                    </div>
                                                    <div class="m-t-15">
			<span class="badge badge-pill badge-default"><i class="fa fa-tag"></i> @Hema</span>
                                                    </div>
                                                    <div class="m-t-10 m-l-5">
                                                        
                                                    </div>
                                                </div>
                                            </div>

<div class="accordion mt-4">
	<div class="card">
		<div class="card-header" role="tab">
			<h5 class="card-title pl-3">
				<div class="node">verify valid registered user is able to sign-in and sign-out on the hema web application</div>
				<div class="status-avatar float-left fail-bg">
					<i class="fa fa-times text-white"></i>
				</div>
			</h5>
		</div>
				<div class="collapse">
					<div class="card-body">
							<div class="d-flex align-items-center justify-content-start given" title="GenericSteps.browserISOpenedAndUserIsNavigatedToApplicationUrl()">
								<span class="alert-icon fail-bg">
									<i class="fa fa-times text-white"></i>
								</span>
								<span>Given Browser is opened and user is navigated to application url</span>
							</div>
				<textarea disabled class="code-block">org.openqa.selenium.WebDriverException: unknown error: cannot determine loading status
from disconnected: received Inspector.detached event
  (Session info: chrome=79.0.3945.79)
Build info: version: '3.141.59', revision: 'e82be7d358', time: '2018-11-14T08:17:03'
System info: host: 'DESKTOP-NPH96C5', ip: '192.168.178.116', os.name: 'Windows 10', os.arch: 'amd64', os.version: '10.0', java.version: '1.8.0_221'
Driver info: org.openqa.selenium.chrome.ChromeDriver
Capabilities {acceptInsecureCerts: false, browserName: chrome, browserVersion: 79.0.3945.79, chrome: {chromedriverVersion: 79.0.3945.36 (3582db32b3389..., userDataDir: C:\Users\ARPIT-~1\AppData\L...}, goog:chromeOptions: {debuggerAddress: localhost:52373}, javascriptEnabled: true, networkConnectionEnabled: false, pageLoadStrategy: normal, platform: WINDOWS, platformName: WINDOWS, proxy: Proxy(), setWindowRect: true, strictFileInteractability: false, timeouts: {implicit: 0, pageLoad: 300000, script: 30000}, unhandledPromptBehavior: dismiss and notify}
Session ID: 52330f22db771532188094eaff6d0ddd
	at sun.reflect.NativeConstructorAccessorImpl.newInstance0(Native Method)
	at sun.reflect.NativeConstructorAccessorImpl.newInstance(NativeConstructorAccessorImpl.java:62)
	at sun.reflect.DelegatingConstructorAccessorImpl.newInstance(DelegatingConstructorAccessorImpl.java:45)
	at java.lang.reflect.Constructor.newInstance(Constructor.java:423)
	at org.openqa.selenium.remote.http.W3CHttpResponseCodec.createException(W3CHttpResponseCodec.java:187)
	at org.openqa.selenium.remote.http.W3CHttpResponseCodec.decode(W3CHttpResponseCodec.java:122)
	at org.openqa.selenium.remote.http.W3CHttpResponseCodec.decode(W3CHttpResponseCodec.java:49)
	at org.openqa.selenium.remote.HttpCommandExecutor.execute(HttpCommandExecutor.java:158)
	at org.openqa.selenium.remote.service.DriverCommandExecutor.execute(DriverCommandExecutor.java:83)
	at org.openqa.selenium.remote.RemoteWebDriver.execute(RemoteWebDriver.java:552)
	at org.openqa.selenium.remote.RemoteWebDriver.get(RemoteWebDriver.java:277)
	at StepDefinitions.GenericSteps.browserISOpenedAndUserIsNavigatedToApplicationUrl(GenericSteps.java:31)
	at ?.Browser is opened and user is navigated to application url(file:src/test/java/Features/HemaTest.feature:6)
</textarea>
							<div class="d-flex align-items-center justify-content-start when" title="HomeSteps.userClicksOnSignInButton()">
								<span class="alert-icon skip-bg">
									<i class="fa fa-long-arrow-right text-white"></i>
								</span>
								<span>When user clicks on Sign-In Button</span>
							</div>
				<div class="details">Step skipped</div>
							<div class="d-flex align-items-center justify-content-start then" title="GenericSteps.userShouldBeNavigatedToPageWithTitle(String)">
								<span class="alert-icon skip-bg">
									<i class="fa fa-long-arrow-right text-white"></i>
								</span>
								<span>Then user should be navigated to page with title "my HEMA"</span>
							</div>
				<div class="details">Step skipped</div>
							<div class="d-flex align-items-center justify-content-start when" title="SignInSteps.userLoginWithBelowCredentials(DataTable)">
								<span class="alert-icon skip-bg">
									<i class="fa fa-long-arrow-right text-white"></i>
								</span>
								<span>When user login with below credentials:</span>
							</div>
				<div class="details"><table class='runtime-table table-striped table'><tr><td>asfasf@asdf.com</td><td>Asdf@1234</td></tr></table></div>
				<div class="details">Step skipped</div>
							<div class="d-flex align-items-center justify-content-start then" title="SignInSteps.loggedInScreenShouldBeDisplayed()">
								<span class="alert-icon skip-bg">
									<i class="fa fa-long-arrow-right text-white"></i>
								</span>
								<span>Then logged in screen should be displayed</span>
							</div>
				<div class="details">Step skipped</div>
							<div class="d-flex align-items-center justify-content-start when" title="SignInSteps.userClicksOnSignOutUnderMyHemaDropdown()">
								<span class="alert-icon skip-bg">
									<i class="fa fa-long-arrow-right text-white"></i>
								</span>
								<span>When user clicks on Sign-out under myHema dropdown</span>
							</div>
				<div class="details">Step skipped</div>
							<div class="d-flex align-items-center justify-content-start then" title="SignInSteps.loggedOutHomepageShouldBeDisplayed()">
								<span class="alert-icon skip-bg">
									<i class="fa fa-long-arrow-right text-white"></i>
								</span>
								<span>Then logged out homepage should be displayed</span>
							</div>
				<div class="details">Step skipped</div>
							<div class="d-flex align-items-center justify-content-start asterisk" title="">
								<span class="alert-icon fail-bg">
									<i class="fa fa-times text-white"></i>
								</span>
								<span>GenericSteps.tearDown(Scenario)</span>
							</div>
				<textarea disabled class="code-block">org.openqa.selenium.WebDriverException: chrome not reachable
  (Session info: chrome=79.0.3945.79)
Build info: version: '3.141.59', revision: 'e82be7d358', time: '2018-11-14T08:17:03'
System info: host: 'DESKTOP-NPH96C5', ip: '192.168.178.116', os.name: 'Windows 10', os.arch: 'amd64', os.version: '10.0', java.version: '1.8.0_221'
Driver info: org.openqa.selenium.chrome.ChromeDriver
Capabilities {acceptInsecureCerts: false, browserName: chrome, browserVersion: 79.0.3945.79, chrome: {chromedriverVersion: 79.0.3945.36 (3582db32b3389..., userDataDir: C:\Users\ARPIT-~1\AppData\L...}, goog:chromeOptions: {debuggerAddress: localhost:52373}, javascriptEnabled: true, networkConnectionEnabled: false, pageLoadStrategy: normal, platform: WINDOWS, platformName: WINDOWS, proxy: Proxy(), setWindowRect: true, strictFileInteractability: false, timeouts: {implicit: 0, pageLoad: 300000, script: 30000}, unhandledPromptBehavior: dismiss and notify}
Session ID: 52330f22db771532188094eaff6d0ddd
	at sun.reflect.NativeConstructorAccessorImpl.newInstance0(Native Method)
	at sun.reflect.NativeConstructorAccessorImpl.newInstance(NativeConstructorAccessorImpl.java:62)
	at sun.reflect.DelegatingConstructorAccessorImpl.newInstance(DelegatingConstructorAccessorImpl.java:45)
	at java.lang.reflect.Constructor.newInstance(Constructor.java:423)
	at org.openqa.selenium.remote.http.W3CHttpResponseCodec.createException(W3CHttpResponseCodec.java:187)
	at org.openqa.selenium.remote.http.W3CHttpResponseCodec.decode(W3CHttpResponseCodec.java:122)
	at org.openqa.selenium.remote.http.W3CHttpResponseCodec.decode(W3CHttpResponseCodec.java:49)
	at org.openqa.selenium.remote.HttpCommandExecutor.execute(HttpCommandExecutor.java:158)
	at org.openqa.selenium.remote.service.DriverCommandExecutor.execute(DriverCommandExecutor.java:83)
	at org.openqa.selenium.remote.RemoteWebDriver.execute(RemoteWebDriver.java:552)
	at org.openqa.selenium.remote.RemoteWebDriver.execute(RemoteWebDriver.java:609)
	at org.openqa.selenium.remote.RemoteWebDriver.getScreenshotAs(RemoteWebDriver.java:295)
	at Utility.BaseUtils.captureScreenShot(BaseUtils.java:71)
	at StepDefinitions.GenericSteps.tearDown(GenericSteps.java:41)
	at sun.reflect.NativeMethodAccessorImpl.invoke0(Native Method)
	at sun.reflect.NativeMethodAccessorImpl.invoke(NativeMethodAccessorImpl.java:62)
	at sun.reflect.DelegatingMethodAccessorImpl.invoke(DelegatingMethodAccessorImpl.java:43)
	at java.lang.reflect.Method.invoke(Method.java:498)
	at cucumber.runtime.Utils$1.call(Utils.java:26)
	at cucumber.runtime.Timeout.timeout(Timeout.java:16)
	at cucumber.runtime.Utils.invoke(Utils.java:20)
	at cucumber.runtime.java.JavaHookDefinition.execute(JavaHookDefinition.java:60)
	at cucumber.runner.HookDefinitionMatch.runStep(HookDefinitionMatch.java:16)
	at cucumber.runner.TestStep.executeStep(TestStep.java:65)
	at cucumber.runner.TestStep.run(TestStep.java:50)
	at cucumber.runner.TestCase.run(TestCase.java:50)
	at cucumber.runner.Runner.runPickle(Runner.java:50)
	at cucumber.api.testng.TestNGCucumberRunner.runScenario(TestNGCucumberRunner.java:58)
	at TestRunner.TestRunner.scenario(TestRunner.java:22)
	at sun.reflect.NativeMethodAccessorImpl.invoke0(Native Method)
	at sun.reflect.NativeMethodAccessorImpl.invoke(NativeMethodAccessorImpl.java:62)
	at sun.reflect.DelegatingMethodAccessorImpl.invoke(DelegatingMethodAccessorImpl.java:43)
	at java.lang.reflect.Method.invoke(Method.java:498)
	at org.testng.internal.MethodInvocationHelper.invokeMethod(MethodInvocationHelper.java:124)
	at org.testng.internal.Invoker.invokeMethod(Invoker.java:583)
	at org.testng.internal.Invoker.invokeTestMethod(Invoker.java:719)
	at org.testng.internal.Invoker.invokeTestMethods(Invoker.java:989)
	at org.testng.internal.TestMethodWorker.invokeTestMethods(TestMethodWorker.java:125)
	at org.testng.internal.TestMethodWorker.run(TestMethodWorker.java:109)
	at org.testng.TestRunner.privateRun(TestRunner.java:648)
	at org.testng.TestRunner.run(TestRunner.java:505)
	at org.testng.SuiteRunner.runTest(SuiteRunner.java:455)
	at org.testng.SuiteRunner.runSequentially(SuiteRunner.java:450)
	at org.testng.SuiteRunner.privateRun(SuiteRunner.java:415)
	at org.testng.SuiteRunner.run(SuiteRunner.java:364)
	at org.testng.SuiteRunnerWorker.runSuite(SuiteRunnerWorker.java:52)
	at org.testng.SuiteRunnerWorker.run(SuiteRunnerWorker.java:84)
	at org.testng.TestNG.runSuitesSequentially(TestNG.java:1208)
	at org.testng.TestNG.runSuitesLocally(TestNG.java:1137)
	at org.testng.TestNG.runSuites(TestNG.java:1049)
	at org.testng.TestNG.run(TestNG.java:1017)
	at org.apache.maven.surefire.testng.TestNGExecutor.run(TestNGExecutor.java:77)
	at org.apache.maven.surefire.testng.TestNGDirectoryTestSuite.executeMulti(TestNGDirectoryTestSuite.java:159)
	at org.apache.maven.surefire.testng.TestNGDirectoryTestSuite.execute(TestNGDirectoryTestSuite.java:99)
	at org.apache.maven.surefire.testng.TestNGProvider.invoke(TestNGProvider.java:106)
	at sun.reflect.NativeMethodAccessorImpl.invoke0(Native Method)
	at sun.reflect.NativeMethodAccessorImpl.invoke(NativeMethodAccessorImpl.java:62)
	at sun.reflect.DelegatingMethodAccessorImpl.invoke(DelegatingMethodAccessorImpl.java:43)
	at java.lang.reflect.Method.invoke(Method.java:498)
	at org.apache.maven.surefire.util.ReflectionUtils.invokeMethodWithArray(ReflectionUtils.java:189)
	at org.apache.maven.surefire.booter.ProviderFactory$ProviderProxy.invoke(ProviderFactory.java:165)
	at org.apache.maven.surefire.booter.ProviderFactory.invokeProvider(ProviderFactory.java:85)
	at org.apache.maven.surefire.booter.ForkedBooter.runSuitesInProcess(ForkedBooter.java:115)
	at org.apache.maven.surefire.booter.ForkedBooter.main(ForkedBooter.java:75)
</textarea>
					</div>
				</div>
	</div>
	<div class="card">
		<div class="card-header" role="tab">
			<h5 class="card-title pl-3">
				<div class="node">verify new user is able to register on the hema web application</div>
				<div class="status-avatar float-left fail-bg">
					<i class="fa fa-times text-white"></i>
				</div>
			</h5>
		</div>
				<div class="collapse">
					<div class="card-body">
							<div class="d-flex align-items-center justify-content-start given" title="GenericSteps.browserISOpenedAndUserIsNavigatedToApplicationUrl()">
								<span class="alert-icon fail-bg">
									<i class="fa fa-times text-white"></i>
								</span>
								<span>Given Browser is opened and user is navigated to application url</span>
							</div>
				<textarea disabled class="code-block">org.openqa.selenium.NoSuchWindowException: no such window: target window already closed
from unknown error: web view not found
  (Session info: chrome=79.0.3945.79)
Build info: version: '3.141.59', revision: 'e82be7d358', time: '2018-11-14T08:17:03'
System info: host: 'DESKTOP-NPH96C5', ip: '192.168.178.116', os.name: 'Windows 10', os.arch: 'amd64', os.version: '10.0', java.version: '1.8.0_221'
Driver info: org.openqa.selenium.chrome.ChromeDriver
Capabilities {acceptInsecureCerts: false, browserName: chrome, browserVersion: 79.0.3945.79, chrome: {chromedriverVersion: 79.0.3945.36 (3582db32b3389..., userDataDir: C:\Users\ARPIT-~1\AppData\L...}, goog:chromeOptions: {debuggerAddress: localhost:52400}, javascriptEnabled: true, networkConnectionEnabled: false, pageLoadStrategy: normal, platform: WINDOWS, platformName: WINDOWS, proxy: Proxy(), setWindowRect: true, strictFileInteractability: false, timeouts: {implicit: 0, pageLoad: 300000, script: 30000}, unhandledPromptBehavior: dismiss and notify}
Session ID: 304d9ca862acfc09764646961a6f16b8
	at sun.reflect.NativeConstructorAccessorImpl.newInstance0(Native Method)
	at sun.reflect.NativeConstructorAccessorImpl.newInstance(NativeConstructorAccessorImpl.java:62)
	at sun.reflect.DelegatingConstructorAccessorImpl.newInstance(DelegatingConstructorAccessorImpl.java:45)
	at java.lang.reflect.Constructor.newInstance(Constructor.java:423)
	at org.openqa.selenium.remote.http.W3CHttpResponseCodec.createException(W3CHttpResponseCodec.java:187)
	at org.openqa.selenium.remote.http.W3CHttpResponseCodec.decode(W3CHttpResponseCodec.java:122)
	at org.openqa.selenium.remote.http.W3CHttpResponseCodec.decode(W3CHttpResponseCodec.java:49)
	at org.openqa.selenium.remote.HttpCommandExecutor.execute(HttpCommandExecutor.java:158)
	at org.openqa.selenium.remote.service.DriverCommandExecutor.execute(DriverCommandExecutor.java:83)
	at org.openqa.selenium.remote.RemoteWebDriver.execute(RemoteWebDriver.java:552)
	at org.openqa.selenium.remote.RemoteWebDriver.execute(RemoteWebDriver.java:609)
	at org.openqa.selenium.remote.RemoteWebDriver$RemoteWebDriverOptions$RemoteWindow.maximize(RemoteWebDriver.java:837)
	at StepDefinitions.GenericSteps.browserISOpenedAndUserIsNavigatedToApplicationUrl(GenericSteps.java:32)
	at ?.Browser is opened and user is navigated to application url(file:src/test/java/Features/HemaTest.feature:6)
</textarea>
							<div class="d-flex align-items-center justify-content-start when" title="HomeSteps.userClicksOnSignInButton()">
								<span class="alert-icon skip-bg">
									<i class="fa fa-long-arrow-right text-white"></i>
								</span>
								<span>When user clicks on Sign-In Button</span>
							</div>
				<div class="details">Step skipped</div>
							<div class="d-flex align-items-center justify-content-start then" title="GenericSteps.userShouldBeNavigatedToPageWithTitle(String)">
								<span class="alert-icon skip-bg">
									<i class="fa fa-long-arrow-right text-white"></i>
								</span>
								<span>Then user should be navigated to page with title "my HEMA"</span>
							</div>
				<div class="details">Step skipped</div>
							<div class="d-flex align-items-center justify-content-start when" title="RegistrationSteps.userEntersValidEmailAddressForRegistrationAndClickOnContinue()">
								<span class="alert-icon skip-bg">
									<i class="fa fa-long-arrow-right text-white"></i>
								</span>
								<span>When user enters valid email address for registration and click on continue</span>
							</div>
				<div class="details">Step skipped</div>
							<div class="d-flex align-items-center justify-content-start then" title="GenericSteps.userShouldBeNavigatedToPageWithTitle(String)">
								<span class="alert-icon skip-bg">
									<i class="fa fa-long-arrow-right text-white"></i>
								</span>
								<span>Then user should be navigated to page with title "register"</span>
							</div>
				<div class="details">Step skipped</div>
							<div class="d-flex align-items-center justify-content-start when" title="RegistrationSteps.userFillInRegistrationFormAndClickOnSignUp(DataTable)">
								<span class="alert-icon skip-bg">
									<i class="fa fa-long-arrow-right text-white"></i>
								</span>
								<span>When user fill in registration form and click on Sign-up</span>
							</div>
				<div class="details"><table class='runtime-table table-striped table'><tr><td>Mr</td><td>Jason</td><td>Roy</td><td>Address</td><td>post</td><td>Amsterdam</td><td>Asdf@1234</td></tr></table></div>
				<div class="details">Step skipped</div>
							<div class="d-flex align-items-center justify-content-start then" title="RegistrationSteps.loggedInUserDetailsScreenShouldBeDisplayed()">
								<span class="alert-icon skip-bg">
									<i class="fa fa-long-arrow-right text-white"></i>
								</span>
								<span>Then logged in user details screen should be displayed</span>
							</div>
				<div class="details">Step skipped</div>
							<div class="d-flex align-items-center justify-content-start asterisk" title="">
								<span class="alert-icon fail-bg">
									<i class="fa fa-times text-white"></i>
								</span>
								<span>GenericSteps.tearDown(Scenario)</span>
							</div>
				<textarea disabled class="code-block">org.openqa.selenium.NoSuchWindowException: no such window: target window already closed
from unknown error: web view not found
  (Session info: chrome=79.0.3945.79)
Build info: version: '3.141.59', revision: 'e82be7d358', time: '2018-11-14T08:17:03'
System info: host: 'DESKTOP-NPH96C5', ip: '192.168.178.116', os.name: 'Windows 10', os.arch: 'amd64', os.version: '10.0', java.version: '1.8.0_221'
Driver info: org.openqa.selenium.chrome.ChromeDriver
Capabilities {acceptInsecureCerts: false, browserName: chrome, browserVersion: 79.0.3945.79, chrome: {chromedriverVersion: 79.0.3945.36 (3582db32b3389..., userDataDir: C:\Users\ARPIT-~1\AppData\L...}, goog:chromeOptions: {debuggerAddress: localhost:52400}, javascriptEnabled: true, networkConnectionEnabled: false, pageLoadStrategy: normal, platform: WINDOWS, platformName: WINDOWS, proxy: Proxy(), setWindowRect: true, strictFileInteractability: false, timeouts: {implicit: 0, pageLoad: 300000, script: 30000}, unhandledPromptBehavior: dismiss and notify}
Session ID: 304d9ca862acfc09764646961a6f16b8
	at sun.reflect.NativeConstructorAccessorImpl.newInstance0(Native Method)
	at sun.reflect.NativeConstructorAccessorImpl.newInstance(NativeConstructorAccessorImpl.java:62)
	at sun.reflect.DelegatingConstructorAccessorImpl.newInstance(DelegatingConstructorAccessorImpl.java:45)
	at java.lang.reflect.Constructor.newInstance(Constructor.java:423)
	at org.openqa.selenium.remote.http.W3CHttpResponseCodec.createException(W3CHttpResponseCodec.java:187)
	at org.openqa.selenium.remote.http.W3CHttpResponseCodec.decode(W3CHttpResponseCodec.java:122)
	at org.openqa.selenium.remote.http.W3CHttpResponseCodec.decode(W3CHttpResponseCodec.java:49)
	at org.openqa.selenium.remote.HttpCommandExecutor.execute(HttpCommandExecutor.java:158)
	at org.openqa.selenium.remote.service.DriverCommandExecutor.execute(DriverCommandExecutor.java:83)
	at org.openqa.selenium.remote.RemoteWebDriver.execute(RemoteWebDriver.java:552)
	at org.openqa.selenium.remote.RemoteWebDriver.execute(RemoteWebDriver.java:609)
	at org.openqa.selenium.remote.RemoteWebDriver.getScreenshotAs(RemoteWebDriver.java:295)
	at Utility.BaseUtils.captureScreenShot(BaseUtils.java:71)
	at StepDefinitions.GenericSteps.tearDown(GenericSteps.java:41)
	at sun.reflect.NativeMethodAccessorImpl.invoke0(Native Method)
	at sun.reflect.NativeMethodAccessorImpl.invoke(NativeMethodAccessorImpl.java:62)
	at sun.reflect.DelegatingMethodAccessorImpl.invoke(DelegatingMethodAccessorImpl.java:43)
	at java.lang.reflect.Method.invoke(Method.java:498)
	at cucumber.runtime.Utils$1.call(Utils.java:26)
	at cucumber.runtime.Timeout.timeout(Timeout.java:16)
	at cucumber.runtime.Utils.invoke(Utils.java:20)
	at cucumber.runtime.java.JavaHookDefinition.execute(JavaHookDefinition.java:60)
	at cucumber.runner.HookDefinitionMatch.runStep(HookDefinitionMatch.java:16)
	at cucumber.runner.TestStep.executeStep(TestStep.java:65)
	at cucumber.runner.TestStep.run(TestStep.java:50)
	at cucumber.runner.TestCase.run(TestCase.java:50)
	at cucumber.runner.Runner.runPickle(Runner.java:50)
	at cucumber.api.testng.TestNGCucumberRunner.runScenario(TestNGCucumberRunner.java:58)
	at TestRunner.TestRunner.scenario(TestRunner.java:22)
	at sun.reflect.NativeMethodAccessorImpl.invoke0(Native Method)
	at sun.reflect.NativeMethodAccessorImpl.invoke(NativeMethodAccessorImpl.java:62)
	at sun.reflect.DelegatingMethodAccessorImpl.invoke(DelegatingMethodAccessorImpl.java:43)
	at java.lang.reflect.Method.invoke(Method.java:498)
	at org.testng.internal.MethodInvocationHelper.invokeMethod(MethodInvocationHelper.java:124)
	at org.testng.internal.Invoker.invokeMethod(Invoker.java:583)
	at org.testng.internal.Invoker.invokeTestMethod(Invoker.java:719)
	at org.testng.internal.Invoker.invokeTestMethods(Invoker.java:989)
	at org.testng.internal.TestMethodWorker.invokeTestMethods(TestMethodWorker.java:125)
	at org.testng.internal.TestMethodWorker.run(TestMethodWorker.java:109)
	at org.testng.TestRunner.privateRun(TestRunner.java:648)
	at org.testng.TestRunner.run(TestRunner.java:505)
	at org.testng.SuiteRunner.runTest(SuiteRunner.java:455)
	at org.testng.SuiteRunner.runSequentially(SuiteRunner.java:450)
	at org.testng.SuiteRunner.privateRun(SuiteRunner.java:415)
	at org.testng.SuiteRunner.run(SuiteRunner.java:364)
	at org.testng.SuiteRunnerWorker.runSuite(SuiteRunnerWorker.java:52)
	at org.testng.SuiteRunnerWorker.run(SuiteRunnerWorker.java:84)
	at org.testng.TestNG.runSuitesSequentially(TestNG.java:1208)
	at org.testng.TestNG.runSuitesLocally(TestNG.java:1137)
	at org.testng.TestNG.runSuites(TestNG.java:1049)
	at org.testng.TestNG.run(TestNG.java:1017)
	at org.apache.maven.surefire.testng.TestNGExecutor.run(TestNGExecutor.java:77)
	at org.apache.maven.surefire.testng.TestNGDirectoryTestSuite.executeMulti(TestNGDirectoryTestSuite.java:159)
	at org.apache.maven.surefire.testng.TestNGDirectoryTestSuite.execute(TestNGDirectoryTestSuite.java:99)
	at org.apache.maven.surefire.testng.TestNGProvider.invoke(TestNGProvider.java:106)
	at sun.reflect.NativeMethodAccessorImpl.invoke0(Native Method)
	at sun.reflect.NativeMethodAccessorImpl.invoke(NativeMethodAccessorImpl.java:62)
	at sun.reflect.DelegatingMethodAccessorImpl.invoke(DelegatingMethodAccessorImpl.java:43)
	at java.lang.reflect.Method.invoke(Method.java:498)
	at org.apache.maven.surefire.util.ReflectionUtils.invokeMethodWithArray(ReflectionUtils.java:189)
	at org.apache.maven.surefire.booter.ProviderFactory$ProviderProxy.invoke(ProviderFactory.java:165)
	at org.apache.maven.surefire.booter.ProviderFactory.invokeProvider(ProviderFactory.java:85)
	at org.apache.maven.surefire.booter.ForkedBooter.runSuitesInProcess(ForkedBooter.java:115)
	at org.apache.maven.surefire.booter.ForkedBooter.main(ForkedBooter.java:75)
</textarea>
					</div>
				</div>
	</div>
	<div class="card">
		<div class="card-header" role="tab">
			<h5 class="card-title pl-3">
				<div class="node">verify registered user is able to add product to cart</div>
				<div class="status-avatar float-left fail-bg">
					<i class="fa fa-times text-white"></i>
				</div>
			</h5>
		</div>
				<div class="collapse">
					<div class="card-body">
							<div class="d-flex align-items-center justify-content-start given" title="GenericSteps.browserISOpenedAndUserIsNavigatedToApplicationUrl()">
								<span class="alert-icon fail-bg">
									<i class="fa fa-times text-white"></i>
								</span>
								<span>Given Browser is opened and user is navigated to application url</span>
							</div>
				<textarea disabled class="code-block">org.openqa.selenium.WebDriverException: chrome not reachable
  (Session info: chrome=79.0.3945.79)
Build info: version: '3.141.59', revision: 'e82be7d358', time: '2018-11-14T08:17:03'
System info: host: 'DESKTOP-NPH96C5', ip: '192.168.178.116', os.name: 'Windows 10', os.arch: 'amd64', os.version: '10.0', java.version: '1.8.0_221'
Driver info: org.openqa.selenium.chrome.ChromeDriver
Capabilities {acceptInsecureCerts: false, browserName: chrome, browserVersion: 79.0.3945.79, chrome: {chromedriverVersion: 79.0.3945.36 (3582db32b3389..., userDataDir: C:\Users\ARPIT-~1\AppData\L...}, goog:chromeOptions: {debuggerAddress: localhost:52439}, javascriptEnabled: true, networkConnectionEnabled: false, pageLoadStrategy: normal, platform: WINDOWS, platformName: WINDOWS, proxy: Proxy(), setWindowRect: true, strictFileInteractability: false, timeouts: {implicit: 0, pageLoad: 300000, script: 30000}, unhandledPromptBehavior: dismiss and notify}
Session ID: 42eb668f03a470e20dce5dd3cd53985f
*** Element info: {Using=xpath, value=//button[text()='OK and close'][1]}
	at sun.reflect.GeneratedConstructorAccessor19.newInstance(Unknown Source)
	at sun.reflect.DelegatingConstructorAccessorImpl.newInstance(DelegatingConstructorAccessorImpl.java:45)
	at java.lang.reflect.Constructor.newInstance(Constructor.java:423)
	at org.openqa.selenium.remote.http.W3CHttpResponseCodec.createException(W3CHttpResponseCodec.java:187)
	at org.openqa.selenium.remote.http.W3CHttpResponseCodec.decode(W3CHttpResponseCodec.java:122)
	at org.openqa.selenium.remote.http.W3CHttpResponseCodec.decode(W3CHttpResponseCodec.java:49)
	at org.openqa.selenium.remote.HttpCommandExecutor.execute(HttpCommandExecutor.java:158)
	at org.openqa.selenium.remote.service.DriverCommandExecutor.execute(DriverCommandExecutor.java:83)
	at org.openqa.selenium.remote.RemoteWebDriver.execute(RemoteWebDriver.java:552)
	at org.openqa.selenium.remote.RemoteWebDriver.findElement(RemoteWebDriver.java:323)
	at org.openqa.selenium.remote.RemoteWebDriver.findElementByXPath(RemoteWebDriver.java:428)
	at org.openqa.selenium.By$ByXPath.findElement(By.java:353)
	at org.openqa.selenium.remote.RemoteWebDriver.findElement(RemoteWebDriver.java:315)
	at org.openqa.selenium.support.pagefactory.DefaultElementLocator.findElement(DefaultElementLocator.java:69)
	at org.openqa.selenium.support.pagefactory.internal.LocatingElementHandler.invoke(LocatingElementHandler.java:38)
	at com.sun.proxy.$Proxy16.isDisplayed(Unknown Source)
	at org.openqa.selenium.support.ui.ExpectedConditions.elementIfVisible(ExpectedConditions.java:314)
	at org.openqa.selenium.support.ui.ExpectedConditions.access$000(ExpectedConditions.java:43)
	at org.openqa.selenium.support.ui.ExpectedConditions$10.apply(ExpectedConditions.java:300)
	at org.openqa.selenium.support.ui.ExpectedConditions$10.apply(ExpectedConditions.java:297)
	at org.openqa.selenium.support.ui.FluentWait.until(FluentWait.java:249)
	at Utility.BaseUtils.Click(BaseUtils.java:33)
	at StepDefinitions.GenericSteps.browserISOpenedAndUserIsNavigatedToApplicationUrl(GenericSteps.java:34)
	at ?.Browser is opened and user is navigated to application url(file:src/test/java/Features/HemaTest.feature:6)
</textarea>
							<div class="d-flex align-items-center justify-content-start when" title="HomeSteps.userClicksOnSignInButton()">
								<span class="alert-icon skip-bg">
									<i class="fa fa-long-arrow-right text-white"></i>
								</span>
								<span>When user clicks on Sign-In Button</span>
							</div>
				<div class="details">Step skipped</div>
							<div class="d-flex align-items-center justify-content-start then" title="GenericSteps.userShouldBeNavigatedToPageWithTitle(String)">
								<span class="alert-icon skip-bg">
									<i class="fa fa-long-arrow-right text-white"></i>
								</span>
								<span>Then user should be navigated to page with title "my HEMA"</span>
							</div>
				<div class="details">Step skipped</div>
							<div class="d-flex align-items-center justify-content-start when" title="SignInSteps.userLoginWithBelowCredentials(DataTable)">
								<span class="alert-icon skip-bg">
									<i class="fa fa-long-arrow-right text-white"></i>
								</span>
								<span>When user login with below credentials:</span>
							</div>
				<div class="details"><table class='runtime-table table-striped table'><tr><td>asfasf@asdf.com</td><td>Asdf@1234</td></tr></table></div>
				<div class="details">Step skipped</div>
							<div class="d-flex align-items-center justify-content-start then" title="SignInSteps.loggedInScreenShouldBeDisplayed()">
								<span class="alert-icon skip-bg">
									<i class="fa fa-long-arrow-right text-white"></i>
								</span>
								<span>Then logged in screen should be displayed</span>
							</div>
				<div class="details">Step skipped</div>
							<div class="d-flex align-items-center justify-content-start when" title="HomeSteps.userSearchForProductOnHomepage(String)">
								<span class="alert-icon skip-bg">
									<i class="fa fa-long-arrow-right text-white"></i>
								</span>
								<span>When user search for product "stamp set" on homepage</span>
							</div>
				<div class="details">Step skipped</div>
							<div class="d-flex align-items-center justify-content-start and" title="SearchItemSteps.userSelectsItemNumberFromTheResultList(String)">
								<span class="alert-icon skip-bg">
									<i class="fa fa-long-arrow-right text-white"></i>
								</span>
								<span>And user selects item number "2" from the result list</span>
							</div>
				<div class="details">Step skipped</div>
							<div class="d-flex align-items-center justify-content-start and" title="SearchItemSteps.selectsQuantity(String)">
								<span class="alert-icon skip-bg">
									<i class="fa fa-long-arrow-right text-white"></i>
								</span>
								<span>And selects quantity "1"</span>
							</div>
				<div class="details">Step skipped</div>
							<div class="d-flex align-items-center justify-content-start and" title="SearchItemSteps.addTheProductToBasket()">
								<span class="alert-icon skip-bg">
									<i class="fa fa-long-arrow-right text-white"></i>
								</span>
								<span>And add the product to basket</span>
							</div>
				<div class="details">Step skipped</div>
							<div class="d-flex align-items-center justify-content-start then" title="SearchItemSteps.miniShoppingCartShouldBeDisplayed()">
								<span class="alert-icon skip-bg">
									<i class="fa fa-long-arrow-right text-white"></i>
								</span>
								<span>Then mini shopping cart should be displayed</span>
							</div>
				<div class="details">Step skipped</div>
							<div class="d-flex align-items-center justify-content-start when" title="SearchItemSteps.userClicksOnViewBasketInMiniCart()">
								<span class="alert-icon skip-bg">
									<i class="fa fa-long-arrow-right text-white"></i>
								</span>
								<span>When user clicks on view basket in mini cart</span>
							</div>
				<div class="details">Step skipped</div>
							<div class="d-flex align-items-center justify-content-start then" title="GenericSteps.userShouldBeNavigatedToPageWithTitle(String)">
								<span class="alert-icon skip-bg">
									<i class="fa fa-long-arrow-right text-white"></i>
								</span>
								<span>Then user should be navigated to page with title "Shopping basket - HEMA"</span>
							</div>
				<div class="details">Step skipped</div>
							<div class="d-flex align-items-center justify-content-start and" title="SearchItemSteps.theSelectedItemShouldBePresentInShoppingBasket()">
								<span class="alert-icon skip-bg">
									<i class="fa fa-long-arrow-right text-white"></i>
								</span>
								<span>And the selected item should be present in shopping basket</span>
							</div>
				<div class="details">Step skipped</div>
							<div class="d-flex align-items-center justify-content-start asterisk" title="">
								<span class="alert-icon fail-bg">
									<i class="fa fa-times text-white"></i>
								</span>
								<span>GenericSteps.tearDown(Scenario)</span>
							</div>
				<textarea disabled class="code-block">org.openqa.selenium.WebDriverException: chrome not reachable
  (Session info: chrome=79.0.3945.79)
Build info: version: '3.141.59', revision: 'e82be7d358', time: '2018-11-14T08:17:03'
System info: host: 'DESKTOP-NPH96C5', ip: '192.168.178.116', os.name: 'Windows 10', os.arch: 'amd64', os.version: '10.0', java.version: '1.8.0_221'
Driver info: org.openqa.selenium.chrome.ChromeDriver
Capabilities {acceptInsecureCerts: false, browserName: chrome, browserVersion: 79.0.3945.79, chrome: {chromedriverVersion: 79.0.3945.36 (3582db32b3389..., userDataDir: C:\Users\ARPIT-~1\AppData\L...}, goog:chromeOptions: {debuggerAddress: localhost:52439}, javascriptEnabled: true, networkConnectionEnabled: false, pageLoadStrategy: normal, platform: WINDOWS, platformName: WINDOWS, proxy: Proxy(), setWindowRect: true, strictFileInteractability: false, timeouts: {implicit: 0, pageLoad: 300000, script: 30000}, unhandledPromptBehavior: dismiss and notify}
Session ID: 42eb668f03a470e20dce5dd3cd53985f
	at sun.reflect.GeneratedConstructorAccessor19.newInstance(Unknown Source)
	at sun.reflect.DelegatingConstructorAccessorImpl.newInstance(DelegatingConstructorAccessorImpl.java:45)
	at java.lang.reflect.Constructor.newInstance(Constructor.java:423)
	at org.openqa.selenium.remote.http.W3CHttpResponseCodec.createException(W3CHttpResponseCodec.java:187)
	at org.openqa.selenium.remote.http.W3CHttpResponseCodec.decode(W3CHttpResponseCodec.java:122)
	at org.openqa.selenium.remote.http.W3CHttpResponseCodec.decode(W3CHttpResponseCodec.java:49)
	at org.openqa.selenium.remote.HttpCommandExecutor.execute(HttpCommandExecutor.java:158)
	at org.openqa.selenium.remote.service.DriverCommandExecutor.execute(DriverCommandExecutor.java:83)
	at org.openqa.selenium.remote.RemoteWebDriver.execute(RemoteWebDriver.java:552)
	at org.openqa.selenium.remote.RemoteWebDriver.execute(RemoteWebDriver.java:609)
	at org.openqa.selenium.remote.RemoteWebDriver.getScreenshotAs(RemoteWebDriver.java:295)
	at Utility.BaseUtils.captureScreenShot(BaseUtils.java:71)
	at StepDefinitions.GenericSteps.tearDown(GenericSteps.java:41)
	at sun.reflect.NativeMethodAccessorImpl.invoke0(Native Method)
	at sun.reflect.NativeMethodAccessorImpl.invoke(NativeMethodAccessorImpl.java:62)
	at sun.reflect.DelegatingMethodAccessorImpl.invoke(DelegatingMethodAccessorImpl.java:43)
	at java.lang.reflect.Method.invoke(Method.java:498)
	at cucumber.runtime.Utils$1.call(Utils.java:26)
	at cucumber.runtime.Timeout.timeout(Timeout.java:16)
	at cucumber.runtime.Utils.invoke(Utils.java:20)
	at cucumber.runtime.java.JavaHookDefinition.execute(JavaHookDefinition.java:60)
	at cucumber.runner.HookDefinitionMatch.runStep(HookDefinitionMatch.java:16)
	at cucumber.runner.TestStep.executeStep(TestStep.java:65)
	at cucumber.runner.TestStep.run(TestStep.java:50)
	at cucumber.runner.TestCase.run(TestCase.java:50)
	at cucumber.runner.Runner.runPickle(Runner.java:50)
	at cucumber.api.testng.TestNGCucumberRunner.runScenario(TestNGCucumberRunner.java:58)
	at TestRunner.TestRunner.scenario(TestRunner.java:22)
	at sun.reflect.NativeMethodAccessorImpl.invoke0(Native Method)
	at sun.reflect.NativeMethodAccessorImpl.invoke(NativeMethodAccessorImpl.java:62)
	at sun.reflect.DelegatingMethodAccessorImpl.invoke(DelegatingMethodAccessorImpl.java:43)
	at java.lang.reflect.Method.invoke(Method.java:498)
	at org.testng.internal.MethodInvocationHelper.invokeMethod(MethodInvocationHelper.java:124)
	at org.testng.internal.Invoker.invokeMethod(Invoker.java:583)
	at org.testng.internal.Invoker.invokeTestMethod(Invoker.java:719)
	at org.testng.internal.Invoker.invokeTestMethods(Invoker.java:989)
	at org.testng.internal.TestMethodWorker.invokeTestMethods(TestMethodWorker.java:125)
	at org.testng.internal.TestMethodWorker.run(TestMethodWorker.java:109)
	at org.testng.TestRunner.privateRun(TestRunner.java:648)
	at org.testng.TestRunner.run(TestRunner.java:505)
	at org.testng.SuiteRunner.runTest(SuiteRunner.java:455)
	at org.testng.SuiteRunner.runSequentially(SuiteRunner.java:450)
	at org.testng.SuiteRunner.privateRun(SuiteRunner.java:415)
	at org.testng.SuiteRunner.run(SuiteRunner.java:364)
	at org.testng.SuiteRunnerWorker.runSuite(SuiteRunnerWorker.java:52)
	at org.testng.SuiteRunnerWorker.run(SuiteRunnerWorker.java:84)
	at org.testng.TestNG.runSuitesSequentially(TestNG.java:1208)
	at org.testng.TestNG.runSuitesLocally(TestNG.java:1137)
	at org.testng.TestNG.runSuites(TestNG.java:1049)
	at org.testng.TestNG.run(TestNG.java:1017)
	at org.apache.maven.surefire.testng.TestNGExecutor.run(TestNGExecutor.java:77)
	at org.apache.maven.surefire.testng.TestNGDirectoryTestSuite.executeMulti(TestNGDirectoryTestSuite.java:159)
	at org.apache.maven.surefire.testng.TestNGDirectoryTestSuite.execute(TestNGDirectoryTestSuite.java:99)
	at org.apache.maven.surefire.testng.TestNGProvider.invoke(TestNGProvider.java:106)
	at sun.reflect.NativeMethodAccessorImpl.invoke0(Native Method)
	at sun.reflect.NativeMethodAccessorImpl.invoke(NativeMethodAccessorImpl.java:62)
	at sun.reflect.DelegatingMethodAccessorImpl.invoke(DelegatingMethodAccessorImpl.java:43)
	at java.lang.reflect.Method.invoke(Method.java:498)
	at org.apache.maven.surefire.util.ReflectionUtils.invokeMethodWithArray(ReflectionUtils.java:189)
	at org.apache.maven.surefire.booter.ProviderFactory$ProviderProxy.invoke(ProviderFactory.java:165)
	at org.apache.maven.surefire.booter.ProviderFactory.invokeProvider(ProviderFactory.java:85)
	at org.apache.maven.surefire.booter.ForkedBooter.runSuitesInProcess(ForkedBooter.java:115)
	at org.apache.maven.surefire.booter.ForkedBooter.main(ForkedBooter.java:75)
</textarea>
					</div>
				</div>
	</div>
	<div class="card">
		<div class="card-header" role="tab">
			<h5 class="card-title pl-3">
				<div class="node">verify non-registered user is able to add product to cart</div>
				<div class="status-avatar float-left fail-bg">
					<i class="fa fa-times text-white"></i>
				</div>
			</h5>
		</div>
				<div class="collapse">
					<div class="card-body">
							<div class="d-flex align-items-center justify-content-start given" title="GenericSteps.browserISOpenedAndUserIsNavigatedToApplicationUrl()">
								<span class="alert-icon fail-bg">
									<i class="fa fa-times text-white"></i>
								</span>
								<span>Given Browser is opened and user is navigated to application url</span>
							</div>
				<textarea disabled class="code-block">org.openqa.selenium.WebDriverException: unknown error: cannot determine loading status
from disconnected: received Inspector.detached event
  (Session info: chrome=79.0.3945.79)
Build info: version: '3.141.59', revision: 'e82be7d358', time: '2018-11-14T08:17:03'
System info: host: 'DESKTOP-NPH96C5', ip: '192.168.178.116', os.name: 'Windows 10', os.arch: 'amd64', os.version: '10.0', java.version: '1.8.0_221'
Driver info: org.openqa.selenium.chrome.ChromeDriver
Capabilities {acceptInsecureCerts: false, browserName: chrome, browserVersion: 79.0.3945.79, chrome: {chromedriverVersion: 79.0.3945.36 (3582db32b3389..., userDataDir: C:\Users\ARPIT-~1\AppData\L...}, goog:chromeOptions: {debuggerAddress: localhost:52548}, javascriptEnabled: true, networkConnectionEnabled: false, pageLoadStrategy: normal, platform: WINDOWS, platformName: WINDOWS, proxy: Proxy(), setWindowRect: true, strictFileInteractability: false, timeouts: {implicit: 0, pageLoad: 300000, script: 30000}, unhandledPromptBehavior: dismiss and notify}
Session ID: 46826cd0182f8d074a11886c201d538e
	at sun.reflect.GeneratedConstructorAccessor19.newInstance(Unknown Source)
	at sun.reflect.DelegatingConstructorAccessorImpl.newInstance(DelegatingConstructorAccessorImpl.java:45)
	at java.lang.reflect.Constructor.newInstance(Constructor.java:423)
	at org.openqa.selenium.remote.http.W3CHttpResponseCodec.createException(W3CHttpResponseCodec.java:187)
	at org.openqa.selenium.remote.http.W3CHttpResponseCodec.decode(W3CHttpResponseCodec.java:122)
	at org.openqa.selenium.remote.http.W3CHttpResponseCodec.decode(W3CHttpResponseCodec.java:49)
	at org.openqa.selenium.remote.HttpCommandExecutor.execute(HttpCommandExecutor.java:158)
	at org.openqa.selenium.remote.service.DriverCommandExecutor.execute(DriverCommandExecutor.java:83)
	at org.openqa.selenium.remote.RemoteWebDriver.execute(RemoteWebDriver.java:552)
	at org.openqa.selenium.remote.RemoteWebDriver.get(RemoteWebDriver.java:277)
	at StepDefinitions.GenericSteps.browserISOpenedAndUserIsNavigatedToApplicationUrl(GenericSteps.java:31)
	at ?.Browser is opened and user is navigated to application url(file:src/test/java/Features/HemaTest.feature:6)
</textarea>
							<div class="d-flex align-items-center justify-content-start when" title="HomeSteps.userSearchForProductOnHomepage(String)">
								<span class="alert-icon skip-bg">
									<i class="fa fa-long-arrow-right text-white"></i>
								</span>
								<span>When user search for product "stamp set" on homepage</span>
							</div>
				<div class="details">Step skipped</div>
							<div class="d-flex align-items-center justify-content-start and" title="SearchItemSteps.userSelectsItemNumberFromTheResultList(String)">
								<span class="alert-icon skip-bg">
									<i class="fa fa-long-arrow-right text-white"></i>
								</span>
								<span>And user selects item number "2" from the result list</span>
							</div>
				<div class="details">Step skipped</div>
							<div class="d-flex align-items-center justify-content-start and" title="SearchItemSteps.selectsQuantity(String)">
								<span class="alert-icon skip-bg">
									<i class="fa fa-long-arrow-right text-white"></i>
								</span>
								<span>And selects quantity "1"</span>
							</div>
				<div class="details">Step skipped</div>
							<div class="d-flex align-items-center justify-content-start and" title="SearchItemSteps.addTheProductToBasket()">
								<span class="alert-icon skip-bg">
									<i class="fa fa-long-arrow-right text-white"></i>
								</span>
								<span>And add the product to basket</span>
							</div>
				<div class="details">Step skipped</div>
							<div class="d-flex align-items-center justify-content-start then" title="SearchItemSteps.miniShoppingCartShouldBeDisplayed()">
								<span class="alert-icon skip-bg">
									<i class="fa fa-long-arrow-right text-white"></i>
								</span>
								<span>Then mini shopping cart should be displayed</span>
							</div>
				<div class="details">Step skipped</div>
							<div class="d-flex align-items-center justify-content-start when" title="SearchItemSteps.userClicksOnViewBasketInMiniCart()">
								<span class="alert-icon skip-bg">
									<i class="fa fa-long-arrow-right text-white"></i>
								</span>
								<span>When user clicks on view basket in mini cart</span>
							</div>
				<div class="details">Step skipped</div>
							<div class="d-flex align-items-center justify-content-start then" title="GenericSteps.userShouldBeNavigatedToPageWithTitle(String)">
								<span class="alert-icon skip-bg">
									<i class="fa fa-long-arrow-right text-white"></i>
								</span>
								<span>Then user should be navigated to page with title "Shopping basket - HEMA"</span>
							</div>
				<div class="details">Step skipped</div>
							<div class="d-flex align-items-center justify-content-start and" title="SearchItemSteps.theSelectedItemShouldBePresentInShoppingBasket()">
								<span class="alert-icon skip-bg">
									<i class="fa fa-long-arrow-right text-white"></i>
								</span>
								<span>And the selected item should be present in shopping basket</span>
							</div>
				<div class="details">Step skipped</div>
							<div class="d-flex align-items-center justify-content-start asterisk" title="">
								<span class="alert-icon fail-bg">
									<i class="fa fa-times text-white"></i>
								</span>
								<span>GenericSteps.tearDown(Scenario)</span>
							</div>
				<textarea disabled class="code-block">org.openqa.selenium.WebDriverException: chrome not reachable
  (Session info: chrome=79.0.3945.79)
Build info: version: '3.141.59', revision: 'e82be7d358', time: '2018-11-14T08:17:03'
System info: host: 'DESKTOP-NPH96C5', ip: '192.168.178.116', os.name: 'Windows 10', os.arch: 'amd64', os.version: '10.0', java.version: '1.8.0_221'
Driver info: org.openqa.selenium.chrome.ChromeDriver
Capabilities {acceptInsecureCerts: false, browserName: chrome, browserVersion: 79.0.3945.79, chrome: {chromedriverVersion: 79.0.3945.36 (3582db32b3389..., userDataDir: C:\Users\ARPIT-~1\AppData\L...}, goog:chromeOptions: {debuggerAddress: localhost:52548}, javascriptEnabled: true, networkConnectionEnabled: false, pageLoadStrategy: normal, platform: WINDOWS, platformName: WINDOWS, proxy: Proxy(), setWindowRect: true, strictFileInteractability: false, timeouts: {implicit: 0, pageLoad: 300000, script: 30000}, unhandledPromptBehavior: dismiss and notify}
Session ID: 46826cd0182f8d074a11886c201d538e
	at sun.reflect.GeneratedConstructorAccessor19.newInstance(Unknown Source)
	at sun.reflect.DelegatingConstructorAccessorImpl.newInstance(DelegatingConstructorAccessorImpl.java:45)
	at java.lang.reflect.Constructor.newInstance(Constructor.java:423)
	at org.openqa.selenium.remote.http.W3CHttpResponseCodec.createException(W3CHttpResponseCodec.java:187)
	at org.openqa.selenium.remote.http.W3CHttpResponseCodec.decode(W3CHttpResponseCodec.java:122)
	at org.openqa.selenium.remote.http.W3CHttpResponseCodec.decode(W3CHttpResponseCodec.java:49)
	at org.openqa.selenium.remote.HttpCommandExecutor.execute(HttpCommandExecutor.java:158)
	at org.openqa.selenium.remote.service.DriverCommandExecutor.execute(DriverCommandExecutor.java:83)
	at org.openqa.selenium.remote.RemoteWebDriver.execute(RemoteWebDriver.java:552)
	at org.openqa.selenium.remote.RemoteWebDriver.execute(RemoteWebDriver.java:609)
	at org.openqa.selenium.remote.RemoteWebDriver.getScreenshotAs(RemoteWebDriver.java:295)
	at Utility.BaseUtils.captureScreenShot(BaseUtils.java:71)
	at StepDefinitions.GenericSteps.tearDown(GenericSteps.java:41)
	at sun.reflect.NativeMethodAccessorImpl.invoke0(Native Method)
	at sun.reflect.NativeMethodAccessorImpl.invoke(NativeMethodAccessorImpl.java:62)
	at sun.reflect.DelegatingMethodAccessorImpl.invoke(DelegatingMethodAccessorImpl.java:43)
	at java.lang.reflect.Method.invoke(Method.java:498)
	at cucumber.runtime.Utils$1.call(Utils.java:26)
	at cucumber.runtime.Timeout.timeout(Timeout.java:16)
	at cucumber.runtime.Utils.invoke(Utils.java:20)
	at cucumber.runtime.java.JavaHookDefinition.execute(JavaHookDefinition.java:60)
	at cucumber.runner.HookDefinitionMatch.runStep(HookDefinitionMatch.java:16)
	at cucumber.runner.TestStep.executeStep(TestStep.java:65)
	at cucumber.runner.TestStep.run(TestStep.java:50)
	at cucumber.runner.TestCase.run(TestCase.java:50)
	at cucumber.runner.Runner.runPickle(Runner.java:50)
	at cucumber.api.testng.TestNGCucumberRunner.runScenario(TestNGCucumberRunner.java:58)
	at TestRunner.TestRunner.scenario(TestRunner.java:22)
	at sun.reflect.NativeMethodAccessorImpl.invoke0(Native Method)
	at sun.reflect.NativeMethodAccessorImpl.invoke(NativeMethodAccessorImpl.java:62)
	at sun.reflect.DelegatingMethodAccessorImpl.invoke(DelegatingMethodAccessorImpl.java:43)
	at java.lang.reflect.Method.invoke(Method.java:498)
	at org.testng.internal.MethodInvocationHelper.invokeMethod(MethodInvocationHelper.java:124)
	at org.testng.internal.Invoker.invokeMethod(Invoker.java:583)
	at org.testng.internal.Invoker.invokeTestMethod(Invoker.java:719)
	at org.testng.internal.Invoker.invokeTestMethods(Invoker.java:989)
	at org.testng.internal.TestMethodWorker.invokeTestMethods(TestMethodWorker.java:125)
	at org.testng.internal.TestMethodWorker.run(TestMethodWorker.java:109)
	at org.testng.TestRunner.privateRun(TestRunner.java:648)
	at org.testng.TestRunner.run(TestRunner.java:505)
	at org.testng.SuiteRunner.runTest(SuiteRunner.java:455)
	at org.testng.SuiteRunner.runSequentially(SuiteRunner.java:450)
	at org.testng.SuiteRunner.privateRun(SuiteRunner.java:415)
	at org.testng.SuiteRunner.run(SuiteRunner.java:364)
	at org.testng.SuiteRunnerWorker.runSuite(SuiteRunnerWorker.java:52)
	at org.testng.SuiteRunnerWorker.run(SuiteRunnerWorker.java:84)
	at org.testng.TestNG.runSuitesSequentially(TestNG.java:1208)
	at org.testng.TestNG.runSuitesLocally(TestNG.java:1137)
	at org.testng.TestNG.runSuites(TestNG.java:1049)
	at org.testng.TestNG.run(TestNG.java:1017)
	at org.apache.maven.surefire.testng.TestNGExecutor.run(TestNGExecutor.java:77)
	at org.apache.maven.surefire.testng.TestNGDirectoryTestSuite.executeMulti(TestNGDirectoryTestSuite.java:159)
	at org.apache.maven.surefire.testng.TestNGDirectoryTestSuite.execute(TestNGDirectoryTestSuite.java:99)
	at org.apache.maven.surefire.testng.TestNGProvider.invoke(TestNGProvider.java:106)
	at sun.reflect.NativeMethodAccessorImpl.invoke0(Native Method)
	at sun.reflect.NativeMethodAccessorImpl.invoke(NativeMethodAccessorImpl.java:62)
	at sun.reflect.DelegatingMethodAccessorImpl.invoke(DelegatingMethodAccessorImpl.java:43)
	at java.lang.reflect.Method.invoke(Method.java:498)
	at org.apache.maven.surefire.util.ReflectionUtils.invokeMethodWithArray(ReflectionUtils.java:189)
	at org.apache.maven.surefire.booter.ProviderFactory$ProviderProxy.invoke(ProviderFactory.java:165)
	at org.apache.maven.surefire.booter.ProviderFactory.invokeProvider(ProviderFactory.java:85)
	at org.apache.maven.surefire.booter.ForkedBooter.runSuitesInProcess(ForkedBooter.java:115)
	at org.apache.maven.surefire.booter.ForkedBooter.main(ForkedBooter.java:75)
</textarea>
					</div>
				</div>
	</div>
</div>
                                        </div>
                                    </li>
                                </ul>    
                            </div>
                        </div>
                        <div class="test-content scrollable">
                            <div class="test-content-tools">
                                <ul>
                                    <li>
                                        <a class="back-to-test" href="javascript:void(0)">
                                            <i class="fa fa-arrow-left"></i>
                                        </a>
                                    </li>
                                </ul>
                            </div>
                            <div class="test-content-detail">
                                <div class="detail-body"></div>
                            </div>
                        </div>
                    </div>
                </div>
            </div>
        </div>
    </div>
<script src="https://cdn.rawgit.com/extent-framework/extent-github-cdn/24cb10e/spark/js/script.js"></script>
<script type="text/javascript">


            
$(document).ready(function() {
});

        
</script></body>
</html>