


<!DOCTYPE html>
<html lang="en">
<head>
	<meta charset="UTF-8" />
	<title>Extent</title>
	<meta name="description" content="extent" />
	<meta name="viewport" content="width=device-width, initial-scale=1, maximum-scale=1, minimal-ui" />
	<meta http-equiv="X-UA-Compatible" content="IE=edge">
	<meta name="apple-mobile-web-app-capable" content="yes">
	<meta name="apple-mobile-web-app-status-barstyle" content="black-translucent">
	<meta name="apple-mobile-web-app-title" content="extent">
	<meta name="mobile-web-app-capable" content="yes">
	<link rel="stylesheet" href="https://cdnjs.cloudflare.com/ajax/libs/font-awesome/4.7.0/css/font-awesome.min.css">
	<link rel="stylesheet" href="https://cdn.rawgit.com/extent-framework/extent-github-cdn/d74480e/logger/css/logger-style.css" type="text/css" />
<style type="text/css">

            

        
</style></head>
	<script type="text/javascript">
		/*! json-tree - v0.2.2 - 2017-09-25, MIT LICENSE */
		var JSONTree=function(){var n={"&":"&amp;","<":"&lt;",">":"&gt;",'"':"&quot;","'":"&#x27;","/":"&#x2F;"},t=0,r=0;this.create=function(n,t){return r+=1,N(u(n,0,!1),{class:"jstValue"})};var e=function(t){return t.replace(/[&<>'"]/g,function(t){return n[t]})},s=function(){return r+"_"+t++},u=function(n,t,r){if(null===n)return f(r?t:0);switch(typeof n){case"boolean":return l(n,r?t:0);case"number":return i(n,r?t:0);case"string":return o(n,r?t:0);default:return n instanceof Array?a(n,t,r):c(n,t,r)}},c=function(n,t,r){var e=s(),u=Object.keys(n).map(function(r){return j(r,n[r],t+1,!0)}).join(m()),c=[g("{",r?t:0,e),N(u,{id:e}),p("}",t)].join("\n");return N(c,{})},a=function(n,t,r){var e=s(),c=n.map(function(n){return u(n,t+1,!0)}).join(m());return[g("[",r?t:0,e),N(c,{id:e}),p("]",t)].join("\n")},o=function(n,t){var r=e(JSON.stringify(n));return N(v(r,t),{class:"jstStr"})},i=function(n,t){return N(v(n,t),{class:"jstNum"})},l=function(n,t){return N(v(n,t),{class:"jstBool"})},f=function(n){return N(v("null",n),{class:"jstNull"})},j=function(n,t,r){var s=v(e(JSON.stringify(n))+": ",r),c=N(u(t,r,!1),{});return N(s+c,{class:"jstProperty"})},m=function(){return N(",\n",{class:"jstComma"})},N=function(n,t){return d("span",t,n)},d=function(n,t,r){return"<"+n+Object.keys(t).map(function(n){return" "+n+'="'+t[n]+'"'}).join("")+">"+r+"</"+n+">"},g=function(n,t,r){return N(v(n,t),{class:"jstBracket"})+N("",{class:"jstFold",onclick:"JSONTree.toggle('"+r+"')"})};this.toggle=function(n){var t=document.getElementById(n),r=t.parentNode,e=t.previousElementSibling;""===t.className?(t.className="jstHiddenBlock",r.className="jstFolded",e.className="jstExpand"):(t.className="",r.className="",e.className="jstFold")};var p=function(n,t){return N(v(n,t),{})},v=function(n,t){return Array(2*t+1).join(" ")+n};return this}();
	</script>
	<body class="dark">
		<div class="app" id="app">
<div id="aside" class="app-aside fade box-shadow-x folded dark">
	<div class="sidenav modal-dialog dk">
		<div class="navbar">
			<a href="#" class="navbar-brand">
			<span class="d-inline small"><img src="https://cdn.rawgit.com/extent-framework/extent-github-cdn/d74480e/commons/img/logo.png"></span>
			</a>
		</div>
		<div class="flex hide-scroll">
			<div class="scroll">
				<div class="nav-border b-primary">
					<ul class="nav bg">
						<li>
							<a href="index.html">
							<span class="nav-icon">
							<i class="fa fa-align-left"></i>
							</span>
							<span class="nav-text">Tests</span>
							</a>
						</li>
												<li>
							<a href="tag.html">
							<span class="nav-icon">
							<i class="fa fa-tag"></i>
							</span>
							<span class="nav-text">Tags</span>
							</a>
						</li>
						<li>
							<a href="exception.html">
							<span class="nav-icon">
							<i class="fa fa-warning"></i>
							</span>
							<span class="nav-text">Exceptions</span>
							</a>
						</li>
						<li>
							<a href="dashboard.html">
							<span class="nav-icon">
							<i class="fa fa-dashboard"></i>
							</span>
							<span class="nav-text">Dashboard</span>
							</a>
						</li>
						<li class="pb-2 hidden-folded"></li>
					</ul>
				</div>
			</div>
		</div>
		<div class="no-shrink">
			<div class="nav-fold">
				<a id="lightsout" class="d-flex p-2-3"><span><i class="fa fa-desktop"></i></span></a>
				<div class="hidden-folded flex p-2-3 bg">
					<div class="d-flex p-1">
						<a href="http://github.com/extent-framework/extentreports" class="flex text-nowrap"><i class="fa fa-github"></i></a>
						<a href="http://extentreports.com" class="px-2"><i class="fa fa-book"></i></a>
					</div>
				</div>
			</div>
		</div>
	</div>
</div>			<div id="content" class="app-content box-shadow-0" role="main">
				<div id="content" class="app-content box-shadow-2 box-radius-2" role="main">
					<div class="content-header white  box-shadow-2" id="content-header">
						<div class="navbar navbar-expand-lg">
							<div class="input-group flex mr-1">
				              	<input id="qt" type="text" class="form-control px-0 no-bg no-border no-shadow search" placeholder="Search..." required="">
				              	<span class="input-group-btn">
				                	<button class="btn no-bg no-border no-shadow" type="button"><i class="fa fa-search text-muted text-xs"></i></button>
				              	</span>
				            </div>
							<ul class="nav nav-xs flex-row no-border pull-right">
								<li class="nav-item dropdown">
									<a class="nav-link b-l" data-toggle="dropdown">
									<span class="text-xs">
									<i class="fa fa-warning"></i>
									<i class="fa fa-caret-down"></i>
									</span>
									</a>
									<div class="dropdown-menu pt-0 mt-2 animate fadeIn">
										<a class="dropdown-item" href="#"><span class="tf" status="pass"><i class="fa fa-dot-circle-o text-success"></i>Pass</span></a>
										<a class="dropdown-item" href="#"><span class="tf" status="fail"><i class="fa fa-dot-circle-o text-danger"></i>Fail</span></a>
										
										
										
										<a class="dropdown-item" href="#"><span class="tf" status="skip"><i class="fa fa-dot-circle-o text-blue"></i>Skip</span></a>
										<div class="dropdown-divider"></div>
										<a class="dropdown-item" href="#"><span class="tf" status="clear"><i class="fa fa-dot-circle-o text-warn"></i>Clear</span></a>
									</div>
								</li>
						        <li class="nav-item dropdown">
							        <a class="nav-link b-l" data-toggle="dropdown">
							            <span class="text-xs">
								      		<i class="fa fa-tag"></i>
								      		<i class="fa fa-caret-down"></i>
								        </span>
							        </a>
							        <div class="dropdown-menu pt-0 mt-2 animate fadeIn">
						    	        <a class="dropdown-item" href="#"><span class="cf">@Hema</span></a>
						    	        <div class="dropdown-divider"></div>
						    	        <a class="dropdown-item" href="#"><span class="tf" status="clear"><i class="fa fa-dot-circle-o text-warn"></i>Clear</span></a>
						    	      </div>
						        </li>
						        <li class="nav-item lightsout"><a class="nav-link b-l" href="#"><span><i class="fa fa-desktop"></i></span></a></li>
								<li><a href="#" class="b-l"><span class="badge badge-pull">Grasshopper Report</span></a></li>
								<li><a href="#" class="b-l"><span class="badge badge-pull">4.0</span></a></li>
							</ul>
						</div>
					</div>
					<div class="content-main " id="content-main">
						<div class="padding">
							<div class="row justify-content-md-center">
								<div class="col-md-8 col-sm-12">
									<div class="logger-content">
										<h6 class="mb-3 ml-1">Test Logs</h6>
											<div class="tsc" status="fail">
											<div class="st fail test l0" 
												tags="@Hema"
												devices="">
												<span class="tt">12.18.2019 23:45:56</span>&nbsp;
												<span class="ts">fail</span>&nbsp;&nbsp;
												<span class="tn">[As an user , I should be displayed with proper error message according to necessary action.] started</span>
												<span class="category-list">
													<span class="category badge"><i class="fa fa-tag"></i> @Hema</span>
												</span>
												
											</div>
											<div class="st fail test l1" 
												tags=""
												devices="">
												<span class="tt">12.18.2019 23:45:56</span>&nbsp;
												<span class="ts">fail</span>&nbsp;&nbsp;
												<span class="tn">|---[verify user is not able to login with invalid credential and getting proper error message] started</span>
												
											</div>
											<div class="st pass test l2" 
												tags="@Hema"
												devices="">
												<span class="tt">12.18.2019 23:45:56</span>&nbsp;
												<span class="ts">pass</span>&nbsp;&nbsp;
												<span class="tn">&nbsp;&nbsp;&nbsp;&nbsp;|---[verify user is not able to login with invalid credential and getting proper error message] started</span>
												<span class="category-list">
													<span class="category badge"><i class="fa fa-tag"></i> @Hema</span>
												</span>
												
											</div>
											<div class="st pass test l3" 
												tags=""
												devices="">
												<span class="tt">12.18.2019 23:45:56</span>&nbsp;
												<span class="ts">pass</span>&nbsp;&nbsp;
												<span class="tn">&nbsp;&nbsp;&nbsp;&nbsp;&nbsp;&nbsp;&nbsp;&nbsp;|---[Given Browser is opened and user is navigated to application url] started</span>
												
												<div class="st pass">
													<span class="tt">12.18.2019 23:46:26</span>&nbsp;
													<span class="ts">pass</span>&nbsp;&nbsp; 
													<span class="tn">&nbsp;&nbsp;&nbsp;&nbsp;&nbsp;&nbsp;&nbsp;&nbsp;|---[Given Browser is opened and user is navigated to application url]</span>
													
													<span class="td"></span>
												</div>
											</div>
											<div class="st pass test l3" 
												tags=""
												devices="">
												<span class="tt">12.18.2019 23:46:27</span>&nbsp;
												<span class="ts">pass</span>&nbsp;&nbsp;
												<span class="tn">&nbsp;&nbsp;&nbsp;&nbsp;&nbsp;&nbsp;&nbsp;&nbsp;|---[When user clicks on Sign-In Button] started</span>
												
												<div class="st pass">
													<span class="tt">12.18.2019 23:46:33</span>&nbsp;
													<span class="ts">pass</span>&nbsp;&nbsp; 
													<span class="tn">&nbsp;&nbsp;&nbsp;&nbsp;&nbsp;&nbsp;&nbsp;&nbsp;|---[When user clicks on Sign-In Button]</span>
													
													<span class="td"></span>
												</div>
											</div>
											<div class="st pass test l3" 
												tags=""
												devices="">
												<span class="tt">12.18.2019 23:46:33</span>&nbsp;
												<span class="ts">pass</span>&nbsp;&nbsp;
												<span class="tn">&nbsp;&nbsp;&nbsp;&nbsp;&nbsp;&nbsp;&nbsp;&nbsp;|---[Then user should be navigated to page with title "my HEMA"] started</span>
												
												<div class="st pass">
													<span class="tt">12.18.2019 23:46:33</span>&nbsp;
													<span class="ts">pass</span>&nbsp;&nbsp; 
													<span class="tn">&nbsp;&nbsp;&nbsp;&nbsp;&nbsp;&nbsp;&nbsp;&nbsp;|---[Then user should be navigated to page with title "my HEMA"]</span>
													
													<span class="td"></span>
												</div>
											</div>
											<div class="st pass test l3" 
												tags=""
												devices="">
												<span class="tt">12.18.2019 23:46:33</span>&nbsp;
												<span class="ts">pass</span>&nbsp;&nbsp;
												<span class="tn">&nbsp;&nbsp;&nbsp;&nbsp;&nbsp;&nbsp;&nbsp;&nbsp;|---[When user login with below credentials:] started</span>
												
												<div class="st pass">
													<span class="tt">12.18.2019 23:46:33</span>&nbsp;
													<span class="ts">pass</span>&nbsp;&nbsp; 
													<span class="tn">&nbsp;&nbsp;&nbsp;&nbsp;&nbsp;&nbsp;&nbsp;&nbsp;|---[When user login with below credentials:]</span>
													
													<span class="td"><table class='runtime-table table-striped table'><tr><td>qwer@.com</td><td>Asdf@1234</td></tr></table></span>
												</div>
											</div>
											<div class="st pass test l3" 
												tags=""
												devices="">
												<span class="tt">12.18.2019 23:46:38</span>&nbsp;
												<span class="ts">pass</span>&nbsp;&nbsp;
												<span class="tn">&nbsp;&nbsp;&nbsp;&nbsp;&nbsp;&nbsp;&nbsp;&nbsp;|---[Then error message "Sorry we don't recognise your details." should be displayed] started</span>
												
												<div class="st pass">
													<span class="tt">12.18.2019 23:46:38</span>&nbsp;
													<span class="ts">pass</span>&nbsp;&nbsp; 
													<span class="tn">&nbsp;&nbsp;&nbsp;&nbsp;&nbsp;&nbsp;&nbsp;&nbsp;|---[Then error message "Sorry we don't recognise your details." should be displayed]</span>
													
													<span class="td"></span>
												</div>
											</div>
											<div class="st pass test l3" 
												tags=""
												devices="">
												<span class="tt">12.18.2019 23:46:38</span>&nbsp;
												<span class="ts">pass</span>&nbsp;&nbsp;
												<span class="tn">&nbsp;&nbsp;&nbsp;&nbsp;&nbsp;&nbsp;&nbsp;&nbsp;|---[GenericSteps.tearDown(Scenario)] started</span>
												
												<div class="st pass">
													<span class="tt">12.18.2019 23:46:53</span>&nbsp;
													<span class="ts">pass</span>&nbsp;&nbsp; 
													<span class="tn">&nbsp;&nbsp;&nbsp;&nbsp;&nbsp;&nbsp;&nbsp;&nbsp;|---[GenericSteps.tearDown(Scenario)]</span>
													
													<span class="td"></span>
												</div>
											</div>
											<div class="st fail test l2" 
												tags="@Hema"
												devices="">
												<span class="tt">12.18.2019 23:46:53</span>&nbsp;
												<span class="ts">fail</span>&nbsp;&nbsp;
												<span class="tn">&nbsp;&nbsp;&nbsp;&nbsp;|---[verify user is not able to login with invalid credential and getting proper error message] started</span>
												<span class="category-list">
													<span class="category badge"><i class="fa fa-tag"></i> @Hema</span>
												</span>
												
											</div>
											<div class="st fail test l3" 
												tags=""
												devices="">
												<span class="tt">12.18.2019 23:46:53</span>&nbsp;
												<span class="ts">fail</span>&nbsp;&nbsp;
												<span class="tn">&nbsp;&nbsp;&nbsp;&nbsp;&nbsp;&nbsp;&nbsp;&nbsp;|---[Given Browser is opened and user is navigated to application url] started</span>
												
												<div class="st fail">
													<span class="tt">12.18.2019 23:47:05</span>&nbsp;
													<span class="ts">fail</span>&nbsp;&nbsp; 
													<span class="tn">&nbsp;&nbsp;&nbsp;&nbsp;&nbsp;&nbsp;&nbsp;&nbsp;|---[Given Browser is opened and user is navigated to application url]</span>
													
													<span class="td">threw an exception<br><textarea disabled class="code-block">org.openqa.selenium.WebDriverException: unknown error: cannot determine loading status
from disconnected: received Inspector.detached event
  (Session info: chrome=79.0.3945.79)
Build info: version: '3.141.59', revision: 'e82be7d358', time: '2018-11-14T08:17:03'
System info: host: 'DESKTOP-NPH96C5', ip: '192.168.178.116', os.name: 'Windows 10', os.arch: 'amd64', os.version: '10.0', java.version: '1.8.0_221'
Driver info: org.openqa.selenium.chrome.ChromeDriver
Capabilities {acceptInsecureCerts: false, browserName: chrome, browserVersion: 79.0.3945.79, chrome: {chromedriverVersion: 79.0.3945.36 (3582db32b3389..., userDataDir: C:\Users\ARPIT-~1\AppData\L...}, goog:chromeOptions: {debuggerAddress: localhost:51977}, javascriptEnabled: true, networkConnectionEnabled: false, pageLoadStrategy: normal, platform: WINDOWS, platformName: WINDOWS, proxy: Proxy(), setWindowRect: true, strictFileInteractability: false, timeouts: {implicit: 0, pageLoad: 300000, script: 30000}, unhandledPromptBehavior: dismiss and notify}
Session ID: 003443e97258d463084caa7ce5aa6401
	at sun.reflect.NativeConstructorAccessorImpl.newInstance0(Native Method)
	at sun.reflect.NativeConstructorAccessorImpl.newInstance(NativeConstructorAccessorImpl.java:62)
	at sun.reflect.DelegatingConstructorAccessorImpl.newInstance(DelegatingConstructorAccessorImpl.java:45)
	at java.lang.reflect.Constructor.newInstance(Constructor.java:423)
	at org.openqa.selenium.remote.http.W3CHttpResponseCodec.createException(W3CHttpResponseCodec.java:187)
	at org.openqa.selenium.remote.http.W3CHttpResponseCodec.decode(W3CHttpResponseCodec.java:122)
	at org.openqa.selenium.remote.http.W3CHttpResponseCodec.decode(W3CHttpResponseCodec.java:49)
	at org.openqa.selenium.remote.HttpCommandExecutor.execute(HttpCommandExecutor.java:158)
	at org.openqa.selenium.remote.service.DriverCommandExecutor.execute(DriverCommandExecutor.java:83)
	at org.openqa.selenium.remote.RemoteWebDriver.execute(RemoteWebDriver.java:552)
	at org.openqa.selenium.remote.RemoteWebDriver.get(RemoteWebDriver.java:277)
	at StepDefinitions.GenericSteps.browserISOpenedAndUserIsNavigatedToApplicationUrl(GenericSteps.java:31)
	at ?.Browser is opened and user is navigated to application url(file:src/test/java/Features/ErrorTests.feature:5)
</textarea></span>
												</div>
											</div>
											<div class="st skip test l3" 
												tags=""
												devices="">
												<span class="tt">12.18.2019 23:47:05</span>&nbsp;
												<span class="ts">skip</span>&nbsp;&nbsp;
												<span class="tn">&nbsp;&nbsp;&nbsp;&nbsp;&nbsp;&nbsp;&nbsp;&nbsp;|---[When user clicks on Sign-In Button] started</span>
												
												<div class="st skip">
													<span class="tt">12.18.2019 23:47:05</span>&nbsp;
													<span class="ts">skip</span>&nbsp;&nbsp; 
													<span class="tn">&nbsp;&nbsp;&nbsp;&nbsp;&nbsp;&nbsp;&nbsp;&nbsp;|---[When user clicks on Sign-In Button]</span>
													
													<span class="td">Step skipped</span>
												</div>
											</div>
											<div class="st skip test l3" 
												tags=""
												devices="">
												<span class="tt">12.18.2019 23:47:05</span>&nbsp;
												<span class="ts">skip</span>&nbsp;&nbsp;
												<span class="tn">&nbsp;&nbsp;&nbsp;&nbsp;&nbsp;&nbsp;&nbsp;&nbsp;|---[Then user should be navigated to page with title "my HEMA"] started</span>
												
												<div class="st skip">
													<span class="tt">12.18.2019 23:47:05</span>&nbsp;
													<span class="ts">skip</span>&nbsp;&nbsp; 
													<span class="tn">&nbsp;&nbsp;&nbsp;&nbsp;&nbsp;&nbsp;&nbsp;&nbsp;|---[Then user should be navigated to page with title "my HEMA"]</span>
													
													<span class="td">Step skipped</span>
												</div>
											</div>
											<div class="st skip test l3" 
												tags=""
												devices="">
												<span class="tt">12.18.2019 23:47:05</span>&nbsp;
												<span class="ts">skip</span>&nbsp;&nbsp;
												<span class="tn">&nbsp;&nbsp;&nbsp;&nbsp;&nbsp;&nbsp;&nbsp;&nbsp;|---[When user login with below credentials:] started</span>
												
												<div class="st pass">
													<span class="tt">12.18.2019 23:47:05</span>&nbsp;
													<span class="ts">pass</span>&nbsp;&nbsp; 
													<span class="tn">&nbsp;&nbsp;&nbsp;&nbsp;&nbsp;&nbsp;&nbsp;&nbsp;|---[When user login with below credentials:]</span>
													
													<span class="td"><table class='runtime-table table-striped table'><tr><td></td><td>Asdf@1234</td></tr></table></span>
												</div>
												<div class="st skip">
													<span class="tt">12.18.2019 23:47:05</span>&nbsp;
													<span class="ts">skip</span>&nbsp;&nbsp; 
													<span class="tn">&nbsp;&nbsp;&nbsp;&nbsp;&nbsp;&nbsp;&nbsp;&nbsp;|---[When user login with below credentials:]</span>
													
													<span class="td">Step skipped</span>
												</div>
											</div>
											<div class="st skip test l3" 
												tags=""
												devices="">
												<span class="tt">12.18.2019 23:47:05</span>&nbsp;
												<span class="ts">skip</span>&nbsp;&nbsp;
												<span class="tn">&nbsp;&nbsp;&nbsp;&nbsp;&nbsp;&nbsp;&nbsp;&nbsp;|---[Then error message "Sorry we don't recognise your details." should be displayed] started</span>
												
												<div class="st skip">
													<span class="tt">12.18.2019 23:47:05</span>&nbsp;
													<span class="ts">skip</span>&nbsp;&nbsp; 
													<span class="tn">&nbsp;&nbsp;&nbsp;&nbsp;&nbsp;&nbsp;&nbsp;&nbsp;|---[Then error message "Sorry we don't recognise your details." should be displayed]</span>
													
													<span class="td">Step skipped</span>
												</div>
											</div>
											<div class="st fail test l3" 
												tags=""
												devices="">
												<span class="tt">12.18.2019 23:47:05</span>&nbsp;
												<span class="ts">fail</span>&nbsp;&nbsp;
												<span class="tn">&nbsp;&nbsp;&nbsp;&nbsp;&nbsp;&nbsp;&nbsp;&nbsp;|---[GenericSteps.tearDown(Scenario)] started</span>
												
												<div class="st fail">
													<span class="tt">12.18.2019 23:47:08</span>&nbsp;
													<span class="ts">fail</span>&nbsp;&nbsp; 
													<span class="tn">&nbsp;&nbsp;&nbsp;&nbsp;&nbsp;&nbsp;&nbsp;&nbsp;|---[GenericSteps.tearDown(Scenario)]</span>
													
													<span class="td">threw an exception<br><textarea disabled class="code-block">org.openqa.selenium.WebDriverException: chrome not reachable
  (Session info: chrome=79.0.3945.79)
Build info: version: '3.141.59', revision: 'e82be7d358', time: '2018-11-14T08:17:03'
System info: host: 'DESKTOP-NPH96C5', ip: '192.168.178.116', os.name: 'Windows 10', os.arch: 'amd64', os.version: '10.0', java.version: '1.8.0_221'
Driver info: org.openqa.selenium.chrome.ChromeDriver
Capabilities {acceptInsecureCerts: false, browserName: chrome, browserVersion: 79.0.3945.79, chrome: {chromedriverVersion: 79.0.3945.36 (3582db32b3389..., userDataDir: C:\Users\ARPIT-~1\AppData\L...}, goog:chromeOptions: {debuggerAddress: localhost:51977}, javascriptEnabled: true, networkConnectionEnabled: false, pageLoadStrategy: normal, platform: WINDOWS, platformName: WINDOWS, proxy: Proxy(), setWindowRect: true, strictFileInteractability: false, timeouts: {implicit: 0, pageLoad: 300000, script: 30000}, unhandledPromptBehavior: dismiss and notify}
Session ID: 003443e97258d463084caa7ce5aa6401
	at sun.reflect.NativeConstructorAccessorImpl.newInstance0(Native Method)
	at sun.reflect.NativeConstructorAccessorImpl.newInstance(NativeConstructorAccessorImpl.java:62)
	at sun.reflect.DelegatingConstructorAccessorImpl.newInstance(DelegatingConstructorAccessorImpl.java:45)
	at java.lang.reflect.Constructor.newInstance(Constructor.java:423)
	at org.openqa.selenium.remote.http.W3CHttpResponseCodec.createException(W3CHttpResponseCodec.java:187)
	at org.openqa.selenium.remote.http.W3CHttpResponseCodec.decode(W3CHttpResponseCodec.java:122)
	at org.openqa.selenium.remote.http.W3CHttpResponseCodec.decode(W3CHttpResponseCodec.java:49)
	at org.openqa.selenium.remote.HttpCommandExecutor.execute(HttpCommandExecutor.java:158)
	at org.openqa.selenium.remote.service.DriverCommandExecutor.execute(DriverCommandExecutor.java:83)
	at org.openqa.selenium.remote.RemoteWebDriver.execute(RemoteWebDriver.java:552)
	at org.openqa.selenium.remote.RemoteWebDriver.execute(RemoteWebDriver.java:609)
	at org.openqa.selenium.remote.RemoteWebDriver.getScreenshotAs(RemoteWebDriver.java:295)
	at Utility.BaseUtils.captureScreenShot(BaseUtils.java:71)
	at StepDefinitions.GenericSteps.tearDown(GenericSteps.java:41)
	at sun.reflect.NativeMethodAccessorImpl.invoke0(Native Method)
	at sun.reflect.NativeMethodAccessorImpl.invoke(NativeMethodAccessorImpl.java:62)
	at sun.reflect.DelegatingMethodAccessorImpl.invoke(DelegatingMethodAccessorImpl.java:43)
	at java.lang.reflect.Method.invoke(Method.java:498)
	at cucumber.runtime.Utils$1.call(Utils.java:26)
	at cucumber.runtime.Timeout.timeout(Timeout.java:16)
	at cucumber.runtime.Utils.invoke(Utils.java:20)
	at cucumber.runtime.java.JavaHookDefinition.execute(JavaHookDefinition.java:60)
	at cucumber.runner.HookDefinitionMatch.runStep(HookDefinitionMatch.java:16)
	at cucumber.runner.TestStep.executeStep(TestStep.java:65)
	at cucumber.runner.TestStep.run(TestStep.java:50)
	at cucumber.runner.TestCase.run(TestCase.java:50)
	at cucumber.runner.Runner.runPickle(Runner.java:50)
	at cucumber.api.testng.TestNGCucumberRunner.runScenario(TestNGCucumberRunner.java:58)
	at TestRunner.TestRunner.scenario(TestRunner.java:22)
	at sun.reflect.NativeMethodAccessorImpl.invoke0(Native Method)
	at sun.reflect.NativeMethodAccessorImpl.invoke(NativeMethodAccessorImpl.java:62)
	at sun.reflect.DelegatingMethodAccessorImpl.invoke(DelegatingMethodAccessorImpl.java:43)
	at java.lang.reflect.Method.invoke(Method.java:498)
	at org.testng.internal.MethodInvocationHelper.invokeMethod(MethodInvocationHelper.java:124)
	at org.testng.internal.Invoker.invokeMethod(Invoker.java:583)
	at org.testng.internal.Invoker.invokeTestMethod(Invoker.java:719)
	at org.testng.internal.Invoker.invokeTestMethods(Invoker.java:989)
	at org.testng.internal.TestMethodWorker.invokeTestMethods(TestMethodWorker.java:125)
	at org.testng.internal.TestMethodWorker.run(TestMethodWorker.java:109)
	at org.testng.TestRunner.privateRun(TestRunner.java:648)
	at org.testng.TestRunner.run(TestRunner.java:505)
	at org.testng.SuiteRunner.runTest(SuiteRunner.java:455)
	at org.testng.SuiteRunner.runSequentially(SuiteRunner.java:450)
	at org.testng.SuiteRunner.privateRun(SuiteRunner.java:415)
	at org.testng.SuiteRunner.run(SuiteRunner.java:364)
	at org.testng.SuiteRunnerWorker.runSuite(SuiteRunnerWorker.java:52)
	at org.testng.SuiteRunnerWorker.run(SuiteRunnerWorker.java:84)
	at org.testng.TestNG.runSuitesSequentially(TestNG.java:1208)
	at org.testng.TestNG.runSuitesLocally(TestNG.java:1137)
	at org.testng.TestNG.runSuites(TestNG.java:1049)
	at org.testng.TestNG.run(TestNG.java:1017)
	at org.apache.maven.surefire.testng.TestNGExecutor.run(TestNGExecutor.java:77)
	at org.apache.maven.surefire.testng.TestNGDirectoryTestSuite.executeMulti(TestNGDirectoryTestSuite.java:159)
	at org.apache.maven.surefire.testng.TestNGDirectoryTestSuite.execute(TestNGDirectoryTestSuite.java:99)
	at org.apache.maven.surefire.testng.TestNGProvider.invoke(TestNGProvider.java:106)
	at sun.reflect.NativeMethodAccessorImpl.invoke0(Native Method)
	at sun.reflect.NativeMethodAccessorImpl.invoke(NativeMethodAccessorImpl.java:62)
	at sun.reflect.DelegatingMethodAccessorImpl.invoke(DelegatingMethodAccessorImpl.java:43)
	at java.lang.reflect.Method.invoke(Method.java:498)
	at org.apache.maven.surefire.util.ReflectionUtils.invokeMethodWithArray(ReflectionUtils.java:189)
	at org.apache.maven.surefire.booter.ProviderFactory$ProviderProxy.invoke(ProviderFactory.java:165)
	at org.apache.maven.surefire.booter.ProviderFactory.invokeProvider(ProviderFactory.java:85)
	at org.apache.maven.surefire.booter.ForkedBooter.runSuitesInProcess(ForkedBooter.java:115)
	at org.apache.maven.surefire.booter.ForkedBooter.main(ForkedBooter.java:75)
</textarea></span>
												</div>
											</div>
											<div class="st fail test l1" 
												tags=""
												devices="">
												<span class="tt">12.18.2019 23:47:08</span>&nbsp;
												<span class="ts">fail</span>&nbsp;&nbsp;
												<span class="tn">|---[verify user is not able to navigate to registration form without giving valid email id and getting proper error message] started</span>
												
											</div>
											<div class="st fail test l2" 
												tags="@Hema"
												devices="">
												<span class="tt">12.18.2019 23:47:08</span>&nbsp;
												<span class="ts">fail</span>&nbsp;&nbsp;
												<span class="tn">&nbsp;&nbsp;&nbsp;&nbsp;|---[verify user is not able to navigate to registration form without giving valid email id and getting proper error message] started</span>
												<span class="category-list">
													<span class="category badge"><i class="fa fa-tag"></i> @Hema</span>
												</span>
												
											</div>
											<div class="st fail test l3" 
												tags=""
												devices="">
												<span class="tt">12.18.2019 23:47:08</span>&nbsp;
												<span class="ts">fail</span>&nbsp;&nbsp;
												<span class="tn">&nbsp;&nbsp;&nbsp;&nbsp;&nbsp;&nbsp;&nbsp;&nbsp;|---[Given Browser is opened and user is navigated to application url] started</span>
												
												<div class="st fail">
													<span class="tt">12.18.2019 23:47:28</span>&nbsp;
													<span class="ts">fail</span>&nbsp;&nbsp; 
													<span class="tn">&nbsp;&nbsp;&nbsp;&nbsp;&nbsp;&nbsp;&nbsp;&nbsp;|---[Given Browser is opened and user is navigated to application url]</span>
													
													<span class="td">threw an exception<br><textarea disabled class="code-block">org.openqa.selenium.WebDriverException: chrome not reachable
  (Session info: chrome=79.0.3945.79)
Build info: version: '3.141.59', revision: 'e82be7d358', time: '2018-11-14T08:17:03'
System info: host: 'DESKTOP-NPH96C5', ip: '192.168.178.116', os.name: 'Windows 10', os.arch: 'amd64', os.version: '10.0', java.version: '1.8.0_221'
Driver info: org.openqa.selenium.chrome.ChromeDriver
Capabilities {acceptInsecureCerts: false, browserName: chrome, browserVersion: 79.0.3945.79, chrome: {chromedriverVersion: 79.0.3945.36 (3582db32b3389..., userDataDir: C:\Users\ARPIT-~1\AppData\L...}, goog:chromeOptions: {debuggerAddress: localhost:52005}, javascriptEnabled: true, networkConnectionEnabled: false, pageLoadStrategy: normal, platform: WINDOWS, platformName: WINDOWS, proxy: Proxy(), setWindowRect: true, strictFileInteractability: false, timeouts: {implicit: 0, pageLoad: 300000, script: 30000}, unhandledPromptBehavior: dismiss and notify}
Session ID: 93670ea584814befcee65b23b19ce935
	at sun.reflect.NativeConstructorAccessorImpl.newInstance0(Native Method)
	at sun.reflect.NativeConstructorAccessorImpl.newInstance(NativeConstructorAccessorImpl.java:62)
	at sun.reflect.DelegatingConstructorAccessorImpl.newInstance(DelegatingConstructorAccessorImpl.java:45)
	at java.lang.reflect.Constructor.newInstance(Constructor.java:423)
	at org.openqa.selenium.remote.http.W3CHttpResponseCodec.createException(W3CHttpResponseCodec.java:187)
	at org.openqa.selenium.remote.http.W3CHttpResponseCodec.decode(W3CHttpResponseCodec.java:122)
	at org.openqa.selenium.remote.http.W3CHttpResponseCodec.decode(W3CHttpResponseCodec.java:49)
	at org.openqa.selenium.remote.HttpCommandExecutor.execute(HttpCommandExecutor.java:158)
	at org.openqa.selenium.remote.service.DriverCommandExecutor.execute(DriverCommandExecutor.java:83)
	at org.openqa.selenium.remote.RemoteWebDriver.execute(RemoteWebDriver.java:552)
	at org.openqa.selenium.remote.RemoteWebDriver.execute(RemoteWebDriver.java:609)
	at org.openqa.selenium.remote.RemoteWebDriver$RemoteWebDriverOptions$RemoteWindow.maximize(RemoteWebDriver.java:837)
	at StepDefinitions.GenericSteps.browserISOpenedAndUserIsNavigatedToApplicationUrl(GenericSteps.java:32)
	at ?.Browser is opened and user is navigated to application url(file:src/test/java/Features/ErrorTests.feature:5)
</textarea></span>
												</div>
											</div>
											<div class="st skip test l3" 
												tags=""
												devices="">
												<span class="tt">12.18.2019 23:47:28</span>&nbsp;
												<span class="ts">skip</span>&nbsp;&nbsp;
												<span class="tn">&nbsp;&nbsp;&nbsp;&nbsp;&nbsp;&nbsp;&nbsp;&nbsp;|---[When user clicks on Sign-In Button] started</span>
												
												<div class="st skip">
													<span class="tt">12.18.2019 23:47:28</span>&nbsp;
													<span class="ts">skip</span>&nbsp;&nbsp; 
													<span class="tn">&nbsp;&nbsp;&nbsp;&nbsp;&nbsp;&nbsp;&nbsp;&nbsp;|---[When user clicks on Sign-In Button]</span>
													
													<span class="td">Step skipped</span>
												</div>
											</div>
											<div class="st skip test l3" 
												tags=""
												devices="">
												<span class="tt">12.18.2019 23:47:28</span>&nbsp;
												<span class="ts">skip</span>&nbsp;&nbsp;
												<span class="tn">&nbsp;&nbsp;&nbsp;&nbsp;&nbsp;&nbsp;&nbsp;&nbsp;|---[Then user should be navigated to page with title "my HEMA"] started</span>
												
												<div class="st skip">
													<span class="tt">12.18.2019 23:47:28</span>&nbsp;
													<span class="ts">skip</span>&nbsp;&nbsp; 
													<span class="tn">&nbsp;&nbsp;&nbsp;&nbsp;&nbsp;&nbsp;&nbsp;&nbsp;|---[Then user should be navigated to page with title "my HEMA"]</span>
													
													<span class="td">Step skipped</span>
												</div>
											</div>
											<div class="st skip test l3" 
												tags=""
												devices="">
												<span class="tt">12.18.2019 23:47:28</span>&nbsp;
												<span class="ts">skip</span>&nbsp;&nbsp;
												<span class="tn">&nbsp;&nbsp;&nbsp;&nbsp;&nbsp;&nbsp;&nbsp;&nbsp;|---[When user enters "" for registration and click on continue] started</span>
												
												<div class="st skip">
													<span class="tt">12.18.2019 23:47:28</span>&nbsp;
													<span class="ts">skip</span>&nbsp;&nbsp; 
													<span class="tn">&nbsp;&nbsp;&nbsp;&nbsp;&nbsp;&nbsp;&nbsp;&nbsp;|---[When user enters "" for registration and click on continue]</span>
													
													<span class="td">Step skipped</span>
												</div>
											</div>
											<div class="st skip test l3" 
												tags=""
												devices="">
												<span class="tt">12.18.2019 23:47:28</span>&nbsp;
												<span class="ts">skip</span>&nbsp;&nbsp;
												<span class="tn">&nbsp;&nbsp;&nbsp;&nbsp;&nbsp;&nbsp;&nbsp;&nbsp;|---[Then error message "enter a valid value" should be displayed for registration] started</span>
												
												<div class="st skip">
													<span class="tt">12.18.2019 23:47:28</span>&nbsp;
													<span class="ts">skip</span>&nbsp;&nbsp; 
													<span class="tn">&nbsp;&nbsp;&nbsp;&nbsp;&nbsp;&nbsp;&nbsp;&nbsp;|---[Then error message "enter a valid value" should be displayed for registration]</span>
													
													<span class="td">Step skipped</span>
												</div>
											</div>
											<div class="st fail test l3" 
												tags=""
												devices="">
												<span class="tt">12.18.2019 23:47:28</span>&nbsp;
												<span class="ts">fail</span>&nbsp;&nbsp;
												<span class="tn">&nbsp;&nbsp;&nbsp;&nbsp;&nbsp;&nbsp;&nbsp;&nbsp;|---[GenericSteps.tearDown(Scenario)] started</span>
												
												<div class="st fail">
													<span class="tt">12.18.2019 23:47:34</span>&nbsp;
													<span class="ts">fail</span>&nbsp;&nbsp; 
													<span class="tn">&nbsp;&nbsp;&nbsp;&nbsp;&nbsp;&nbsp;&nbsp;&nbsp;|---[GenericSteps.tearDown(Scenario)]</span>
													
													<span class="td">threw an exception<br><textarea disabled class="code-block">org.openqa.selenium.WebDriverException: chrome not reachable
  (Session info: chrome=79.0.3945.79)
Build info: version: '3.141.59', revision: 'e82be7d358', time: '2018-11-14T08:17:03'
System info: host: 'DESKTOP-NPH96C5', ip: '192.168.178.116', os.name: 'Windows 10', os.arch: 'amd64', os.version: '10.0', java.version: '1.8.0_221'
Driver info: org.openqa.selenium.chrome.ChromeDriver
Capabilities {acceptInsecureCerts: false, browserName: chrome, browserVersion: 79.0.3945.79, chrome: {chromedriverVersion: 79.0.3945.36 (3582db32b3389..., userDataDir: C:\Users\ARPIT-~1\AppData\L...}, goog:chromeOptions: {debuggerAddress: localhost:52005}, javascriptEnabled: true, networkConnectionEnabled: false, pageLoadStrategy: normal, platform: WINDOWS, platformName: WINDOWS, proxy: Proxy(), setWindowRect: true, strictFileInteractability: false, timeouts: {implicit: 0, pageLoad: 300000, script: 30000}, unhandledPromptBehavior: dismiss and notify}
Session ID: 93670ea584814befcee65b23b19ce935
	at sun.reflect.NativeConstructorAccessorImpl.newInstance0(Native Method)
	at sun.reflect.NativeConstructorAccessorImpl.newInstance(NativeConstructorAccessorImpl.java:62)
	at sun.reflect.DelegatingConstructorAccessorImpl.newInstance(DelegatingConstructorAccessorImpl.java:45)
	at java.lang.reflect.Constructor.newInstance(Constructor.java:423)
	at org.openqa.selenium.remote.http.W3CHttpResponseCodec.createException(W3CHttpResponseCodec.java:187)
	at org.openqa.selenium.remote.http.W3CHttpResponseCodec.decode(W3CHttpResponseCodec.java:122)
	at org.openqa.selenium.remote.http.W3CHttpResponseCodec.decode(W3CHttpResponseCodec.java:49)
	at org.openqa.selenium.remote.HttpCommandExecutor.execute(HttpCommandExecutor.java:158)
	at org.openqa.selenium.remote.service.DriverCommandExecutor.execute(DriverCommandExecutor.java:83)
	at org.openqa.selenium.remote.RemoteWebDriver.execute(RemoteWebDriver.java:552)
	at org.openqa.selenium.remote.RemoteWebDriver.execute(RemoteWebDriver.java:609)
	at org.openqa.selenium.remote.RemoteWebDriver.getScreenshotAs(RemoteWebDriver.java:295)
	at Utility.BaseUtils.captureScreenShot(BaseUtils.java:71)
	at StepDefinitions.GenericSteps.tearDown(GenericSteps.java:41)
	at sun.reflect.NativeMethodAccessorImpl.invoke0(Native Method)
	at sun.reflect.NativeMethodAccessorImpl.invoke(NativeMethodAccessorImpl.java:62)
	at sun.reflect.DelegatingMethodAccessorImpl.invoke(DelegatingMethodAccessorImpl.java:43)
	at java.lang.reflect.Method.invoke(Method.java:498)
	at cucumber.runtime.Utils$1.call(Utils.java:26)
	at cucumber.runtime.Timeout.timeout(Timeout.java:16)
	at cucumber.runtime.Utils.invoke(Utils.java:20)
	at cucumber.runtime.java.JavaHookDefinition.execute(JavaHookDefinition.java:60)
	at cucumber.runner.HookDefinitionMatch.runStep(HookDefinitionMatch.java:16)
	at cucumber.runner.TestStep.executeStep(TestStep.java:65)
	at cucumber.runner.TestStep.run(TestStep.java:50)
	at cucumber.runner.TestCase.run(TestCase.java:50)
	at cucumber.runner.Runner.runPickle(Runner.java:50)
	at cucumber.api.testng.TestNGCucumberRunner.runScenario(TestNGCucumberRunner.java:58)
	at TestRunner.TestRunner.scenario(TestRunner.java:22)
	at sun.reflect.NativeMethodAccessorImpl.invoke0(Native Method)
	at sun.reflect.NativeMethodAccessorImpl.invoke(NativeMethodAccessorImpl.java:62)
	at sun.reflect.DelegatingMethodAccessorImpl.invoke(DelegatingMethodAccessorImpl.java:43)
	at java.lang.reflect.Method.invoke(Method.java:498)
	at org.testng.internal.MethodInvocationHelper.invokeMethod(MethodInvocationHelper.java:124)
	at org.testng.internal.Invoker.invokeMethod(Invoker.java:583)
	at org.testng.internal.Invoker.invokeTestMethod(Invoker.java:719)
	at org.testng.internal.Invoker.invokeTestMethods(Invoker.java:989)
	at org.testng.internal.TestMethodWorker.invokeTestMethods(TestMethodWorker.java:125)
	at org.testng.internal.TestMethodWorker.run(TestMethodWorker.java:109)
	at org.testng.TestRunner.privateRun(TestRunner.java:648)
	at org.testng.TestRunner.run(TestRunner.java:505)
	at org.testng.SuiteRunner.runTest(SuiteRunner.java:455)
	at org.testng.SuiteRunner.runSequentially(SuiteRunner.java:450)
	at org.testng.SuiteRunner.privateRun(SuiteRunner.java:415)
	at org.testng.SuiteRunner.run(SuiteRunner.java:364)
	at org.testng.SuiteRunnerWorker.runSuite(SuiteRunnerWorker.java:52)
	at org.testng.SuiteRunnerWorker.run(SuiteRunnerWorker.java:84)
	at org.testng.TestNG.runSuitesSequentially(TestNG.java:1208)
	at org.testng.TestNG.runSuitesLocally(TestNG.java:1137)
	at org.testng.TestNG.runSuites(TestNG.java:1049)
	at org.testng.TestNG.run(TestNG.java:1017)
	at org.apache.maven.surefire.testng.TestNGExecutor.run(TestNGExecutor.java:77)
	at org.apache.maven.surefire.testng.TestNGDirectoryTestSuite.executeMulti(TestNGDirectoryTestSuite.java:159)
	at org.apache.maven.surefire.testng.TestNGDirectoryTestSuite.execute(TestNGDirectoryTestSuite.java:99)
	at org.apache.maven.surefire.testng.TestNGProvider.invoke(TestNGProvider.java:106)
	at sun.reflect.NativeMethodAccessorImpl.invoke0(Native Method)
	at sun.reflect.NativeMethodAccessorImpl.invoke(NativeMethodAccessorImpl.java:62)
	at sun.reflect.DelegatingMethodAccessorImpl.invoke(DelegatingMethodAccessorImpl.java:43)
	at java.lang.reflect.Method.invoke(Method.java:498)
	at org.apache.maven.surefire.util.ReflectionUtils.invokeMethodWithArray(ReflectionUtils.java:189)
	at org.apache.maven.surefire.booter.ProviderFactory$ProviderProxy.invoke(ProviderFactory.java:165)
	at org.apache.maven.surefire.booter.ProviderFactory.invokeProvider(ProviderFactory.java:85)
	at org.apache.maven.surefire.booter.ForkedBooter.runSuitesInProcess(ForkedBooter.java:115)
	at org.apache.maven.surefire.booter.ForkedBooter.main(ForkedBooter.java:75)
</textarea></span>
												</div>
											</div>
											<div class="st fail test l2" 
												tags="@Hema"
												devices="">
												<span class="tt">12.18.2019 23:47:34</span>&nbsp;
												<span class="ts">fail</span>&nbsp;&nbsp;
												<span class="tn">&nbsp;&nbsp;&nbsp;&nbsp;|---[verify user is not able to navigate to registration form without giving valid email id and getting proper error message] started</span>
												<span class="category-list">
													<span class="category badge"><i class="fa fa-tag"></i> @Hema</span>
												</span>
												
											</div>
											<div class="st fail test l3" 
												tags=""
												devices="">
												<span class="tt">12.18.2019 23:47:34</span>&nbsp;
												<span class="ts">fail</span>&nbsp;&nbsp;
												<span class="tn">&nbsp;&nbsp;&nbsp;&nbsp;&nbsp;&nbsp;&nbsp;&nbsp;|---[Given Browser is opened and user is navigated to application url] started</span>
												
												<div class="st fail">
													<span class="tt">12.18.2019 23:47:47</span>&nbsp;
													<span class="ts">fail</span>&nbsp;&nbsp; 
													<span class="tn">&nbsp;&nbsp;&nbsp;&nbsp;&nbsp;&nbsp;&nbsp;&nbsp;|---[Given Browser is opened and user is navigated to application url]</span>
													
													<span class="td">threw an exception<br><textarea disabled class="code-block">org.openqa.selenium.WebDriverException: chrome not reachable
  (Session info: chrome=79.0.3945.79)
Build info: version: '3.141.59', revision: 'e82be7d358', time: '2018-11-14T08:17:03'
System info: host: 'DESKTOP-NPH96C5', ip: '192.168.178.116', os.name: 'Windows 10', os.arch: 'amd64', os.version: '10.0', java.version: '1.8.0_221'
Driver info: org.openqa.selenium.chrome.ChromeDriver
Capabilities {acceptInsecureCerts: false, browserName: chrome, browserVersion: 79.0.3945.79, chrome: {chromedriverVersion: 79.0.3945.36 (3582db32b3389..., userDataDir: C:\Users\ARPIT-~1\AppData\L...}, goog:chromeOptions: {debuggerAddress: localhost:52058}, javascriptEnabled: true, networkConnectionEnabled: false, pageLoadStrategy: normal, platform: WINDOWS, platformName: WINDOWS, proxy: Proxy(), setWindowRect: true, strictFileInteractability: false, timeouts: {implicit: 0, pageLoad: 300000, script: 30000}, unhandledPromptBehavior: dismiss and notify}
Session ID: 5bdae4959ccbefc44128bb952cceb268
	at sun.reflect.NativeConstructorAccessorImpl.newInstance0(Native Method)
	at sun.reflect.NativeConstructorAccessorImpl.newInstance(NativeConstructorAccessorImpl.java:62)
	at sun.reflect.DelegatingConstructorAccessorImpl.newInstance(DelegatingConstructorAccessorImpl.java:45)
	at java.lang.reflect.Constructor.newInstance(Constructor.java:423)
	at org.openqa.selenium.remote.http.W3CHttpResponseCodec.createException(W3CHttpResponseCodec.java:187)
	at org.openqa.selenium.remote.http.W3CHttpResponseCodec.decode(W3CHttpResponseCodec.java:122)
	at org.openqa.selenium.remote.http.W3CHttpResponseCodec.decode(W3CHttpResponseCodec.java:49)
	at org.openqa.selenium.remote.HttpCommandExecutor.execute(HttpCommandExecutor.java:158)
	at org.openqa.selenium.remote.service.DriverCommandExecutor.execute(DriverCommandExecutor.java:83)
	at org.openqa.selenium.remote.RemoteWebDriver.execute(RemoteWebDriver.java:552)
	at org.openqa.selenium.remote.RemoteWebDriver.execute(RemoteWebDriver.java:609)
	at org.openqa.selenium.remote.RemoteWebDriver$RemoteWebDriverOptions$RemoteWindow.maximize(RemoteWebDriver.java:837)
	at StepDefinitions.GenericSteps.browserISOpenedAndUserIsNavigatedToApplicationUrl(GenericSteps.java:32)
	at ?.Browser is opened and user is navigated to application url(file:src/test/java/Features/ErrorTests.feature:5)
</textarea></span>
												</div>
											</div>
											<div class="st skip test l3" 
												tags=""
												devices="">
												<span class="tt">12.18.2019 23:47:47</span>&nbsp;
												<span class="ts">skip</span>&nbsp;&nbsp;
												<span class="tn">&nbsp;&nbsp;&nbsp;&nbsp;&nbsp;&nbsp;&nbsp;&nbsp;|---[When user clicks on Sign-In Button] started</span>
												
												<div class="st skip">
													<span class="tt">12.18.2019 23:47:47</span>&nbsp;
													<span class="ts">skip</span>&nbsp;&nbsp; 
													<span class="tn">&nbsp;&nbsp;&nbsp;&nbsp;&nbsp;&nbsp;&nbsp;&nbsp;|---[When user clicks on Sign-In Button]</span>
													
													<span class="td">Step skipped</span>
												</div>
											</div>
											<div class="st skip test l3" 
												tags=""
												devices="">
												<span class="tt">12.18.2019 23:47:47</span>&nbsp;
												<span class="ts">skip</span>&nbsp;&nbsp;
												<span class="tn">&nbsp;&nbsp;&nbsp;&nbsp;&nbsp;&nbsp;&nbsp;&nbsp;|---[Then user should be navigated to page with title "my HEMA"] started</span>
												
												<div class="st skip">
													<span class="tt">12.18.2019 23:47:47</span>&nbsp;
													<span class="ts">skip</span>&nbsp;&nbsp; 
													<span class="tn">&nbsp;&nbsp;&nbsp;&nbsp;&nbsp;&nbsp;&nbsp;&nbsp;|---[Then user should be navigated to page with title "my HEMA"]</span>
													
													<span class="td">Step skipped</span>
												</div>
											</div>
											<div class="st skip test l3" 
												tags=""
												devices="">
												<span class="tt">12.18.2019 23:47:47</span>&nbsp;
												<span class="ts">skip</span>&nbsp;&nbsp;
												<span class="tn">&nbsp;&nbsp;&nbsp;&nbsp;&nbsp;&nbsp;&nbsp;&nbsp;|---[When user enters "aswd@.com" for registration and click on continue] started</span>
												
												<div class="st skip">
													<span class="tt">12.18.2019 23:47:47</span>&nbsp;
													<span class="ts">skip</span>&nbsp;&nbsp; 
													<span class="tn">&nbsp;&nbsp;&nbsp;&nbsp;&nbsp;&nbsp;&nbsp;&nbsp;|---[When user enters "aswd@.com" for registration and click on continue]</span>
													
													<span class="td">Step skipped</span>
												</div>
											</div>
											<div class="st skip test l3" 
												tags=""
												devices="">
												<span class="tt">12.18.2019 23:47:47</span>&nbsp;
												<span class="ts">skip</span>&nbsp;&nbsp;
												<span class="tn">&nbsp;&nbsp;&nbsp;&nbsp;&nbsp;&nbsp;&nbsp;&nbsp;|---[Then error message "e-mail address is not valid" should be displayed for registration] started</span>
												
												<div class="st skip">
													<span class="tt">12.18.2019 23:47:47</span>&nbsp;
													<span class="ts">skip</span>&nbsp;&nbsp; 
													<span class="tn">&nbsp;&nbsp;&nbsp;&nbsp;&nbsp;&nbsp;&nbsp;&nbsp;|---[Then error message "e-mail address is not valid" should be displayed for registration]</span>
													
													<span class="td">Step skipped</span>
												</div>
											</div>
											<div class="st fail test l3" 
												tags=""
												devices="">
												<span class="tt">12.18.2019 23:47:47</span>&nbsp;
												<span class="ts">fail</span>&nbsp;&nbsp;
												<span class="tn">&nbsp;&nbsp;&nbsp;&nbsp;&nbsp;&nbsp;&nbsp;&nbsp;|---[GenericSteps.tearDown(Scenario)] started</span>
												
												<div class="st fail">
													<span class="tt">12.18.2019 23:47:53</span>&nbsp;
													<span class="ts">fail</span>&nbsp;&nbsp; 
													<span class="tn">&nbsp;&nbsp;&nbsp;&nbsp;&nbsp;&nbsp;&nbsp;&nbsp;|---[GenericSteps.tearDown(Scenario)]</span>
													
													<span class="td">threw an exception<br><textarea disabled class="code-block">org.openqa.selenium.WebDriverException: chrome not reachable
  (Session info: chrome=79.0.3945.79)
Build info: version: '3.141.59', revision: 'e82be7d358', time: '2018-11-14T08:17:03'
System info: host: 'DESKTOP-NPH96C5', ip: '192.168.178.116', os.name: 'Windows 10', os.arch: 'amd64', os.version: '10.0', java.version: '1.8.0_221'
Driver info: org.openqa.selenium.chrome.ChromeDriver
Capabilities {acceptInsecureCerts: false, browserName: chrome, browserVersion: 79.0.3945.79, chrome: {chromedriverVersion: 79.0.3945.36 (3582db32b3389..., userDataDir: C:\Users\ARPIT-~1\AppData\L...}, goog:chromeOptions: {debuggerAddress: localhost:52058}, javascriptEnabled: true, networkConnectionEnabled: false, pageLoadStrategy: normal, platform: WINDOWS, platformName: WINDOWS, proxy: Proxy(), setWindowRect: true, strictFileInteractability: false, timeouts: {implicit: 0, pageLoad: 300000, script: 30000}, unhandledPromptBehavior: dismiss and notify}
Session ID: 5bdae4959ccbefc44128bb952cceb268
	at sun.reflect.NativeConstructorAccessorImpl.newInstance0(Native Method)
	at sun.reflect.NativeConstructorAccessorImpl.newInstance(NativeConstructorAccessorImpl.java:62)
	at sun.reflect.DelegatingConstructorAccessorImpl.newInstance(DelegatingConstructorAccessorImpl.java:45)
	at java.lang.reflect.Constructor.newInstance(Constructor.java:423)
	at org.openqa.selenium.remote.http.W3CHttpResponseCodec.createException(W3CHttpResponseCodec.java:187)
	at org.openqa.selenium.remote.http.W3CHttpResponseCodec.decode(W3CHttpResponseCodec.java:122)
	at org.openqa.selenium.remote.http.W3CHttpResponseCodec.decode(W3CHttpResponseCodec.java:49)
	at org.openqa.selenium.remote.HttpCommandExecutor.execute(HttpCommandExecutor.java:158)
	at org.openqa.selenium.remote.service.DriverCommandExecutor.execute(DriverCommandExecutor.java:83)
	at org.openqa.selenium.remote.RemoteWebDriver.execute(RemoteWebDriver.java:552)
	at org.openqa.selenium.remote.RemoteWebDriver.execute(RemoteWebDriver.java:609)
	at org.openqa.selenium.remote.RemoteWebDriver.getScreenshotAs(RemoteWebDriver.java:295)
	at Utility.BaseUtils.captureScreenShot(BaseUtils.java:71)
	at StepDefinitions.GenericSteps.tearDown(GenericSteps.java:41)
	at sun.reflect.NativeMethodAccessorImpl.invoke0(Native Method)
	at sun.reflect.NativeMethodAccessorImpl.invoke(NativeMethodAccessorImpl.java:62)
	at sun.reflect.DelegatingMethodAccessorImpl.invoke(DelegatingMethodAccessorImpl.java:43)
	at java.lang.reflect.Method.invoke(Method.java:498)
	at cucumber.runtime.Utils$1.call(Utils.java:26)
	at cucumber.runtime.Timeout.timeout(Timeout.java:16)
	at cucumber.runtime.Utils.invoke(Utils.java:20)
	at cucumber.runtime.java.JavaHookDefinition.execute(JavaHookDefinition.java:60)
	at cucumber.runner.HookDefinitionMatch.runStep(HookDefinitionMatch.java:16)
	at cucumber.runner.TestStep.executeStep(TestStep.java:65)
	at cucumber.runner.TestStep.run(TestStep.java:50)
	at cucumber.runner.TestCase.run(TestCase.java:50)
	at cucumber.runner.Runner.runPickle(Runner.java:50)
	at cucumber.api.testng.TestNGCucumberRunner.runScenario(TestNGCucumberRunner.java:58)
	at TestRunner.TestRunner.scenario(TestRunner.java:22)
	at sun.reflect.NativeMethodAccessorImpl.invoke0(Native Method)
	at sun.reflect.NativeMethodAccessorImpl.invoke(NativeMethodAccessorImpl.java:62)
	at sun.reflect.DelegatingMethodAccessorImpl.invoke(DelegatingMethodAccessorImpl.java:43)
	at java.lang.reflect.Method.invoke(Method.java:498)
	at org.testng.internal.MethodInvocationHelper.invokeMethod(MethodInvocationHelper.java:124)
	at org.testng.internal.Invoker.invokeMethod(Invoker.java:583)
	at org.testng.internal.Invoker.invokeTestMethod(Invoker.java:719)
	at org.testng.internal.Invoker.invokeTestMethods(Invoker.java:989)
	at org.testng.internal.TestMethodWorker.invokeTestMethods(TestMethodWorker.java:125)
	at org.testng.internal.TestMethodWorker.run(TestMethodWorker.java:109)
	at org.testng.TestRunner.privateRun(TestRunner.java:648)
	at org.testng.TestRunner.run(TestRunner.java:505)
	at org.testng.SuiteRunner.runTest(SuiteRunner.java:455)
	at org.testng.SuiteRunner.runSequentially(SuiteRunner.java:450)
	at org.testng.SuiteRunner.privateRun(SuiteRunner.java:415)
	at org.testng.SuiteRunner.run(SuiteRunner.java:364)
	at org.testng.SuiteRunnerWorker.runSuite(SuiteRunnerWorker.java:52)
	at org.testng.SuiteRunnerWorker.run(SuiteRunnerWorker.java:84)
	at org.testng.TestNG.runSuitesSequentially(TestNG.java:1208)
	at org.testng.TestNG.runSuitesLocally(TestNG.java:1137)
	at org.testng.TestNG.runSuites(TestNG.java:1049)
	at org.testng.TestNG.run(TestNG.java:1017)
	at org.apache.maven.surefire.testng.TestNGExecutor.run(TestNGExecutor.java:77)
	at org.apache.maven.surefire.testng.TestNGDirectoryTestSuite.executeMulti(TestNGDirectoryTestSuite.java:159)
	at org.apache.maven.surefire.testng.TestNGDirectoryTestSuite.execute(TestNGDirectoryTestSuite.java:99)
	at org.apache.maven.surefire.testng.TestNGProvider.invoke(TestNGProvider.java:106)
	at sun.reflect.NativeMethodAccessorImpl.invoke0(Native Method)
	at sun.reflect.NativeMethodAccessorImpl.invoke(NativeMethodAccessorImpl.java:62)
	at sun.reflect.DelegatingMethodAccessorImpl.invoke(DelegatingMethodAccessorImpl.java:43)
	at java.lang.reflect.Method.invoke(Method.java:498)
	at org.apache.maven.surefire.util.ReflectionUtils.invokeMethodWithArray(ReflectionUtils.java:189)
	at org.apache.maven.surefire.booter.ProviderFactory$ProviderProxy.invoke(ProviderFactory.java:165)
	at org.apache.maven.surefire.booter.ProviderFactory.invokeProvider(ProviderFactory.java:85)
	at org.apache.maven.surefire.booter.ForkedBooter.runSuitesInProcess(ForkedBooter.java:115)
	at org.apache.maven.surefire.booter.ForkedBooter.main(ForkedBooter.java:75)
</textarea></span>
												</div>
											</div>
											<div class="st fail test l1" 
												tags=""
												devices="">
												<span class="tt">12.18.2019 23:47:53</span>&nbsp;
												<span class="ts">fail</span>&nbsp;&nbsp;
												<span class="tn">|---[verify user is not able to register without filling all mandatory field and getting proper error message] started</span>
												
											</div>
											<div class="st fail test l2" 
												tags="@Hema"
												devices="">
												<span class="tt">12.18.2019 23:47:53</span>&nbsp;
												<span class="ts">fail</span>&nbsp;&nbsp;
												<span class="tn">&nbsp;&nbsp;&nbsp;&nbsp;|---[verify user is not able to register without filling all mandatory field and getting proper error message] started</span>
												<span class="category-list">
													<span class="category badge"><i class="fa fa-tag"></i> @Hema</span>
												</span>
												
											</div>
											<div class="st fail test l3" 
												tags=""
												devices="">
												<span class="tt">12.18.2019 23:47:53</span>&nbsp;
												<span class="ts">fail</span>&nbsp;&nbsp;
												<span class="tn">&nbsp;&nbsp;&nbsp;&nbsp;&nbsp;&nbsp;&nbsp;&nbsp;|---[Given Browser is opened and user is navigated to application url] started</span>
												
												<div class="st fail">
													<span class="tt">12.18.2019 23:48:10</span>&nbsp;
													<span class="ts">fail</span>&nbsp;&nbsp; 
													<span class="tn">&nbsp;&nbsp;&nbsp;&nbsp;&nbsp;&nbsp;&nbsp;&nbsp;|---[Given Browser is opened and user is navigated to application url]</span>
													
													<span class="td">threw an exception<br><textarea disabled class="code-block">org.openqa.selenium.WebDriverException: chrome not reachable
  (Session info: chrome=79.0.3945.79)
Build info: version: '3.141.59', revision: 'e82be7d358', time: '2018-11-14T08:17:03'
System info: host: 'DESKTOP-NPH96C5', ip: '192.168.178.116', os.name: 'Windows 10', os.arch: 'amd64', os.version: '10.0', java.version: '1.8.0_221'
Driver info: org.openqa.selenium.chrome.ChromeDriver
Capabilities {acceptInsecureCerts: false, browserName: chrome, browserVersion: 79.0.3945.79, chrome: {chromedriverVersion: 79.0.3945.36 (3582db32b3389..., userDataDir: C:\Users\ARPIT-~1\AppData\L...}, goog:chromeOptions: {debuggerAddress: localhost:52112}, javascriptEnabled: true, networkConnectionEnabled: false, pageLoadStrategy: normal, platform: WINDOWS, platformName: WINDOWS, proxy: Proxy(), setWindowRect: true, strictFileInteractability: false, timeouts: {implicit: 0, pageLoad: 300000, script: 30000}, unhandledPromptBehavior: dismiss and notify}
Session ID: 283a3f9782234588dac655282384a3fc
	at sun.reflect.NativeConstructorAccessorImpl.newInstance0(Native Method)
	at sun.reflect.NativeConstructorAccessorImpl.newInstance(NativeConstructorAccessorImpl.java:62)
	at sun.reflect.DelegatingConstructorAccessorImpl.newInstance(DelegatingConstructorAccessorImpl.java:45)
	at java.lang.reflect.Constructor.newInstance(Constructor.java:423)
	at org.openqa.selenium.remote.http.W3CHttpResponseCodec.createException(W3CHttpResponseCodec.java:187)
	at org.openqa.selenium.remote.http.W3CHttpResponseCodec.decode(W3CHttpResponseCodec.java:122)
	at org.openqa.selenium.remote.http.W3CHttpResponseCodec.decode(W3CHttpResponseCodec.java:49)
	at org.openqa.selenium.remote.HttpCommandExecutor.execute(HttpCommandExecutor.java:158)
	at org.openqa.selenium.remote.service.DriverCommandExecutor.execute(DriverCommandExecutor.java:83)
	at org.openqa.selenium.remote.RemoteWebDriver.execute(RemoteWebDriver.java:552)
	at org.openqa.selenium.remote.RemoteWebDriver.execute(RemoteWebDriver.java:609)
	at org.openqa.selenium.remote.RemoteWebDriver$RemoteWebDriverOptions$RemoteWindow.maximize(RemoteWebDriver.java:837)
	at StepDefinitions.GenericSteps.browserISOpenedAndUserIsNavigatedToApplicationUrl(GenericSteps.java:32)
	at ?.Browser is opened and user is navigated to application url(file:src/test/java/Features/ErrorTests.feature:5)
</textarea></span>
												</div>
											</div>
											<div class="st skip test l3" 
												tags=""
												devices="">
												<span class="tt">12.18.2019 23:48:10</span>&nbsp;
												<span class="ts">skip</span>&nbsp;&nbsp;
												<span class="tn">&nbsp;&nbsp;&nbsp;&nbsp;&nbsp;&nbsp;&nbsp;&nbsp;|---[When user clicks on Sign-In Button] started</span>
												
												<div class="st skip">
													<span class="tt">12.18.2019 23:48:10</span>&nbsp;
													<span class="ts">skip</span>&nbsp;&nbsp; 
													<span class="tn">&nbsp;&nbsp;&nbsp;&nbsp;&nbsp;&nbsp;&nbsp;&nbsp;|---[When user clicks on Sign-In Button]</span>
													
													<span class="td">Step skipped</span>
												</div>
											</div>
											<div class="st skip test l3" 
												tags=""
												devices="">
												<span class="tt">12.18.2019 23:48:10</span>&nbsp;
												<span class="ts">skip</span>&nbsp;&nbsp;
												<span class="tn">&nbsp;&nbsp;&nbsp;&nbsp;&nbsp;&nbsp;&nbsp;&nbsp;|---[Then user should be navigated to page with title "my HEMA"] started</span>
												
												<div class="st skip">
													<span class="tt">12.18.2019 23:48:10</span>&nbsp;
													<span class="ts">skip</span>&nbsp;&nbsp; 
													<span class="tn">&nbsp;&nbsp;&nbsp;&nbsp;&nbsp;&nbsp;&nbsp;&nbsp;|---[Then user should be navigated to page with title "my HEMA"]</span>
													
													<span class="td">Step skipped</span>
												</div>
											</div>
											<div class="st skip test l3" 
												tags=""
												devices="">
												<span class="tt">12.18.2019 23:48:10</span>&nbsp;
												<span class="ts">skip</span>&nbsp;&nbsp;
												<span class="tn">&nbsp;&nbsp;&nbsp;&nbsp;&nbsp;&nbsp;&nbsp;&nbsp;|---[When user enters valid email address for registration and click on continue] started</span>
												
												<div class="st skip">
													<span class="tt">12.18.2019 23:48:10</span>&nbsp;
													<span class="ts">skip</span>&nbsp;&nbsp; 
													<span class="tn">&nbsp;&nbsp;&nbsp;&nbsp;&nbsp;&nbsp;&nbsp;&nbsp;|---[When user enters valid email address for registration and click on continue]</span>
													
													<span class="td">Step skipped</span>
												</div>
											</div>
											<div class="st skip test l3" 
												tags=""
												devices="">
												<span class="tt">12.18.2019 23:48:10</span>&nbsp;
												<span class="ts">skip</span>&nbsp;&nbsp;
												<span class="tn">&nbsp;&nbsp;&nbsp;&nbsp;&nbsp;&nbsp;&nbsp;&nbsp;|---[Then user should be navigated to page with title "register"] started</span>
												
												<div class="st skip">
													<span class="tt">12.18.2019 23:48:10</span>&nbsp;
													<span class="ts">skip</span>&nbsp;&nbsp; 
													<span class="tn">&nbsp;&nbsp;&nbsp;&nbsp;&nbsp;&nbsp;&nbsp;&nbsp;|---[Then user should be navigated to page with title "register"]</span>
													
													<span class="td">Step skipped</span>
												</div>
											</div>
											<div class="st skip test l3" 
												tags=""
												devices="">
												<span class="tt">12.18.2019 23:48:10</span>&nbsp;
												<span class="ts">skip</span>&nbsp;&nbsp;
												<span class="tn">&nbsp;&nbsp;&nbsp;&nbsp;&nbsp;&nbsp;&nbsp;&nbsp;|---[When user fill in registration form and click on Sign-up] started</span>
												
												<div class="st pass">
													<span class="tt">12.18.2019 23:48:10</span>&nbsp;
													<span class="ts">pass</span>&nbsp;&nbsp; 
													<span class="tn">&nbsp;&nbsp;&nbsp;&nbsp;&nbsp;&nbsp;&nbsp;&nbsp;|---[When user fill in registration form and click on Sign-up]</span>
													
													<span class="td"><table class='runtime-table table-striped table'><tr><td>Mr</td><td></td><td>Roy</td><td>Address</td><td>post</td><td>Amsterdam</td><td>Asdf@1234</td></tr></table></span>
												</div>
												<div class="st skip">
													<span class="tt">12.18.2019 23:48:10</span>&nbsp;
													<span class="ts">skip</span>&nbsp;&nbsp; 
													<span class="tn">&nbsp;&nbsp;&nbsp;&nbsp;&nbsp;&nbsp;&nbsp;&nbsp;|---[When user fill in registration form and click on Sign-up]</span>
													
													<span class="td">Step skipped</span>
												</div>
											</div>
											<div class="st skip test l3" 
												tags=""
												devices="">
												<span class="tt">12.18.2019 23:48:10</span>&nbsp;
												<span class="ts">skip</span>&nbsp;&nbsp;
												<span class="tn">&nbsp;&nbsp;&nbsp;&nbsp;&nbsp;&nbsp;&nbsp;&nbsp;|---[Then error message "some information below is incomplete or must be corrected" should be displayed for registration form] started</span>
												
												<div class="st skip">
													<span class="tt">12.18.2019 23:48:10</span>&nbsp;
													<span class="ts">skip</span>&nbsp;&nbsp; 
													<span class="tn">&nbsp;&nbsp;&nbsp;&nbsp;&nbsp;&nbsp;&nbsp;&nbsp;|---[Then error message "some information below is incomplete or must be corrected" should be displayed for registration form]</span>
													
													<span class="td">Step skipped</span>
												</div>
											</div>
											<div class="st fail test l3" 
												tags=""
												devices="">
												<span class="tt">12.18.2019 23:48:10</span>&nbsp;
												<span class="ts">fail</span>&nbsp;&nbsp;
												<span class="tn">&nbsp;&nbsp;&nbsp;&nbsp;&nbsp;&nbsp;&nbsp;&nbsp;|---[GenericSteps.tearDown(Scenario)] started</span>
												
												<div class="st fail">
													<span class="tt">12.18.2019 23:48:16</span>&nbsp;
													<span class="ts">fail</span>&nbsp;&nbsp; 
													<span class="tn">&nbsp;&nbsp;&nbsp;&nbsp;&nbsp;&nbsp;&nbsp;&nbsp;|---[GenericSteps.tearDown(Scenario)]</span>
													
													<span class="td">threw an exception<br><textarea disabled class="code-block">org.openqa.selenium.WebDriverException: chrome not reachable
  (Session info: chrome=79.0.3945.79)
Build info: version: '3.141.59', revision: 'e82be7d358', time: '2018-11-14T08:17:03'
System info: host: 'DESKTOP-NPH96C5', ip: '192.168.178.116', os.name: 'Windows 10', os.arch: 'amd64', os.version: '10.0', java.version: '1.8.0_221'
Driver info: org.openqa.selenium.chrome.ChromeDriver
Capabilities {acceptInsecureCerts: false, browserName: chrome, browserVersion: 79.0.3945.79, chrome: {chromedriverVersion: 79.0.3945.36 (3582db32b3389..., userDataDir: C:\Users\ARPIT-~1\AppData\L...}, goog:chromeOptions: {debuggerAddress: localhost:52112}, javascriptEnabled: true, networkConnectionEnabled: false, pageLoadStrategy: normal, platform: WINDOWS, platformName: WINDOWS, proxy: Proxy(), setWindowRect: true, strictFileInteractability: false, timeouts: {implicit: 0, pageLoad: 300000, script: 30000}, unhandledPromptBehavior: dismiss and notify}
Session ID: 283a3f9782234588dac655282384a3fc
	at sun.reflect.NativeConstructorAccessorImpl.newInstance0(Native Method)
	at sun.reflect.NativeConstructorAccessorImpl.newInstance(NativeConstructorAccessorImpl.java:62)
	at sun.reflect.DelegatingConstructorAccessorImpl.newInstance(DelegatingConstructorAccessorImpl.java:45)
	at java.lang.reflect.Constructor.newInstance(Constructor.java:423)
	at org.openqa.selenium.remote.http.W3CHttpResponseCodec.createException(W3CHttpResponseCodec.java:187)
	at org.openqa.selenium.remote.http.W3CHttpResponseCodec.decode(W3CHttpResponseCodec.java:122)
	at org.openqa.selenium.remote.http.W3CHttpResponseCodec.decode(W3CHttpResponseCodec.java:49)
	at org.openqa.selenium.remote.HttpCommandExecutor.execute(HttpCommandExecutor.java:158)
	at org.openqa.selenium.remote.service.DriverCommandExecutor.execute(DriverCommandExecutor.java:83)
	at org.openqa.selenium.remote.RemoteWebDriver.execute(RemoteWebDriver.java:552)
	at org.openqa.selenium.remote.RemoteWebDriver.execute(RemoteWebDriver.java:609)
	at org.openqa.selenium.remote.RemoteWebDriver.getScreenshotAs(RemoteWebDriver.java:295)
	at Utility.BaseUtils.captureScreenShot(BaseUtils.java:71)
	at StepDefinitions.GenericSteps.tearDown(GenericSteps.java:41)
	at sun.reflect.NativeMethodAccessorImpl.invoke0(Native Method)
	at sun.reflect.NativeMethodAccessorImpl.invoke(NativeMethodAccessorImpl.java:62)
	at sun.reflect.DelegatingMethodAccessorImpl.invoke(DelegatingMethodAccessorImpl.java:43)
	at java.lang.reflect.Method.invoke(Method.java:498)
	at cucumber.runtime.Utils$1.call(Utils.java:26)
	at cucumber.runtime.Timeout.timeout(Timeout.java:16)
	at cucumber.runtime.Utils.invoke(Utils.java:20)
	at cucumber.runtime.java.JavaHookDefinition.execute(JavaHookDefinition.java:60)
	at cucumber.runner.HookDefinitionMatch.runStep(HookDefinitionMatch.java:16)
	at cucumber.runner.TestStep.executeStep(TestStep.java:65)
	at cucumber.runner.TestStep.run(TestStep.java:50)
	at cucumber.runner.TestCase.run(TestCase.java:50)
	at cucumber.runner.Runner.runPickle(Runner.java:50)
	at cucumber.api.testng.TestNGCucumberRunner.runScenario(TestNGCucumberRunner.java:58)
	at TestRunner.TestRunner.scenario(TestRunner.java:22)
	at sun.reflect.NativeMethodAccessorImpl.invoke0(Native Method)
	at sun.reflect.NativeMethodAccessorImpl.invoke(NativeMethodAccessorImpl.java:62)
	at sun.reflect.DelegatingMethodAccessorImpl.invoke(DelegatingMethodAccessorImpl.java:43)
	at java.lang.reflect.Method.invoke(Method.java:498)
	at org.testng.internal.MethodInvocationHelper.invokeMethod(MethodInvocationHelper.java:124)
	at org.testng.internal.Invoker.invokeMethod(Invoker.java:583)
	at org.testng.internal.Invoker.invokeTestMethod(Invoker.java:719)
	at org.testng.internal.Invoker.invokeTestMethods(Invoker.java:989)
	at org.testng.internal.TestMethodWorker.invokeTestMethods(TestMethodWorker.java:125)
	at org.testng.internal.TestMethodWorker.run(TestMethodWorker.java:109)
	at org.testng.TestRunner.privateRun(TestRunner.java:648)
	at org.testng.TestRunner.run(TestRunner.java:505)
	at org.testng.SuiteRunner.runTest(SuiteRunner.java:455)
	at org.testng.SuiteRunner.runSequentially(SuiteRunner.java:450)
	at org.testng.SuiteRunner.privateRun(SuiteRunner.java:415)
	at org.testng.SuiteRunner.run(SuiteRunner.java:364)
	at org.testng.SuiteRunnerWorker.runSuite(SuiteRunnerWorker.java:52)
	at org.testng.SuiteRunnerWorker.run(SuiteRunnerWorker.java:84)
	at org.testng.TestNG.runSuitesSequentially(TestNG.java:1208)
	at org.testng.TestNG.runSuitesLocally(TestNG.java:1137)
	at org.testng.TestNG.runSuites(TestNG.java:1049)
	at org.testng.TestNG.run(TestNG.java:1017)
	at org.apache.maven.surefire.testng.TestNGExecutor.run(TestNGExecutor.java:77)
	at org.apache.maven.surefire.testng.TestNGDirectoryTestSuite.executeMulti(TestNGDirectoryTestSuite.java:159)
	at org.apache.maven.surefire.testng.TestNGDirectoryTestSuite.execute(TestNGDirectoryTestSuite.java:99)
	at org.apache.maven.surefire.testng.TestNGProvider.invoke(TestNGProvider.java:106)
	at sun.reflect.NativeMethodAccessorImpl.invoke0(Native Method)
	at sun.reflect.NativeMethodAccessorImpl.invoke(NativeMethodAccessorImpl.java:62)
	at sun.reflect.DelegatingMethodAccessorImpl.invoke(DelegatingMethodAccessorImpl.java:43)
	at java.lang.reflect.Method.invoke(Method.java:498)
	at org.apache.maven.surefire.util.ReflectionUtils.invokeMethodWithArray(ReflectionUtils.java:189)
	at org.apache.maven.surefire.booter.ProviderFactory$ProviderProxy.invoke(ProviderFactory.java:165)
	at org.apache.maven.surefire.booter.ProviderFactory.invokeProvider(ProviderFactory.java:85)
	at org.apache.maven.surefire.booter.ForkedBooter.runSuitesInProcess(ForkedBooter.java:115)
	at org.apache.maven.surefire.booter.ForkedBooter.main(ForkedBooter.java:75)
</textarea></span>
												</div>
											</div>
											<div class="st fail test l2" 
												tags="@Hema"
												devices="">
												<span class="tt">12.18.2019 23:48:16</span>&nbsp;
												<span class="ts">fail</span>&nbsp;&nbsp;
												<span class="tn">&nbsp;&nbsp;&nbsp;&nbsp;|---[verify user is not able to register without filling all mandatory field and getting proper error message] started</span>
												<span class="category-list">
													<span class="category badge"><i class="fa fa-tag"></i> @Hema</span>
												</span>
												
											</div>
											<div class="st fail test l3" 
												tags=""
												devices="">
												<span class="tt">12.18.2019 23:48:16</span>&nbsp;
												<span class="ts">fail</span>&nbsp;&nbsp;
												<span class="tn">&nbsp;&nbsp;&nbsp;&nbsp;&nbsp;&nbsp;&nbsp;&nbsp;|---[Given Browser is opened and user is navigated to application url] started</span>
												
												<div class="st fail">
													<span class="tt">12.18.2019 23:48:35</span>&nbsp;
													<span class="ts">fail</span>&nbsp;&nbsp; 
													<span class="tn">&nbsp;&nbsp;&nbsp;&nbsp;&nbsp;&nbsp;&nbsp;&nbsp;|---[Given Browser is opened and user is navigated to application url]</span>
													
													<span class="td">threw an exception<br><textarea disabled class="code-block">org.openqa.selenium.WebDriverException: chrome not reachable
  (Session info: chrome=79.0.3945.79)
Build info: version: '3.141.59', revision: 'e82be7d358', time: '2018-11-14T08:17:03'
System info: host: 'DESKTOP-NPH96C5', ip: '192.168.178.116', os.name: 'Windows 10', os.arch: 'amd64', os.version: '10.0', java.version: '1.8.0_221'
Driver info: org.openqa.selenium.chrome.ChromeDriver
Capabilities {acceptInsecureCerts: false, browserName: chrome, browserVersion: 79.0.3945.79, chrome: {chromedriverVersion: 79.0.3945.36 (3582db32b3389..., userDataDir: C:\Users\ARPIT-~1\AppData\L...}, goog:chromeOptions: {debuggerAddress: localhost:52180}, javascriptEnabled: true, networkConnectionEnabled: false, pageLoadStrategy: normal, platform: WINDOWS, platformName: WINDOWS, proxy: Proxy(), setWindowRect: true, strictFileInteractability: false, timeouts: {implicit: 0, pageLoad: 300000, script: 30000}, unhandledPromptBehavior: dismiss and notify}
Session ID: 8ccbb21d0657bfca0f7d2ae0c8aaaa64
	at sun.reflect.NativeConstructorAccessorImpl.newInstance0(Native Method)
	at sun.reflect.NativeConstructorAccessorImpl.newInstance(NativeConstructorAccessorImpl.java:62)
	at sun.reflect.DelegatingConstructorAccessorImpl.newInstance(DelegatingConstructorAccessorImpl.java:45)
	at java.lang.reflect.Constructor.newInstance(Constructor.java:423)
	at org.openqa.selenium.remote.http.W3CHttpResponseCodec.createException(W3CHttpResponseCodec.java:187)
	at org.openqa.selenium.remote.http.W3CHttpResponseCodec.decode(W3CHttpResponseCodec.java:122)
	at org.openqa.selenium.remote.http.W3CHttpResponseCodec.decode(W3CHttpResponseCodec.java:49)
	at org.openqa.selenium.remote.HttpCommandExecutor.execute(HttpCommandExecutor.java:158)
	at org.openqa.selenium.remote.service.DriverCommandExecutor.execute(DriverCommandExecutor.java:83)
	at org.openqa.selenium.remote.RemoteWebDriver.execute(RemoteWebDriver.java:552)
	at org.openqa.selenium.remote.RemoteWebDriver.execute(RemoteWebDriver.java:609)
	at org.openqa.selenium.remote.RemoteWebDriver$RemoteWebDriverOptions$RemoteWindow.maximize(RemoteWebDriver.java:837)
	at StepDefinitions.GenericSteps.browserISOpenedAndUserIsNavigatedToApplicationUrl(GenericSteps.java:32)
	at ?.Browser is opened and user is navigated to application url(file:src/test/java/Features/ErrorTests.feature:5)
</textarea></span>
												</div>
											</div>
											<div class="st skip test l3" 
												tags=""
												devices="">
												<span class="tt">12.18.2019 23:48:35</span>&nbsp;
												<span class="ts">skip</span>&nbsp;&nbsp;
												<span class="tn">&nbsp;&nbsp;&nbsp;&nbsp;&nbsp;&nbsp;&nbsp;&nbsp;|---[When user clicks on Sign-In Button] started</span>
												
												<div class="st skip">
													<span class="tt">12.18.2019 23:48:35</span>&nbsp;
													<span class="ts">skip</span>&nbsp;&nbsp; 
													<span class="tn">&nbsp;&nbsp;&nbsp;&nbsp;&nbsp;&nbsp;&nbsp;&nbsp;|---[When user clicks on Sign-In Button]</span>
													
													<span class="td">Step skipped</span>
												</div>
											</div>
											<div class="st skip test l3" 
												tags=""
												devices="">
												<span class="tt">12.18.2019 23:48:35</span>&nbsp;
												<span class="ts">skip</span>&nbsp;&nbsp;
												<span class="tn">&nbsp;&nbsp;&nbsp;&nbsp;&nbsp;&nbsp;&nbsp;&nbsp;|---[Then user should be navigated to page with title "my HEMA"] started</span>
												
												<div class="st skip">
													<span class="tt">12.18.2019 23:48:35</span>&nbsp;
													<span class="ts">skip</span>&nbsp;&nbsp; 
													<span class="tn">&nbsp;&nbsp;&nbsp;&nbsp;&nbsp;&nbsp;&nbsp;&nbsp;|---[Then user should be navigated to page with title "my HEMA"]</span>
													
													<span class="td">Step skipped</span>
												</div>
											</div>
											<div class="st skip test l3" 
												tags=""
												devices="">
												<span class="tt">12.18.2019 23:48:35</span>&nbsp;
												<span class="ts">skip</span>&nbsp;&nbsp;
												<span class="tn">&nbsp;&nbsp;&nbsp;&nbsp;&nbsp;&nbsp;&nbsp;&nbsp;|---[When user enters valid email address for registration and click on continue] started</span>
												
												<div class="st skip">
													<span class="tt">12.18.2019 23:48:35</span>&nbsp;
													<span class="ts">skip</span>&nbsp;&nbsp; 
													<span class="tn">&nbsp;&nbsp;&nbsp;&nbsp;&nbsp;&nbsp;&nbsp;&nbsp;|---[When user enters valid email address for registration and click on continue]</span>
													
													<span class="td">Step skipped</span>
												</div>
											</div>
											<div class="st skip test l3" 
												tags=""
												devices="">
												<span class="tt">12.18.2019 23:48:35</span>&nbsp;
												<span class="ts">skip</span>&nbsp;&nbsp;
												<span class="tn">&nbsp;&nbsp;&nbsp;&nbsp;&nbsp;&nbsp;&nbsp;&nbsp;|---[Then user should be navigated to page with title "register"] started</span>
												
												<div class="st skip">
													<span class="tt">12.18.2019 23:48:35</span>&nbsp;
													<span class="ts">skip</span>&nbsp;&nbsp; 
													<span class="tn">&nbsp;&nbsp;&nbsp;&nbsp;&nbsp;&nbsp;&nbsp;&nbsp;|---[Then user should be navigated to page with title "register"]</span>
													
													<span class="td">Step skipped</span>
												</div>
											</div>
											<div class="st skip test l3" 
												tags=""
												devices="">
												<span class="tt">12.18.2019 23:48:35</span>&nbsp;
												<span class="ts">skip</span>&nbsp;&nbsp;
												<span class="tn">&nbsp;&nbsp;&nbsp;&nbsp;&nbsp;&nbsp;&nbsp;&nbsp;|---[When user fill in registration form and click on Sign-up] started</span>
												
												<div class="st pass">
													<span class="tt">12.18.2019 23:48:35</span>&nbsp;
													<span class="ts">pass</span>&nbsp;&nbsp; 
													<span class="tn">&nbsp;&nbsp;&nbsp;&nbsp;&nbsp;&nbsp;&nbsp;&nbsp;|---[When user fill in registration form and click on Sign-up]</span>
													
													<span class="td"><table class='runtime-table table-striped table'><tr><td>Mr</td><td>Jason</td><td></td><td>Address</td><td>post</td><td>Amsterdam</td><td>Asdf@1234</td></tr></table></span>
												</div>
												<div class="st skip">
													<span class="tt">12.18.2019 23:48:35</span>&nbsp;
													<span class="ts">skip</span>&nbsp;&nbsp; 
													<span class="tn">&nbsp;&nbsp;&nbsp;&nbsp;&nbsp;&nbsp;&nbsp;&nbsp;|---[When user fill in registration form and click on Sign-up]</span>
													
													<span class="td">Step skipped</span>
												</div>
											</div>
											<div class="st skip test l3" 
												tags=""
												devices="">
												<span class="tt">12.18.2019 23:48:35</span>&nbsp;
												<span class="ts">skip</span>&nbsp;&nbsp;
												<span class="tn">&nbsp;&nbsp;&nbsp;&nbsp;&nbsp;&nbsp;&nbsp;&nbsp;|---[Then error message "some information below is incomplete or must be corrected" should be displayed for registration form] started</span>
												
												<div class="st skip">
													<span class="tt">12.18.2019 23:48:35</span>&nbsp;
													<span class="ts">skip</span>&nbsp;&nbsp; 
													<span class="tn">&nbsp;&nbsp;&nbsp;&nbsp;&nbsp;&nbsp;&nbsp;&nbsp;|---[Then error message "some information below is incomplete or must be corrected" should be displayed for registration form]</span>
													
													<span class="td">Step skipped</span>
												</div>
											</div>
											<div class="st fail test l3" 
												tags=""
												devices="">
												<span class="tt">12.18.2019 23:48:35</span>&nbsp;
												<span class="ts">fail</span>&nbsp;&nbsp;
												<span class="tn">&nbsp;&nbsp;&nbsp;&nbsp;&nbsp;&nbsp;&nbsp;&nbsp;|---[GenericSteps.tearDown(Scenario)] started</span>
												
												<div class="st fail">
													<span class="tt">12.18.2019 23:48:41</span>&nbsp;
													<span class="ts">fail</span>&nbsp;&nbsp; 
													<span class="tn">&nbsp;&nbsp;&nbsp;&nbsp;&nbsp;&nbsp;&nbsp;&nbsp;|---[GenericSteps.tearDown(Scenario)]</span>
													
													<span class="td">threw an exception<br><textarea disabled class="code-block">org.openqa.selenium.WebDriverException: chrome not reachable
  (Session info: chrome=79.0.3945.79)
Build info: version: '3.141.59', revision: 'e82be7d358', time: '2018-11-14T08:17:03'
System info: host: 'DESKTOP-NPH96C5', ip: '192.168.178.116', os.name: 'Windows 10', os.arch: 'amd64', os.version: '10.0', java.version: '1.8.0_221'
Driver info: org.openqa.selenium.chrome.ChromeDriver
Capabilities {acceptInsecureCerts: false, browserName: chrome, browserVersion: 79.0.3945.79, chrome: {chromedriverVersion: 79.0.3945.36 (3582db32b3389..., userDataDir: C:\Users\ARPIT-~1\AppData\L...}, goog:chromeOptions: {debuggerAddress: localhost:52180}, javascriptEnabled: true, networkConnectionEnabled: false, pageLoadStrategy: normal, platform: WINDOWS, platformName: WINDOWS, proxy: Proxy(), setWindowRect: true, strictFileInteractability: false, timeouts: {implicit: 0, pageLoad: 300000, script: 30000}, unhandledPromptBehavior: dismiss and notify}
Session ID: 8ccbb21d0657bfca0f7d2ae0c8aaaa64
	at sun.reflect.NativeConstructorAccessorImpl.newInstance0(Native Method)
	at sun.reflect.NativeConstructorAccessorImpl.newInstance(NativeConstructorAccessorImpl.java:62)
	at sun.reflect.DelegatingConstructorAccessorImpl.newInstance(DelegatingConstructorAccessorImpl.java:45)
	at java.lang.reflect.Constructor.newInstance(Constructor.java:423)
	at org.openqa.selenium.remote.http.W3CHttpResponseCodec.createException(W3CHttpResponseCodec.java:187)
	at org.openqa.selenium.remote.http.W3CHttpResponseCodec.decode(W3CHttpResponseCodec.java:122)
	at org.openqa.selenium.remote.http.W3CHttpResponseCodec.decode(W3CHttpResponseCodec.java:49)
	at org.openqa.selenium.remote.HttpCommandExecutor.execute(HttpCommandExecutor.java:158)
	at org.openqa.selenium.remote.service.DriverCommandExecutor.execute(DriverCommandExecutor.java:83)
	at org.openqa.selenium.remote.RemoteWebDriver.execute(RemoteWebDriver.java:552)
	at org.openqa.selenium.remote.RemoteWebDriver.execute(RemoteWebDriver.java:609)
	at org.openqa.selenium.remote.RemoteWebDriver.getScreenshotAs(RemoteWebDriver.java:295)
	at Utility.BaseUtils.captureScreenShot(BaseUtils.java:71)
	at StepDefinitions.GenericSteps.tearDown(GenericSteps.java:41)
	at sun.reflect.NativeMethodAccessorImpl.invoke0(Native Method)
	at sun.reflect.NativeMethodAccessorImpl.invoke(NativeMethodAccessorImpl.java:62)
	at sun.reflect.DelegatingMethodAccessorImpl.invoke(DelegatingMethodAccessorImpl.java:43)
	at java.lang.reflect.Method.invoke(Method.java:498)
	at cucumber.runtime.Utils$1.call(Utils.java:26)
	at cucumber.runtime.Timeout.timeout(Timeout.java:16)
	at cucumber.runtime.Utils.invoke(Utils.java:20)
	at cucumber.runtime.java.JavaHookDefinition.execute(JavaHookDefinition.java:60)
	at cucumber.runner.HookDefinitionMatch.runStep(HookDefinitionMatch.java:16)
	at cucumber.runner.TestStep.executeStep(TestStep.java:65)
	at cucumber.runner.TestStep.run(TestStep.java:50)
	at cucumber.runner.TestCase.run(TestCase.java:50)
	at cucumber.runner.Runner.runPickle(Runner.java:50)
	at cucumber.api.testng.TestNGCucumberRunner.runScenario(TestNGCucumberRunner.java:58)
	at TestRunner.TestRunner.scenario(TestRunner.java:22)
	at sun.reflect.NativeMethodAccessorImpl.invoke0(Native Method)
	at sun.reflect.NativeMethodAccessorImpl.invoke(NativeMethodAccessorImpl.java:62)
	at sun.reflect.DelegatingMethodAccessorImpl.invoke(DelegatingMethodAccessorImpl.java:43)
	at java.lang.reflect.Method.invoke(Method.java:498)
	at org.testng.internal.MethodInvocationHelper.invokeMethod(MethodInvocationHelper.java:124)
	at org.testng.internal.Invoker.invokeMethod(Invoker.java:583)
	at org.testng.internal.Invoker.invokeTestMethod(Invoker.java:719)
	at org.testng.internal.Invoker.invokeTestMethods(Invoker.java:989)
	at org.testng.internal.TestMethodWorker.invokeTestMethods(TestMethodWorker.java:125)
	at org.testng.internal.TestMethodWorker.run(TestMethodWorker.java:109)
	at org.testng.TestRunner.privateRun(TestRunner.java:648)
	at org.testng.TestRunner.run(TestRunner.java:505)
	at org.testng.SuiteRunner.runTest(SuiteRunner.java:455)
	at org.testng.SuiteRunner.runSequentially(SuiteRunner.java:450)
	at org.testng.SuiteRunner.privateRun(SuiteRunner.java:415)
	at org.testng.SuiteRunner.run(SuiteRunner.java:364)
	at org.testng.SuiteRunnerWorker.runSuite(SuiteRunnerWorker.java:52)
	at org.testng.SuiteRunnerWorker.run(SuiteRunnerWorker.java:84)
	at org.testng.TestNG.runSuitesSequentially(TestNG.java:1208)
	at org.testng.TestNG.runSuitesLocally(TestNG.java:1137)
	at org.testng.TestNG.runSuites(TestNG.java:1049)
	at org.testng.TestNG.run(TestNG.java:1017)
	at org.apache.maven.surefire.testng.TestNGExecutor.run(TestNGExecutor.java:77)
	at org.apache.maven.surefire.testng.TestNGDirectoryTestSuite.executeMulti(TestNGDirectoryTestSuite.java:159)
	at org.apache.maven.surefire.testng.TestNGDirectoryTestSuite.execute(TestNGDirectoryTestSuite.java:99)
	at org.apache.maven.surefire.testng.TestNGProvider.invoke(TestNGProvider.java:106)
	at sun.reflect.NativeMethodAccessorImpl.invoke0(Native Method)
	at sun.reflect.NativeMethodAccessorImpl.invoke(NativeMethodAccessorImpl.java:62)
	at sun.reflect.DelegatingMethodAccessorImpl.invoke(DelegatingMethodAccessorImpl.java:43)
	at java.lang.reflect.Method.invoke(Method.java:498)
	at org.apache.maven.surefire.util.ReflectionUtils.invokeMethodWithArray(ReflectionUtils.java:189)
	at org.apache.maven.surefire.booter.ProviderFactory$ProviderProxy.invoke(ProviderFactory.java:165)
	at org.apache.maven.surefire.booter.ProviderFactory.invokeProvider(ProviderFactory.java:85)
	at org.apache.maven.surefire.booter.ForkedBooter.runSuitesInProcess(ForkedBooter.java:115)
	at org.apache.maven.surefire.booter.ForkedBooter.main(ForkedBooter.java:75)
</textarea></span>
												</div>
											</div>
											<div class="st fail test l2" 
												tags="@Hema"
												devices="">
												<span class="tt">12.18.2019 23:48:41</span>&nbsp;
												<span class="ts">fail</span>&nbsp;&nbsp;
												<span class="tn">&nbsp;&nbsp;&nbsp;&nbsp;|---[verify user is not able to register without filling all mandatory field and getting proper error message] started</span>
												<span class="category-list">
													<span class="category badge"><i class="fa fa-tag"></i> @Hema</span>
												</span>
												
											</div>
											<div class="st fail test l3" 
												tags=""
												devices="">
												<span class="tt">12.18.2019 23:48:41</span>&nbsp;
												<span class="ts">fail</span>&nbsp;&nbsp;
												<span class="tn">&nbsp;&nbsp;&nbsp;&nbsp;&nbsp;&nbsp;&nbsp;&nbsp;|---[Given Browser is opened and user is navigated to application url] started</span>
												
												<div class="st fail">
													<span class="tt">12.18.2019 23:48:49</span>&nbsp;
													<span class="ts">fail</span>&nbsp;&nbsp; 
													<span class="tn">&nbsp;&nbsp;&nbsp;&nbsp;&nbsp;&nbsp;&nbsp;&nbsp;|---[Given Browser is opened and user is navigated to application url]</span>
													
													<span class="td">threw an exception<br><textarea disabled class="code-block">org.openqa.selenium.WebDriverException: unknown error: cannot determine loading status
from disconnected: received Inspector.detached event
  (Session info: chrome=79.0.3945.79)
Build info: version: '3.141.59', revision: 'e82be7d358', time: '2018-11-14T08:17:03'
System info: host: 'DESKTOP-NPH96C5', ip: '192.168.178.116', os.name: 'Windows 10', os.arch: 'amd64', os.version: '10.0', java.version: '1.8.0_221'
Driver info: org.openqa.selenium.chrome.ChromeDriver
Capabilities {acceptInsecureCerts: false, browserName: chrome, browserVersion: 79.0.3945.79, chrome: {chromedriverVersion: 79.0.3945.36 (3582db32b3389..., userDataDir: C:\Users\ARPIT-~1\AppData\L...}, goog:chromeOptions: {debuggerAddress: localhost:52252}, javascriptEnabled: true, networkConnectionEnabled: false, pageLoadStrategy: normal, platform: WINDOWS, platformName: WINDOWS, proxy: Proxy(), setWindowRect: true, strictFileInteractability: false, timeouts: {implicit: 0, pageLoad: 300000, script: 30000}, unhandledPromptBehavior: dismiss and notify}
Session ID: af1912ffce6a700f30b78335d73ae507
	at sun.reflect.NativeConstructorAccessorImpl.newInstance0(Native Method)
	at sun.reflect.NativeConstructorAccessorImpl.newInstance(NativeConstructorAccessorImpl.java:62)
	at sun.reflect.DelegatingConstructorAccessorImpl.newInstance(DelegatingConstructorAccessorImpl.java:45)
	at java.lang.reflect.Constructor.newInstance(Constructor.java:423)
	at org.openqa.selenium.remote.http.W3CHttpResponseCodec.createException(W3CHttpResponseCodec.java:187)
	at org.openqa.selenium.remote.http.W3CHttpResponseCodec.decode(W3CHttpResponseCodec.java:122)
	at org.openqa.selenium.remote.http.W3CHttpResponseCodec.decode(W3CHttpResponseCodec.java:49)
	at org.openqa.selenium.remote.HttpCommandExecutor.execute(HttpCommandExecutor.java:158)
	at org.openqa.selenium.remote.service.DriverCommandExecutor.execute(DriverCommandExecutor.java:83)
	at org.openqa.selenium.remote.RemoteWebDriver.execute(RemoteWebDriver.java:552)
	at org.openqa.selenium.remote.RemoteWebDriver.get(RemoteWebDriver.java:277)
	at StepDefinitions.GenericSteps.browserISOpenedAndUserIsNavigatedToApplicationUrl(GenericSteps.java:31)
	at ?.Browser is opened and user is navigated to application url(file:src/test/java/Features/ErrorTests.feature:5)
</textarea></span>
												</div>
											</div>
											<div class="st skip test l3" 
												tags=""
												devices="">
												<span class="tt">12.18.2019 23:48:49</span>&nbsp;
												<span class="ts">skip</span>&nbsp;&nbsp;
												<span class="tn">&nbsp;&nbsp;&nbsp;&nbsp;&nbsp;&nbsp;&nbsp;&nbsp;|---[When user clicks on Sign-In Button] started</span>
												
												<div class="st skip">
													<span class="tt">12.18.2019 23:48:49</span>&nbsp;
													<span class="ts">skip</span>&nbsp;&nbsp; 
													<span class="tn">&nbsp;&nbsp;&nbsp;&nbsp;&nbsp;&nbsp;&nbsp;&nbsp;|---[When user clicks on Sign-In Button]</span>
													
													<span class="td">Step skipped</span>
												</div>
											</div>
											<div class="st skip test l3" 
												tags=""
												devices="">
												<span class="tt">12.18.2019 23:48:49</span>&nbsp;
												<span class="ts">skip</span>&nbsp;&nbsp;
												<span class="tn">&nbsp;&nbsp;&nbsp;&nbsp;&nbsp;&nbsp;&nbsp;&nbsp;|---[Then user should be navigated to page with title "my HEMA"] started</span>
												
												<div class="st skip">
													<span class="tt">12.18.2019 23:48:49</span>&nbsp;
													<span class="ts">skip</span>&nbsp;&nbsp; 
													<span class="tn">&nbsp;&nbsp;&nbsp;&nbsp;&nbsp;&nbsp;&nbsp;&nbsp;|---[Then user should be navigated to page with title "my HEMA"]</span>
													
													<span class="td">Step skipped</span>
												</div>
											</div>
											<div class="st skip test l3" 
												tags=""
												devices="">
												<span class="tt">12.18.2019 23:48:49</span>&nbsp;
												<span class="ts">skip</span>&nbsp;&nbsp;
												<span class="tn">&nbsp;&nbsp;&nbsp;&nbsp;&nbsp;&nbsp;&nbsp;&nbsp;|---[When user enters valid email address for registration and click on continue] started</span>
												
												<div class="st skip">
													<span class="tt">12.18.2019 23:48:49</span>&nbsp;
													<span class="ts">skip</span>&nbsp;&nbsp; 
													<span class="tn">&nbsp;&nbsp;&nbsp;&nbsp;&nbsp;&nbsp;&nbsp;&nbsp;|---[When user enters valid email address for registration and click on continue]</span>
													
													<span class="td">Step skipped</span>
												</div>
											</div>
											<div class="st skip test l3" 
												tags=""
												devices="">
												<span class="tt">12.18.2019 23:48:49</span>&nbsp;
												<span class="ts">skip</span>&nbsp;&nbsp;
												<span class="tn">&nbsp;&nbsp;&nbsp;&nbsp;&nbsp;&nbsp;&nbsp;&nbsp;|---[Then user should be navigated to page with title "register"] started</span>
												
												<div class="st skip">
													<span class="tt">12.18.2019 23:48:49</span>&nbsp;
													<span class="ts">skip</span>&nbsp;&nbsp; 
													<span class="tn">&nbsp;&nbsp;&nbsp;&nbsp;&nbsp;&nbsp;&nbsp;&nbsp;|---[Then user should be navigated to page with title "register"]</span>
													
													<span class="td">Step skipped</span>
												</div>
											</div>
											<div class="st skip test l3" 
												tags=""
												devices="">
												<span class="tt">12.18.2019 23:48:49</span>&nbsp;
												<span class="ts">skip</span>&nbsp;&nbsp;
												<span class="tn">&nbsp;&nbsp;&nbsp;&nbsp;&nbsp;&nbsp;&nbsp;&nbsp;|---[When user fill in registration form and click on Sign-up] started</span>
												
												<div class="st pass">
													<span class="tt">12.18.2019 23:48:49</span>&nbsp;
													<span class="ts">pass</span>&nbsp;&nbsp; 
													<span class="tn">&nbsp;&nbsp;&nbsp;&nbsp;&nbsp;&nbsp;&nbsp;&nbsp;|---[When user fill in registration form and click on Sign-up]</span>
													
													<span class="td"><table class='runtime-table table-striped table'><tr><td>Mr</td><td>Jason</td><td>Roy</td><td></td><td>post</td><td>Amsterdam</td><td>Asdf@1234</td></tr></table></span>
												</div>
												<div class="st skip">
													<span class="tt">12.18.2019 23:48:49</span>&nbsp;
													<span class="ts">skip</span>&nbsp;&nbsp; 
													<span class="tn">&nbsp;&nbsp;&nbsp;&nbsp;&nbsp;&nbsp;&nbsp;&nbsp;|---[When user fill in registration form and click on Sign-up]</span>
													
													<span class="td">Step skipped</span>
												</div>
											</div>
											<div class="st skip test l3" 
												tags=""
												devices="">
												<span class="tt">12.18.2019 23:48:49</span>&nbsp;
												<span class="ts">skip</span>&nbsp;&nbsp;
												<span class="tn">&nbsp;&nbsp;&nbsp;&nbsp;&nbsp;&nbsp;&nbsp;&nbsp;|---[Then error message "some information below is incomplete or must be corrected" should be displayed for registration form] started</span>
												
												<div class="st skip">
													<span class="tt">12.18.2019 23:48:49</span>&nbsp;
													<span class="ts">skip</span>&nbsp;&nbsp; 
													<span class="tn">&nbsp;&nbsp;&nbsp;&nbsp;&nbsp;&nbsp;&nbsp;&nbsp;|---[Then error message "some information below is incomplete or must be corrected" should be displayed for registration form]</span>
													
													<span class="td">Step skipped</span>
												</div>
											</div>
											<div class="st fail test l3" 
												tags=""
												devices="">
												<span class="tt">12.18.2019 23:48:49</span>&nbsp;
												<span class="ts">fail</span>&nbsp;&nbsp;
												<span class="tn">&nbsp;&nbsp;&nbsp;&nbsp;&nbsp;&nbsp;&nbsp;&nbsp;|---[GenericSteps.tearDown(Scenario)] started</span>
												
												<div class="st fail">
													<span class="tt">12.18.2019 23:48:55</span>&nbsp;
													<span class="ts">fail</span>&nbsp;&nbsp; 
													<span class="tn">&nbsp;&nbsp;&nbsp;&nbsp;&nbsp;&nbsp;&nbsp;&nbsp;|---[GenericSteps.tearDown(Scenario)]</span>
													
													<span class="td">threw an exception<br><textarea disabled class="code-block">org.openqa.selenium.WebDriverException: chrome not reachable
  (Session info: chrome=79.0.3945.79)
Build info: version: '3.141.59', revision: 'e82be7d358', time: '2018-11-14T08:17:03'
System info: host: 'DESKTOP-NPH96C5', ip: '192.168.178.116', os.name: 'Windows 10', os.arch: 'amd64', os.version: '10.0', java.version: '1.8.0_221'
Driver info: org.openqa.selenium.chrome.ChromeDriver
Capabilities {acceptInsecureCerts: false, browserName: chrome, browserVersion: 79.0.3945.79, chrome: {chromedriverVersion: 79.0.3945.36 (3582db32b3389..., userDataDir: C:\Users\ARPIT-~1\AppData\L...}, goog:chromeOptions: {debuggerAddress: localhost:52252}, javascriptEnabled: true, networkConnectionEnabled: false, pageLoadStrategy: normal, platform: WINDOWS, platformName: WINDOWS, proxy: Proxy(), setWindowRect: true, strictFileInteractability: false, timeouts: {implicit: 0, pageLoad: 300000, script: 30000}, unhandledPromptBehavior: dismiss and notify}
Session ID: af1912ffce6a700f30b78335d73ae507
	at sun.reflect.NativeConstructorAccessorImpl.newInstance0(Native Method)
	at sun.reflect.NativeConstructorAccessorImpl.newInstance(NativeConstructorAccessorImpl.java:62)
	at sun.reflect.DelegatingConstructorAccessorImpl.newInstance(DelegatingConstructorAccessorImpl.java:45)
	at java.lang.reflect.Constructor.newInstance(Constructor.java:423)
	at org.openqa.selenium.remote.http.W3CHttpResponseCodec.createException(W3CHttpResponseCodec.java:187)
	at org.openqa.selenium.remote.http.W3CHttpResponseCodec.decode(W3CHttpResponseCodec.java:122)
	at org.openqa.selenium.remote.http.W3CHttpResponseCodec.decode(W3CHttpResponseCodec.java:49)
	at org.openqa.selenium.remote.HttpCommandExecutor.execute(HttpCommandExecutor.java:158)
	at org.openqa.selenium.remote.service.DriverCommandExecutor.execute(DriverCommandExecutor.java:83)
	at org.openqa.selenium.remote.RemoteWebDriver.execute(RemoteWebDriver.java:552)
	at org.openqa.selenium.remote.RemoteWebDriver.execute(RemoteWebDriver.java:609)
	at org.openqa.selenium.remote.RemoteWebDriver.getScreenshotAs(RemoteWebDriver.java:295)
	at Utility.BaseUtils.captureScreenShot(BaseUtils.java:71)
	at StepDefinitions.GenericSteps.tearDown(GenericSteps.java:41)
	at sun.reflect.NativeMethodAccessorImpl.invoke0(Native Method)
	at sun.reflect.NativeMethodAccessorImpl.invoke(NativeMethodAccessorImpl.java:62)
	at sun.reflect.DelegatingMethodAccessorImpl.invoke(DelegatingMethodAccessorImpl.java:43)
	at java.lang.reflect.Method.invoke(Method.java:498)
	at cucumber.runtime.Utils$1.call(Utils.java:26)
	at cucumber.runtime.Timeout.timeout(Timeout.java:16)
	at cucumber.runtime.Utils.invoke(Utils.java:20)
	at cucumber.runtime.java.JavaHookDefinition.execute(JavaHookDefinition.java:60)
	at cucumber.runner.HookDefinitionMatch.runStep(HookDefinitionMatch.java:16)
	at cucumber.runner.TestStep.executeStep(TestStep.java:65)
	at cucumber.runner.TestStep.run(TestStep.java:50)
	at cucumber.runner.TestCase.run(TestCase.java:50)
	at cucumber.runner.Runner.runPickle(Runner.java:50)
	at cucumber.api.testng.TestNGCucumberRunner.runScenario(TestNGCucumberRunner.java:58)
	at TestRunner.TestRunner.scenario(TestRunner.java:22)
	at sun.reflect.NativeMethodAccessorImpl.invoke0(Native Method)
	at sun.reflect.NativeMethodAccessorImpl.invoke(NativeMethodAccessorImpl.java:62)
	at sun.reflect.DelegatingMethodAccessorImpl.invoke(DelegatingMethodAccessorImpl.java:43)
	at java.lang.reflect.Method.invoke(Method.java:498)
	at org.testng.internal.MethodInvocationHelper.invokeMethod(MethodInvocationHelper.java:124)
	at org.testng.internal.Invoker.invokeMethod(Invoker.java:583)
	at org.testng.internal.Invoker.invokeTestMethod(Invoker.java:719)
	at org.testng.internal.Invoker.invokeTestMethods(Invoker.java:989)
	at org.testng.internal.TestMethodWorker.invokeTestMethods(TestMethodWorker.java:125)
	at org.testng.internal.TestMethodWorker.run(TestMethodWorker.java:109)
	at org.testng.TestRunner.privateRun(TestRunner.java:648)
	at org.testng.TestRunner.run(TestRunner.java:505)
	at org.testng.SuiteRunner.runTest(SuiteRunner.java:455)
	at org.testng.SuiteRunner.runSequentially(SuiteRunner.java:450)
	at org.testng.SuiteRunner.privateRun(SuiteRunner.java:415)
	at org.testng.SuiteRunner.run(SuiteRunner.java:364)
	at org.testng.SuiteRunnerWorker.runSuite(SuiteRunnerWorker.java:52)
	at org.testng.SuiteRunnerWorker.run(SuiteRunnerWorker.java:84)
	at org.testng.TestNG.runSuitesSequentially(TestNG.java:1208)
	at org.testng.TestNG.runSuitesLocally(TestNG.java:1137)
	at org.testng.TestNG.runSuites(TestNG.java:1049)
	at org.testng.TestNG.run(TestNG.java:1017)
	at org.apache.maven.surefire.testng.TestNGExecutor.run(TestNGExecutor.java:77)
	at org.apache.maven.surefire.testng.TestNGDirectoryTestSuite.executeMulti(TestNGDirectoryTestSuite.java:159)
	at org.apache.maven.surefire.testng.TestNGDirectoryTestSuite.execute(TestNGDirectoryTestSuite.java:99)
	at org.apache.maven.surefire.testng.TestNGProvider.invoke(TestNGProvider.java:106)
	at sun.reflect.NativeMethodAccessorImpl.invoke0(Native Method)
	at sun.reflect.NativeMethodAccessorImpl.invoke(NativeMethodAccessorImpl.java:62)
	at sun.reflect.DelegatingMethodAccessorImpl.invoke(DelegatingMethodAccessorImpl.java:43)
	at java.lang.reflect.Method.invoke(Method.java:498)
	at org.apache.maven.surefire.util.ReflectionUtils.invokeMethodWithArray(ReflectionUtils.java:189)
	at org.apache.maven.surefire.booter.ProviderFactory$ProviderProxy.invoke(ProviderFactory.java:165)
	at org.apache.maven.surefire.booter.ProviderFactory.invokeProvider(ProviderFactory.java:85)
	at org.apache.maven.surefire.booter.ForkedBooter.runSuitesInProcess(ForkedBooter.java:115)
	at org.apache.maven.surefire.booter.ForkedBooter.main(ForkedBooter.java:75)
</textarea></span>
												</div>
											</div>
											<div class="st fail test l2" 
												tags="@Hema"
												devices="">
												<span class="tt">12.18.2019 23:48:55</span>&nbsp;
												<span class="ts">fail</span>&nbsp;&nbsp;
												<span class="tn">&nbsp;&nbsp;&nbsp;&nbsp;|---[verify user is not able to register without filling all mandatory field and getting proper error message] started</span>
												<span class="category-list">
													<span class="category badge"><i class="fa fa-tag"></i> @Hema</span>
												</span>
												
											</div>
											<div class="st fail test l3" 
												tags=""
												devices="">
												<span class="tt">12.18.2019 23:48:55</span>&nbsp;
												<span class="ts">fail</span>&nbsp;&nbsp;
												<span class="tn">&nbsp;&nbsp;&nbsp;&nbsp;&nbsp;&nbsp;&nbsp;&nbsp;|---[Given Browser is opened and user is navigated to application url] started</span>
												
												<div class="st fail">
													<span class="tt">12.18.2019 23:49:08</span>&nbsp;
													<span class="ts">fail</span>&nbsp;&nbsp; 
													<span class="tn">&nbsp;&nbsp;&nbsp;&nbsp;&nbsp;&nbsp;&nbsp;&nbsp;|---[Given Browser is opened and user is navigated to application url]</span>
													
													<span class="td">threw an exception<br><textarea disabled class="code-block">org.openqa.selenium.NoSuchWindowException: no such window: target window already closed
from unknown error: web view not found
  (Session info: chrome=79.0.3945.79)
Build info: version: '3.141.59', revision: 'e82be7d358', time: '2018-11-14T08:17:03'
System info: host: 'DESKTOP-NPH96C5', ip: '192.168.178.116', os.name: 'Windows 10', os.arch: 'amd64', os.version: '10.0', java.version: '1.8.0_221'
Driver info: org.openqa.selenium.chrome.ChromeDriver
Capabilities {acceptInsecureCerts: false, browserName: chrome, browserVersion: 79.0.3945.79, chrome: {chromedriverVersion: 79.0.3945.36 (3582db32b3389..., userDataDir: C:\Users\ARPIT-~1\AppData\L...}, goog:chromeOptions: {debuggerAddress: localhost:52279}, javascriptEnabled: true, networkConnectionEnabled: false, pageLoadStrategy: normal, platform: WINDOWS, platformName: WINDOWS, proxy: Proxy(), setWindowRect: true, strictFileInteractability: false, timeouts: {implicit: 0, pageLoad: 300000, script: 30000}, unhandledPromptBehavior: dismiss and notify}
Session ID: 11c9be088accda7176a6d503b6bfc004
	at sun.reflect.NativeConstructorAccessorImpl.newInstance0(Native Method)
	at sun.reflect.NativeConstructorAccessorImpl.newInstance(NativeConstructorAccessorImpl.java:62)
	at sun.reflect.DelegatingConstructorAccessorImpl.newInstance(DelegatingConstructorAccessorImpl.java:45)
	at java.lang.reflect.Constructor.newInstance(Constructor.java:423)
	at org.openqa.selenium.remote.http.W3CHttpResponseCodec.createException(W3CHttpResponseCodec.java:187)
	at org.openqa.selenium.remote.http.W3CHttpResponseCodec.decode(W3CHttpResponseCodec.java:122)
	at org.openqa.selenium.remote.http.W3CHttpResponseCodec.decode(W3CHttpResponseCodec.java:49)
	at org.openqa.selenium.remote.HttpCommandExecutor.execute(HttpCommandExecutor.java:158)
	at org.openqa.selenium.remote.service.DriverCommandExecutor.execute(DriverCommandExecutor.java:83)
	at org.openqa.selenium.remote.RemoteWebDriver.execute(RemoteWebDriver.java:552)
	at org.openqa.selenium.remote.RemoteWebDriver.execute(RemoteWebDriver.java:609)
	at org.openqa.selenium.remote.RemoteWebDriver$RemoteWebDriverOptions$RemoteWindow.maximize(RemoteWebDriver.java:837)
	at StepDefinitions.GenericSteps.browserISOpenedAndUserIsNavigatedToApplicationUrl(GenericSteps.java:32)
	at ?.Browser is opened and user is navigated to application url(file:src/test/java/Features/ErrorTests.feature:5)
</textarea></span>
												</div>
											</div>
											<div class="st skip test l3" 
												tags=""
												devices="">
												<span class="tt">12.18.2019 23:49:08</span>&nbsp;
												<span class="ts">skip</span>&nbsp;&nbsp;
												<span class="tn">&nbsp;&nbsp;&nbsp;&nbsp;&nbsp;&nbsp;&nbsp;&nbsp;|---[When user clicks on Sign-In Button] started</span>
												
												<div class="st skip">
													<span class="tt">12.18.2019 23:49:08</span>&nbsp;
													<span class="ts">skip</span>&nbsp;&nbsp; 
													<span class="tn">&nbsp;&nbsp;&nbsp;&nbsp;&nbsp;&nbsp;&nbsp;&nbsp;|---[When user clicks on Sign-In Button]</span>
													
													<span class="td">Step skipped</span>
												</div>
											</div>
											<div class="st skip test l3" 
												tags=""
												devices="">
												<span class="tt">12.18.2019 23:49:08</span>&nbsp;
												<span class="ts">skip</span>&nbsp;&nbsp;
												<span class="tn">&nbsp;&nbsp;&nbsp;&nbsp;&nbsp;&nbsp;&nbsp;&nbsp;|---[Then user should be navigated to page with title "my HEMA"] started</span>
												
												<div class="st skip">
													<span class="tt">12.18.2019 23:49:08</span>&nbsp;
													<span class="ts">skip</span>&nbsp;&nbsp; 
													<span class="tn">&nbsp;&nbsp;&nbsp;&nbsp;&nbsp;&nbsp;&nbsp;&nbsp;|---[Then user should be navigated to page with title "my HEMA"]</span>
													
													<span class="td">Step skipped</span>
												</div>
											</div>
											<div class="st skip test l3" 
												tags=""
												devices="">
												<span class="tt">12.18.2019 23:49:08</span>&nbsp;
												<span class="ts">skip</span>&nbsp;&nbsp;
												<span class="tn">&nbsp;&nbsp;&nbsp;&nbsp;&nbsp;&nbsp;&nbsp;&nbsp;|---[When user enters valid email address for registration and click on continue] started</span>
												
												<div class="st skip">
													<span class="tt">12.18.2019 23:49:08</span>&nbsp;
													<span class="ts">skip</span>&nbsp;&nbsp; 
													<span class="tn">&nbsp;&nbsp;&nbsp;&nbsp;&nbsp;&nbsp;&nbsp;&nbsp;|---[When user enters valid email address for registration and click on continue]</span>
													
													<span class="td">Step skipped</span>
												</div>
											</div>
											<div class="st skip test l3" 
												tags=""
												devices="">
												<span class="tt">12.18.2019 23:49:08</span>&nbsp;
												<span class="ts">skip</span>&nbsp;&nbsp;
												<span class="tn">&nbsp;&nbsp;&nbsp;&nbsp;&nbsp;&nbsp;&nbsp;&nbsp;|---[Then user should be navigated to page with title "register"] started</span>
												
												<div class="st skip">
													<span class="tt">12.18.2019 23:49:08</span>&nbsp;
													<span class="ts">skip</span>&nbsp;&nbsp; 
													<span class="tn">&nbsp;&nbsp;&nbsp;&nbsp;&nbsp;&nbsp;&nbsp;&nbsp;|---[Then user should be navigated to page with title "register"]</span>
													
													<span class="td">Step skipped</span>
												</div>
											</div>
											<div class="st skip test l3" 
												tags=""
												devices="">
												<span class="tt">12.18.2019 23:49:08</span>&nbsp;
												<span class="ts">skip</span>&nbsp;&nbsp;
												<span class="tn">&nbsp;&nbsp;&nbsp;&nbsp;&nbsp;&nbsp;&nbsp;&nbsp;|---[When user fill in registration form and click on Sign-up] started</span>
												
												<div class="st pass">
													<span class="tt">12.18.2019 23:49:08</span>&nbsp;
													<span class="ts">pass</span>&nbsp;&nbsp; 
													<span class="tn">&nbsp;&nbsp;&nbsp;&nbsp;&nbsp;&nbsp;&nbsp;&nbsp;|---[When user fill in registration form and click on Sign-up]</span>
													
													<span class="td"><table class='runtime-table table-striped table'><tr><td>Mr</td><td>Jason</td><td>Roy</td><td>Address</td><td></td><td>Amsterdam</td><td>Asdf@1234</td></tr></table></span>
												</div>
												<div class="st skip">
													<span class="tt">12.18.2019 23:49:08</span>&nbsp;
													<span class="ts">skip</span>&nbsp;&nbsp; 
													<span class="tn">&nbsp;&nbsp;&nbsp;&nbsp;&nbsp;&nbsp;&nbsp;&nbsp;|---[When user fill in registration form and click on Sign-up]</span>
													
													<span class="td">Step skipped</span>
												</div>
											</div>
											<div class="st skip test l3" 
												tags=""
												devices="">
												<span class="tt">12.18.2019 23:49:08</span>&nbsp;
												<span class="ts">skip</span>&nbsp;&nbsp;
												<span class="tn">&nbsp;&nbsp;&nbsp;&nbsp;&nbsp;&nbsp;&nbsp;&nbsp;|---[Then error message "some information below is incomplete or must be corrected" should be displayed for registration form] started</span>
												
												<div class="st skip">
													<span class="tt">12.18.2019 23:49:08</span>&nbsp;
													<span class="ts">skip</span>&nbsp;&nbsp; 
													<span class="tn">&nbsp;&nbsp;&nbsp;&nbsp;&nbsp;&nbsp;&nbsp;&nbsp;|---[Then error message "some information below is incomplete or must be corrected" should be displayed for registration form]</span>
													
													<span class="td">Step skipped</span>
												</div>
											</div>
											<div class="st fail test l3" 
												tags=""
												devices="">
												<span class="tt">12.18.2019 23:49:08</span>&nbsp;
												<span class="ts">fail</span>&nbsp;&nbsp;
												<span class="tn">&nbsp;&nbsp;&nbsp;&nbsp;&nbsp;&nbsp;&nbsp;&nbsp;|---[GenericSteps.tearDown(Scenario)] started</span>
												
												<div class="st fail">
													<span class="tt">12.18.2019 23:49:08</span>&nbsp;
													<span class="ts">fail</span>&nbsp;&nbsp; 
													<span class="tn">&nbsp;&nbsp;&nbsp;&nbsp;&nbsp;&nbsp;&nbsp;&nbsp;|---[GenericSteps.tearDown(Scenario)]</span>
													
													<span class="td">threw an exception<br><textarea disabled class="code-block">org.openqa.selenium.NoSuchWindowException: no such window: target window already closed
from unknown error: web view not found
  (Session info: chrome=79.0.3945.79)
Build info: version: '3.141.59', revision: 'e82be7d358', time: '2018-11-14T08:17:03'
System info: host: 'DESKTOP-NPH96C5', ip: '192.168.178.116', os.name: 'Windows 10', os.arch: 'amd64', os.version: '10.0', java.version: '1.8.0_221'
Driver info: org.openqa.selenium.chrome.ChromeDriver
Capabilities {acceptInsecureCerts: false, browserName: chrome, browserVersion: 79.0.3945.79, chrome: {chromedriverVersion: 79.0.3945.36 (3582db32b3389..., userDataDir: C:\Users\ARPIT-~1\AppData\L...}, goog:chromeOptions: {debuggerAddress: localhost:52279}, javascriptEnabled: true, networkConnectionEnabled: false, pageLoadStrategy: normal, platform: WINDOWS, platformName: WINDOWS, proxy: Proxy(), setWindowRect: true, strictFileInteractability: false, timeouts: {implicit: 0, pageLoad: 300000, script: 30000}, unhandledPromptBehavior: dismiss and notify}
Session ID: 11c9be088accda7176a6d503b6bfc004
	at sun.reflect.NativeConstructorAccessorImpl.newInstance0(Native Method)
	at sun.reflect.NativeConstructorAccessorImpl.newInstance(NativeConstructorAccessorImpl.java:62)
	at sun.reflect.DelegatingConstructorAccessorImpl.newInstance(DelegatingConstructorAccessorImpl.java:45)
	at java.lang.reflect.Constructor.newInstance(Constructor.java:423)
	at org.openqa.selenium.remote.http.W3CHttpResponseCodec.createException(W3CHttpResponseCodec.java:187)
	at org.openqa.selenium.remote.http.W3CHttpResponseCodec.decode(W3CHttpResponseCodec.java:122)
	at org.openqa.selenium.remote.http.W3CHttpResponseCodec.decode(W3CHttpResponseCodec.java:49)
	at org.openqa.selenium.remote.HttpCommandExecutor.execute(HttpCommandExecutor.java:158)
	at org.openqa.selenium.remote.service.DriverCommandExecutor.execute(DriverCommandExecutor.java:83)
	at org.openqa.selenium.remote.RemoteWebDriver.execute(RemoteWebDriver.java:552)
	at org.openqa.selenium.remote.RemoteWebDriver.execute(RemoteWebDriver.java:609)
	at org.openqa.selenium.remote.RemoteWebDriver.getScreenshotAs(RemoteWebDriver.java:295)
	at Utility.BaseUtils.captureScreenShot(BaseUtils.java:71)
	at StepDefinitions.GenericSteps.tearDown(GenericSteps.java:41)
	at sun.reflect.NativeMethodAccessorImpl.invoke0(Native Method)
	at sun.reflect.NativeMethodAccessorImpl.invoke(NativeMethodAccessorImpl.java:62)
	at sun.reflect.DelegatingMethodAccessorImpl.invoke(DelegatingMethodAccessorImpl.java:43)
	at java.lang.reflect.Method.invoke(Method.java:498)
	at cucumber.runtime.Utils$1.call(Utils.java:26)
	at cucumber.runtime.Timeout.timeout(Timeout.java:16)
	at cucumber.runtime.Utils.invoke(Utils.java:20)
	at cucumber.runtime.java.JavaHookDefinition.execute(JavaHookDefinition.java:60)
	at cucumber.runner.HookDefinitionMatch.runStep(HookDefinitionMatch.java:16)
	at cucumber.runner.TestStep.executeStep(TestStep.java:65)
	at cucumber.runner.TestStep.run(TestStep.java:50)
	at cucumber.runner.TestCase.run(TestCase.java:50)
	at cucumber.runner.Runner.runPickle(Runner.java:50)
	at cucumber.api.testng.TestNGCucumberRunner.runScenario(TestNGCucumberRunner.java:58)
	at TestRunner.TestRunner.scenario(TestRunner.java:22)
	at sun.reflect.NativeMethodAccessorImpl.invoke0(Native Method)
	at sun.reflect.NativeMethodAccessorImpl.invoke(NativeMethodAccessorImpl.java:62)
	at sun.reflect.DelegatingMethodAccessorImpl.invoke(DelegatingMethodAccessorImpl.java:43)
	at java.lang.reflect.Method.invoke(Method.java:498)
	at org.testng.internal.MethodInvocationHelper.invokeMethod(MethodInvocationHelper.java:124)
	at org.testng.internal.Invoker.invokeMethod(Invoker.java:583)
	at org.testng.internal.Invoker.invokeTestMethod(Invoker.java:719)
	at org.testng.internal.Invoker.invokeTestMethods(Invoker.java:989)
	at org.testng.internal.TestMethodWorker.invokeTestMethods(TestMethodWorker.java:125)
	at org.testng.internal.TestMethodWorker.run(TestMethodWorker.java:109)
	at org.testng.TestRunner.privateRun(TestRunner.java:648)
	at org.testng.TestRunner.run(TestRunner.java:505)
	at org.testng.SuiteRunner.runTest(SuiteRunner.java:455)
	at org.testng.SuiteRunner.runSequentially(SuiteRunner.java:450)
	at org.testng.SuiteRunner.privateRun(SuiteRunner.java:415)
	at org.testng.SuiteRunner.run(SuiteRunner.java:364)
	at org.testng.SuiteRunnerWorker.runSuite(SuiteRunnerWorker.java:52)
	at org.testng.SuiteRunnerWorker.run(SuiteRunnerWorker.java:84)
	at org.testng.TestNG.runSuitesSequentially(TestNG.java:1208)
	at org.testng.TestNG.runSuitesLocally(TestNG.java:1137)
	at org.testng.TestNG.runSuites(TestNG.java:1049)
	at org.testng.TestNG.run(TestNG.java:1017)
	at org.apache.maven.surefire.testng.TestNGExecutor.run(TestNGExecutor.java:77)
	at org.apache.maven.surefire.testng.TestNGDirectoryTestSuite.executeMulti(TestNGDirectoryTestSuite.java:159)
	at org.apache.maven.surefire.testng.TestNGDirectoryTestSuite.execute(TestNGDirectoryTestSuite.java:99)
	at org.apache.maven.surefire.testng.TestNGProvider.invoke(TestNGProvider.java:106)
	at sun.reflect.NativeMethodAccessorImpl.invoke0(Native Method)
	at sun.reflect.NativeMethodAccessorImpl.invoke(NativeMethodAccessorImpl.java:62)
	at sun.reflect.DelegatingMethodAccessorImpl.invoke(DelegatingMethodAccessorImpl.java:43)
	at java.lang.reflect.Method.invoke(Method.java:498)
	at org.apache.maven.surefire.util.ReflectionUtils.invokeMethodWithArray(ReflectionUtils.java:189)
	at org.apache.maven.surefire.booter.ProviderFactory$ProviderProxy.invoke(ProviderFactory.java:165)
	at org.apache.maven.surefire.booter.ProviderFactory.invokeProvider(ProviderFactory.java:85)
	at org.apache.maven.surefire.booter.ForkedBooter.runSuitesInProcess(ForkedBooter.java:115)
	at org.apache.maven.surefire.booter.ForkedBooter.main(ForkedBooter.java:75)
</textarea></span>
												</div>
											</div>
											<div class="st fail test l2" 
												tags="@Hema"
												devices="">
												<span class="tt">12.18.2019 23:49:08</span>&nbsp;
												<span class="ts">fail</span>&nbsp;&nbsp;
												<span class="tn">&nbsp;&nbsp;&nbsp;&nbsp;|---[verify user is not able to register without filling all mandatory field and getting proper error message] started</span>
												<span class="category-list">
													<span class="category badge"><i class="fa fa-tag"></i> @Hema</span>
												</span>
												
											</div>
											<div class="st fail test l3" 
												tags=""
												devices="">
												<span class="tt">12.18.2019 23:49:08</span>&nbsp;
												<span class="ts">fail</span>&nbsp;&nbsp;
												<span class="tn">&nbsp;&nbsp;&nbsp;&nbsp;&nbsp;&nbsp;&nbsp;&nbsp;|---[Given Browser is opened and user is navigated to application url] started</span>
												
												<div class="st fail">
													<span class="tt">12.18.2019 23:49:20</span>&nbsp;
													<span class="ts">fail</span>&nbsp;&nbsp; 
													<span class="tn">&nbsp;&nbsp;&nbsp;&nbsp;&nbsp;&nbsp;&nbsp;&nbsp;|---[Given Browser is opened and user is navigated to application url]</span>
													
													<span class="td">threw an exception<br><textarea disabled class="code-block">org.openqa.selenium.WebDriverException: chrome not reachable
  (Session info: chrome=79.0.3945.79)
Build info: version: '3.141.59', revision: 'e82be7d358', time: '2018-11-14T08:17:03'
System info: host: 'DESKTOP-NPH96C5', ip: '192.168.178.116', os.name: 'Windows 10', os.arch: 'amd64', os.version: '10.0', java.version: '1.8.0_221'
Driver info: org.openqa.selenium.chrome.ChromeDriver
Capabilities {acceptInsecureCerts: false, browserName: chrome, browserVersion: 79.0.3945.79, chrome: {chromedriverVersion: 79.0.3945.36 (3582db32b3389..., userDataDir: C:\Users\ARPIT-~1\AppData\L...}, goog:chromeOptions: {debuggerAddress: localhost:52326}, javascriptEnabled: true, networkConnectionEnabled: false, pageLoadStrategy: normal, platform: WINDOWS, platformName: WINDOWS, proxy: Proxy(), setWindowRect: true, strictFileInteractability: false, timeouts: {implicit: 0, pageLoad: 300000, script: 30000}, unhandledPromptBehavior: dismiss and notify}
Session ID: 4923bd4dc069027927063b7aa476d0ed
	at sun.reflect.NativeConstructorAccessorImpl.newInstance0(Native Method)
	at sun.reflect.NativeConstructorAccessorImpl.newInstance(NativeConstructorAccessorImpl.java:62)
	at sun.reflect.DelegatingConstructorAccessorImpl.newInstance(DelegatingConstructorAccessorImpl.java:45)
	at java.lang.reflect.Constructor.newInstance(Constructor.java:423)
	at org.openqa.selenium.remote.http.W3CHttpResponseCodec.createException(W3CHttpResponseCodec.java:187)
	at org.openqa.selenium.remote.http.W3CHttpResponseCodec.decode(W3CHttpResponseCodec.java:122)
	at org.openqa.selenium.remote.http.W3CHttpResponseCodec.decode(W3CHttpResponseCodec.java:49)
	at org.openqa.selenium.remote.HttpCommandExecutor.execute(HttpCommandExecutor.java:158)
	at org.openqa.selenium.remote.service.DriverCommandExecutor.execute(DriverCommandExecutor.java:83)
	at org.openqa.selenium.remote.RemoteWebDriver.execute(RemoteWebDriver.java:552)
	at org.openqa.selenium.remote.RemoteWebDriver.execute(RemoteWebDriver.java:609)
	at org.openqa.selenium.remote.RemoteWebDriver$RemoteWebDriverOptions$RemoteWindow.maximize(RemoteWebDriver.java:837)
	at StepDefinitions.GenericSteps.browserISOpenedAndUserIsNavigatedToApplicationUrl(GenericSteps.java:32)
	at ?.Browser is opened and user is navigated to application url(file:src/test/java/Features/ErrorTests.feature:5)
</textarea></span>
												</div>
											</div>
											<div class="st skip test l3" 
												tags=""
												devices="">
												<span class="tt">12.18.2019 23:49:20</span>&nbsp;
												<span class="ts">skip</span>&nbsp;&nbsp;
												<span class="tn">&nbsp;&nbsp;&nbsp;&nbsp;&nbsp;&nbsp;&nbsp;&nbsp;|---[When user clicks on Sign-In Button] started</span>
												
												<div class="st skip">
													<span class="tt">12.18.2019 23:49:20</span>&nbsp;
													<span class="ts">skip</span>&nbsp;&nbsp; 
													<span class="tn">&nbsp;&nbsp;&nbsp;&nbsp;&nbsp;&nbsp;&nbsp;&nbsp;|---[When user clicks on Sign-In Button]</span>
													
													<span class="td">Step skipped</span>
												</div>
											</div>
											<div class="st skip test l3" 
												tags=""
												devices="">
												<span class="tt">12.18.2019 23:49:20</span>&nbsp;
												<span class="ts">skip</span>&nbsp;&nbsp;
												<span class="tn">&nbsp;&nbsp;&nbsp;&nbsp;&nbsp;&nbsp;&nbsp;&nbsp;|---[Then user should be navigated to page with title "my HEMA"] started</span>
												
												<div class="st skip">
													<span class="tt">12.18.2019 23:49:20</span>&nbsp;
													<span class="ts">skip</span>&nbsp;&nbsp; 
													<span class="tn">&nbsp;&nbsp;&nbsp;&nbsp;&nbsp;&nbsp;&nbsp;&nbsp;|---[Then user should be navigated to page with title "my HEMA"]</span>
													
													<span class="td">Step skipped</span>
												</div>
											</div>
											<div class="st skip test l3" 
												tags=""
												devices="">
												<span class="tt">12.18.2019 23:49:20</span>&nbsp;
												<span class="ts">skip</span>&nbsp;&nbsp;
												<span class="tn">&nbsp;&nbsp;&nbsp;&nbsp;&nbsp;&nbsp;&nbsp;&nbsp;|---[When user enters valid email address for registration and click on continue] started</span>
												
												<div class="st skip">
													<span class="tt">12.18.2019 23:49:20</span>&nbsp;
													<span class="ts">skip</span>&nbsp;&nbsp; 
													<span class="tn">&nbsp;&nbsp;&nbsp;&nbsp;&nbsp;&nbsp;&nbsp;&nbsp;|---[When user enters valid email address for registration and click on continue]</span>
													
													<span class="td">Step skipped</span>
												</div>
											</div>
											<div class="st skip test l3" 
												tags=""
												devices="">
												<span class="tt">12.18.2019 23:49:20</span>&nbsp;
												<span class="ts">skip</span>&nbsp;&nbsp;
												<span class="tn">&nbsp;&nbsp;&nbsp;&nbsp;&nbsp;&nbsp;&nbsp;&nbsp;|---[Then user should be navigated to page with title "register"] started</span>
												
												<div class="st skip">
													<span class="tt">12.18.2019 23:49:20</span>&nbsp;
													<span class="ts">skip</span>&nbsp;&nbsp; 
													<span class="tn">&nbsp;&nbsp;&nbsp;&nbsp;&nbsp;&nbsp;&nbsp;&nbsp;|---[Then user should be navigated to page with title "register"]</span>
													
													<span class="td">Step skipped</span>
												</div>
											</div>
											<div class="st skip test l3" 
												tags=""
												devices="">
												<span class="tt">12.18.2019 23:49:20</span>&nbsp;
												<span class="ts">skip</span>&nbsp;&nbsp;
												<span class="tn">&nbsp;&nbsp;&nbsp;&nbsp;&nbsp;&nbsp;&nbsp;&nbsp;|---[When user fill in registration form and click on Sign-up] started</span>
												
												<div class="st pass">
													<span class="tt">12.18.2019 23:49:20</span>&nbsp;
													<span class="ts">pass</span>&nbsp;&nbsp; 
													<span class="tn">&nbsp;&nbsp;&nbsp;&nbsp;&nbsp;&nbsp;&nbsp;&nbsp;|---[When user fill in registration form and click on Sign-up]</span>
													
													<span class="td"><table class='runtime-table table-striped table'><tr><td>Mr</td><td>Jason</td><td>Roy</td><td>Address</td><td>post</td><td></td><td>Asdf@1234</td></tr></table></span>
												</div>
												<div class="st skip">
													<span class="tt">12.18.2019 23:49:20</span>&nbsp;
													<span class="ts">skip</span>&nbsp;&nbsp; 
													<span class="tn">&nbsp;&nbsp;&nbsp;&nbsp;&nbsp;&nbsp;&nbsp;&nbsp;|---[When user fill in registration form and click on Sign-up]</span>
													
													<span class="td">Step skipped</span>
												</div>
											</div>
											<div class="st skip test l3" 
												tags=""
												devices="">
												<span class="tt">12.18.2019 23:49:20</span>&nbsp;
												<span class="ts">skip</span>&nbsp;&nbsp;
												<span class="tn">&nbsp;&nbsp;&nbsp;&nbsp;&nbsp;&nbsp;&nbsp;&nbsp;|---[Then error message "some information below is incomplete or must be corrected" should be displayed for registration form] started</span>
												
												<div class="st skip">
													<span class="tt">12.18.2019 23:49:20</span>&nbsp;
													<span class="ts">skip</span>&nbsp;&nbsp; 
													<span class="tn">&nbsp;&nbsp;&nbsp;&nbsp;&nbsp;&nbsp;&nbsp;&nbsp;|---[Then error message "some information below is incomplete or must be corrected" should be displayed for registration form]</span>
													
													<span class="td">Step skipped</span>
												</div>
											</div>
											<div class="st fail test l3" 
												tags=""
												devices="">
												<span class="tt">12.18.2019 23:49:20</span>&nbsp;
												<span class="ts">fail</span>&nbsp;&nbsp;
												<span class="tn">&nbsp;&nbsp;&nbsp;&nbsp;&nbsp;&nbsp;&nbsp;&nbsp;|---[GenericSteps.tearDown(Scenario)] started</span>
												
												<div class="st fail">
													<span class="tt">12.18.2019 23:49:26</span>&nbsp;
													<span class="ts">fail</span>&nbsp;&nbsp; 
													<span class="tn">&nbsp;&nbsp;&nbsp;&nbsp;&nbsp;&nbsp;&nbsp;&nbsp;|---[GenericSteps.tearDown(Scenario)]</span>
													
													<span class="td">threw an exception<br><textarea disabled class="code-block">org.openqa.selenium.WebDriverException: chrome not reachable
  (Session info: chrome=79.0.3945.79)
Build info: version: '3.141.59', revision: 'e82be7d358', time: '2018-11-14T08:17:03'
System info: host: 'DESKTOP-NPH96C5', ip: '192.168.178.116', os.name: 'Windows 10', os.arch: 'amd64', os.version: '10.0', java.version: '1.8.0_221'
Driver info: org.openqa.selenium.chrome.ChromeDriver
Capabilities {acceptInsecureCerts: false, browserName: chrome, browserVersion: 79.0.3945.79, chrome: {chromedriverVersion: 79.0.3945.36 (3582db32b3389..., userDataDir: C:\Users\ARPIT-~1\AppData\L...}, goog:chromeOptions: {debuggerAddress: localhost:52326}, javascriptEnabled: true, networkConnectionEnabled: false, pageLoadStrategy: normal, platform: WINDOWS, platformName: WINDOWS, proxy: Proxy(), setWindowRect: true, strictFileInteractability: false, timeouts: {implicit: 0, pageLoad: 300000, script: 30000}, unhandledPromptBehavior: dismiss and notify}
Session ID: 4923bd4dc069027927063b7aa476d0ed
	at sun.reflect.NativeConstructorAccessorImpl.newInstance0(Native Method)
	at sun.reflect.NativeConstructorAccessorImpl.newInstance(NativeConstructorAccessorImpl.java:62)
	at sun.reflect.DelegatingConstructorAccessorImpl.newInstance(DelegatingConstructorAccessorImpl.java:45)
	at java.lang.reflect.Constructor.newInstance(Constructor.java:423)
	at org.openqa.selenium.remote.http.W3CHttpResponseCodec.createException(W3CHttpResponseCodec.java:187)
	at org.openqa.selenium.remote.http.W3CHttpResponseCodec.decode(W3CHttpResponseCodec.java:122)
	at org.openqa.selenium.remote.http.W3CHttpResponseCodec.decode(W3CHttpResponseCodec.java:49)
	at org.openqa.selenium.remote.HttpCommandExecutor.execute(HttpCommandExecutor.java:158)
	at org.openqa.selenium.remote.service.DriverCommandExecutor.execute(DriverCommandExecutor.java:83)
	at org.openqa.selenium.remote.RemoteWebDriver.execute(RemoteWebDriver.java:552)
	at org.openqa.selenium.remote.RemoteWebDriver.execute(RemoteWebDriver.java:609)
	at org.openqa.selenium.remote.RemoteWebDriver.getScreenshotAs(RemoteWebDriver.java:295)
	at Utility.BaseUtils.captureScreenShot(BaseUtils.java:71)
	at StepDefinitions.GenericSteps.tearDown(GenericSteps.java:41)
	at sun.reflect.NativeMethodAccessorImpl.invoke0(Native Method)
	at sun.reflect.NativeMethodAccessorImpl.invoke(NativeMethodAccessorImpl.java:62)
	at sun.reflect.DelegatingMethodAccessorImpl.invoke(DelegatingMethodAccessorImpl.java:43)
	at java.lang.reflect.Method.invoke(Method.java:498)
	at cucumber.runtime.Utils$1.call(Utils.java:26)
	at cucumber.runtime.Timeout.timeout(Timeout.java:16)
	at cucumber.runtime.Utils.invoke(Utils.java:20)
	at cucumber.runtime.java.JavaHookDefinition.execute(JavaHookDefinition.java:60)
	at cucumber.runner.HookDefinitionMatch.runStep(HookDefinitionMatch.java:16)
	at cucumber.runner.TestStep.executeStep(TestStep.java:65)
	at cucumber.runner.TestStep.run(TestStep.java:50)
	at cucumber.runner.TestCase.run(TestCase.java:50)
	at cucumber.runner.Runner.runPickle(Runner.java:50)
	at cucumber.api.testng.TestNGCucumberRunner.runScenario(TestNGCucumberRunner.java:58)
	at TestRunner.TestRunner.scenario(TestRunner.java:22)
	at sun.reflect.NativeMethodAccessorImpl.invoke0(Native Method)
	at sun.reflect.NativeMethodAccessorImpl.invoke(NativeMethodAccessorImpl.java:62)
	at sun.reflect.DelegatingMethodAccessorImpl.invoke(DelegatingMethodAccessorImpl.java:43)
	at java.lang.reflect.Method.invoke(Method.java:498)
	at org.testng.internal.MethodInvocationHelper.invokeMethod(MethodInvocationHelper.java:124)
	at org.testng.internal.Invoker.invokeMethod(Invoker.java:583)
	at org.testng.internal.Invoker.invokeTestMethod(Invoker.java:719)
	at org.testng.internal.Invoker.invokeTestMethods(Invoker.java:989)
	at org.testng.internal.TestMethodWorker.invokeTestMethods(TestMethodWorker.java:125)
	at org.testng.internal.TestMethodWorker.run(TestMethodWorker.java:109)
	at org.testng.TestRunner.privateRun(TestRunner.java:648)
	at org.testng.TestRunner.run(TestRunner.java:505)
	at org.testng.SuiteRunner.runTest(SuiteRunner.java:455)
	at org.testng.SuiteRunner.runSequentially(SuiteRunner.java:450)
	at org.testng.SuiteRunner.privateRun(SuiteRunner.java:415)
	at org.testng.SuiteRunner.run(SuiteRunner.java:364)
	at org.testng.SuiteRunnerWorker.runSuite(SuiteRunnerWorker.java:52)
	at org.testng.SuiteRunnerWorker.run(SuiteRunnerWorker.java:84)
	at org.testng.TestNG.runSuitesSequentially(TestNG.java:1208)
	at org.testng.TestNG.runSuitesLocally(TestNG.java:1137)
	at org.testng.TestNG.runSuites(TestNG.java:1049)
	at org.testng.TestNG.run(TestNG.java:1017)
	at org.apache.maven.surefire.testng.TestNGExecutor.run(TestNGExecutor.java:77)
	at org.apache.maven.surefire.testng.TestNGDirectoryTestSuite.executeMulti(TestNGDirectoryTestSuite.java:159)
	at org.apache.maven.surefire.testng.TestNGDirectoryTestSuite.execute(TestNGDirectoryTestSuite.java:99)
	at org.apache.maven.surefire.testng.TestNGProvider.invoke(TestNGProvider.java:106)
	at sun.reflect.NativeMethodAccessorImpl.invoke0(Native Method)
	at sun.reflect.NativeMethodAccessorImpl.invoke(NativeMethodAccessorImpl.java:62)
	at sun.reflect.DelegatingMethodAccessorImpl.invoke(DelegatingMethodAccessorImpl.java:43)
	at java.lang.reflect.Method.invoke(Method.java:498)
	at org.apache.maven.surefire.util.ReflectionUtils.invokeMethodWithArray(ReflectionUtils.java:189)
	at org.apache.maven.surefire.booter.ProviderFactory$ProviderProxy.invoke(ProviderFactory.java:165)
	at org.apache.maven.surefire.booter.ProviderFactory.invokeProvider(ProviderFactory.java:85)
	at org.apache.maven.surefire.booter.ForkedBooter.runSuitesInProcess(ForkedBooter.java:115)
	at org.apache.maven.surefire.booter.ForkedBooter.main(ForkedBooter.java:75)
</textarea></span>
												</div>
											</div>
											</div>
											<div class="tsc" status="fail">
											<div class="st fail test l0" 
												tags="@Hema"
												devices="">
												<span class="tt">12.18.2019 23:49:26</span>&nbsp;
												<span class="ts">fail</span>&nbsp;&nbsp;
												<span class="tn">[As an user , I should be able to navigate to the HEMA website and be able to add product(s) to the cart] started</span>
												<span class="category-list">
													<span class="category badge"><i class="fa fa-tag"></i> @Hema</span>
												</span>
												
											</div>
											<div class="st fail test l1" 
												tags="@Hema"
												devices="">
												<span class="tt">12.18.2019 23:49:26</span>&nbsp;
												<span class="ts">fail</span>&nbsp;&nbsp;
												<span class="tn">|---[verify valid registered user is able to sign-in and sign-out on the hema web application] started</span>
												<span class="category-list">
													<span class="category badge"><i class="fa fa-tag"></i> @Hema</span>
												</span>
												
											</div>
											<div class="st fail test l2" 
												tags=""
												devices="">
												<span class="tt">12.18.2019 23:49:26</span>&nbsp;
												<span class="ts">fail</span>&nbsp;&nbsp;
												<span class="tn">&nbsp;&nbsp;&nbsp;&nbsp;|---[Given Browser is opened and user is navigated to application url] started</span>
												
												<div class="st fail">
													<span class="tt">12.18.2019 23:49:31</span>&nbsp;
													<span class="ts">fail</span>&nbsp;&nbsp; 
													<span class="tn">&nbsp;&nbsp;&nbsp;&nbsp;|---[Given Browser is opened and user is navigated to application url]</span>
													
													<span class="td">threw an exception<br><textarea disabled class="code-block">org.openqa.selenium.WebDriverException: unknown error: cannot determine loading status
from disconnected: received Inspector.detached event
  (Session info: chrome=79.0.3945.79)
Build info: version: '3.141.59', revision: 'e82be7d358', time: '2018-11-14T08:17:03'
System info: host: 'DESKTOP-NPH96C5', ip: '192.168.178.116', os.name: 'Windows 10', os.arch: 'amd64', os.version: '10.0', java.version: '1.8.0_221'
Driver info: org.openqa.selenium.chrome.ChromeDriver
Capabilities {acceptInsecureCerts: false, browserName: chrome, browserVersion: 79.0.3945.79, chrome: {chromedriverVersion: 79.0.3945.36 (3582db32b3389..., userDataDir: C:\Users\ARPIT-~1\AppData\L...}, goog:chromeOptions: {debuggerAddress: localhost:52373}, javascriptEnabled: true, networkConnectionEnabled: false, pageLoadStrategy: normal, platform: WINDOWS, platformName: WINDOWS, proxy: Proxy(), setWindowRect: true, strictFileInteractability: false, timeouts: {implicit: 0, pageLoad: 300000, script: 30000}, unhandledPromptBehavior: dismiss and notify}
Session ID: 52330f22db771532188094eaff6d0ddd
	at sun.reflect.NativeConstructorAccessorImpl.newInstance0(Native Method)
	at sun.reflect.NativeConstructorAccessorImpl.newInstance(NativeConstructorAccessorImpl.java:62)
	at sun.reflect.DelegatingConstructorAccessorImpl.newInstance(DelegatingConstructorAccessorImpl.java:45)
	at java.lang.reflect.Constructor.newInstance(Constructor.java:423)
	at org.openqa.selenium.remote.http.W3CHttpResponseCodec.createException(W3CHttpResponseCodec.java:187)
	at org.openqa.selenium.remote.http.W3CHttpResponseCodec.decode(W3CHttpResponseCodec.java:122)
	at org.openqa.selenium.remote.http.W3CHttpResponseCodec.decode(W3CHttpResponseCodec.java:49)
	at org.openqa.selenium.remote.HttpCommandExecutor.execute(HttpCommandExecutor.java:158)
	at org.openqa.selenium.remote.service.DriverCommandExecutor.execute(DriverCommandExecutor.java:83)
	at org.openqa.selenium.remote.RemoteWebDriver.execute(RemoteWebDriver.java:552)
	at org.openqa.selenium.remote.RemoteWebDriver.get(RemoteWebDriver.java:277)
	at StepDefinitions.GenericSteps.browserISOpenedAndUserIsNavigatedToApplicationUrl(GenericSteps.java:31)
	at ?.Browser is opened and user is navigated to application url(file:src/test/java/Features/HemaTest.feature:6)
</textarea></span>
												</div>
											</div>
											<div class="st skip test l2" 
												tags=""
												devices="">
												<span class="tt">12.18.2019 23:49:31</span>&nbsp;
												<span class="ts">skip</span>&nbsp;&nbsp;
												<span class="tn">&nbsp;&nbsp;&nbsp;&nbsp;|---[When user clicks on Sign-In Button] started</span>
												
												<div class="st skip">
													<span class="tt">12.18.2019 23:49:31</span>&nbsp;
													<span class="ts">skip</span>&nbsp;&nbsp; 
													<span class="tn">&nbsp;&nbsp;&nbsp;&nbsp;|---[When user clicks on Sign-In Button]</span>
													
													<span class="td">Step skipped</span>
												</div>
											</div>
											<div class="st skip test l2" 
												tags=""
												devices="">
												<span class="tt">12.18.2019 23:49:31</span>&nbsp;
												<span class="ts">skip</span>&nbsp;&nbsp;
												<span class="tn">&nbsp;&nbsp;&nbsp;&nbsp;|---[Then user should be navigated to page with title "my HEMA"] started</span>
												
												<div class="st skip">
													<span class="tt">12.18.2019 23:49:31</span>&nbsp;
													<span class="ts">skip</span>&nbsp;&nbsp; 
													<span class="tn">&nbsp;&nbsp;&nbsp;&nbsp;|---[Then user should be navigated to page with title "my HEMA"]</span>
													
													<span class="td">Step skipped</span>
												</div>
											</div>
											<div class="st skip test l2" 
												tags=""
												devices="">
												<span class="tt">12.18.2019 23:49:31</span>&nbsp;
												<span class="ts">skip</span>&nbsp;&nbsp;
												<span class="tn">&nbsp;&nbsp;&nbsp;&nbsp;|---[When user login with below credentials:] started</span>
												
												<div class="st pass">
													<span class="tt">12.18.2019 23:49:31</span>&nbsp;
													<span class="ts">pass</span>&nbsp;&nbsp; 
													<span class="tn">&nbsp;&nbsp;&nbsp;&nbsp;|---[When user login with below credentials:]</span>
													
													<span class="td"><table class='runtime-table table-striped table'><tr><td>asfasf@asdf.com</td><td>Asdf@1234</td></tr></table></span>
												</div>
												<div class="st skip">
													<span class="tt">12.18.2019 23:49:31</span>&nbsp;
													<span class="ts">skip</span>&nbsp;&nbsp; 
													<span class="tn">&nbsp;&nbsp;&nbsp;&nbsp;|---[When user login with below credentials:]</span>
													
													<span class="td">Step skipped</span>
												</div>
											</div>
											<div class="st skip test l2" 
												tags=""
												devices="">
												<span class="tt">12.18.2019 23:49:31</span>&nbsp;
												<span class="ts">skip</span>&nbsp;&nbsp;
												<span class="tn">&nbsp;&nbsp;&nbsp;&nbsp;|---[Then logged in screen should be displayed] started</span>
												
												<div class="st skip">
													<span class="tt">12.18.2019 23:49:31</span>&nbsp;
													<span class="ts">skip</span>&nbsp;&nbsp; 
													<span class="tn">&nbsp;&nbsp;&nbsp;&nbsp;|---[Then logged in screen should be displayed]</span>
													
													<span class="td">Step skipped</span>
												</div>
											</div>
											<div class="st skip test l2" 
												tags=""
												devices="">
												<span class="tt">12.18.2019 23:49:31</span>&nbsp;
												<span class="ts">skip</span>&nbsp;&nbsp;
												<span class="tn">&nbsp;&nbsp;&nbsp;&nbsp;|---[When user clicks on Sign-out under myHema dropdown] started</span>
												
												<div class="st skip">
													<span class="tt">12.18.2019 23:49:31</span>&nbsp;
													<span class="ts">skip</span>&nbsp;&nbsp; 
													<span class="tn">&nbsp;&nbsp;&nbsp;&nbsp;|---[When user clicks on Sign-out under myHema dropdown]</span>
													
													<span class="td">Step skipped</span>
												</div>
											</div>
											<div class="st skip test l2" 
												tags=""
												devices="">
												<span class="tt">12.18.2019 23:49:31</span>&nbsp;
												<span class="ts">skip</span>&nbsp;&nbsp;
												<span class="tn">&nbsp;&nbsp;&nbsp;&nbsp;|---[Then logged out homepage should be displayed] started</span>
												
												<div class="st skip">
													<span class="tt">12.18.2019 23:49:31</span>&nbsp;
													<span class="ts">skip</span>&nbsp;&nbsp; 
													<span class="tn">&nbsp;&nbsp;&nbsp;&nbsp;|---[Then logged out homepage should be displayed]</span>
													
													<span class="td">Step skipped</span>
												</div>
											</div>
											<div class="st fail test l2" 
												tags=""
												devices="">
												<span class="tt">12.18.2019 23:49:31</span>&nbsp;
												<span class="ts">fail</span>&nbsp;&nbsp;
												<span class="tn">&nbsp;&nbsp;&nbsp;&nbsp;|---[GenericSteps.tearDown(Scenario)] started</span>
												
												<div class="st fail">
													<span class="tt">12.18.2019 23:49:37</span>&nbsp;
													<span class="ts">fail</span>&nbsp;&nbsp; 
													<span class="tn">&nbsp;&nbsp;&nbsp;&nbsp;|---[GenericSteps.tearDown(Scenario)]</span>
													
													<span class="td">threw an exception<br><textarea disabled class="code-block">org.openqa.selenium.WebDriverException: chrome not reachable
  (Session info: chrome=79.0.3945.79)
Build info: version: '3.141.59', revision: 'e82be7d358', time: '2018-11-14T08:17:03'
System info: host: 'DESKTOP-NPH96C5', ip: '192.168.178.116', os.name: 'Windows 10', os.arch: 'amd64', os.version: '10.0', java.version: '1.8.0_221'
Driver info: org.openqa.selenium.chrome.ChromeDriver
Capabilities {acceptInsecureCerts: false, browserName: chrome, browserVersion: 79.0.3945.79, chrome: {chromedriverVersion: 79.0.3945.36 (3582db32b3389..., userDataDir: C:\Users\ARPIT-~1\AppData\L...}, goog:chromeOptions: {debuggerAddress: localhost:52373}, javascriptEnabled: true, networkConnectionEnabled: false, pageLoadStrategy: normal, platform: WINDOWS, platformName: WINDOWS, proxy: Proxy(), setWindowRect: true, strictFileInteractability: false, timeouts: {implicit: 0, pageLoad: 300000, script: 30000}, unhandledPromptBehavior: dismiss and notify}
Session ID: 52330f22db771532188094eaff6d0ddd
	at sun.reflect.NativeConstructorAccessorImpl.newInstance0(Native Method)
	at sun.reflect.NativeConstructorAccessorImpl.newInstance(NativeConstructorAccessorImpl.java:62)
	at sun.reflect.DelegatingConstructorAccessorImpl.newInstance(DelegatingConstructorAccessorImpl.java:45)
	at java.lang.reflect.Constructor.newInstance(Constructor.java:423)
	at org.openqa.selenium.remote.http.W3CHttpResponseCodec.createException(W3CHttpResponseCodec.java:187)
	at org.openqa.selenium.remote.http.W3CHttpResponseCodec.decode(W3CHttpResponseCodec.java:122)
	at org.openqa.selenium.remote.http.W3CHttpResponseCodec.decode(W3CHttpResponseCodec.java:49)
	at org.openqa.selenium.remote.HttpCommandExecutor.execute(HttpCommandExecutor.java:158)
	at org.openqa.selenium.remote.service.DriverCommandExecutor.execute(DriverCommandExecutor.java:83)
	at org.openqa.selenium.remote.RemoteWebDriver.execute(RemoteWebDriver.java:552)
	at org.openqa.selenium.remote.RemoteWebDriver.execute(RemoteWebDriver.java:609)
	at org.openqa.selenium.remote.RemoteWebDriver.getScreenshotAs(RemoteWebDriver.java:295)
	at Utility.BaseUtils.captureScreenShot(BaseUtils.java:71)
	at StepDefinitions.GenericSteps.tearDown(GenericSteps.java:41)
	at sun.reflect.NativeMethodAccessorImpl.invoke0(Native Method)
	at sun.reflect.NativeMethodAccessorImpl.invoke(NativeMethodAccessorImpl.java:62)
	at sun.reflect.DelegatingMethodAccessorImpl.invoke(DelegatingMethodAccessorImpl.java:43)
	at java.lang.reflect.Method.invoke(Method.java:498)
	at cucumber.runtime.Utils$1.call(Utils.java:26)
	at cucumber.runtime.Timeout.timeout(Timeout.java:16)
	at cucumber.runtime.Utils.invoke(Utils.java:20)
	at cucumber.runtime.java.JavaHookDefinition.execute(JavaHookDefinition.java:60)
	at cucumber.runner.HookDefinitionMatch.runStep(HookDefinitionMatch.java:16)
	at cucumber.runner.TestStep.executeStep(TestStep.java:65)
	at cucumber.runner.TestStep.run(TestStep.java:50)
	at cucumber.runner.TestCase.run(TestCase.java:50)
	at cucumber.runner.Runner.runPickle(Runner.java:50)
	at cucumber.api.testng.TestNGCucumberRunner.runScenario(TestNGCucumberRunner.java:58)
	at TestRunner.TestRunner.scenario(TestRunner.java:22)
	at sun.reflect.NativeMethodAccessorImpl.invoke0(Native Method)
	at sun.reflect.NativeMethodAccessorImpl.invoke(NativeMethodAccessorImpl.java:62)
	at sun.reflect.DelegatingMethodAccessorImpl.invoke(DelegatingMethodAccessorImpl.java:43)
	at java.lang.reflect.Method.invoke(Method.java:498)
	at org.testng.internal.MethodInvocationHelper.invokeMethod(MethodInvocationHelper.java:124)
	at org.testng.internal.Invoker.invokeMethod(Invoker.java:583)
	at org.testng.internal.Invoker.invokeTestMethod(Invoker.java:719)
	at org.testng.internal.Invoker.invokeTestMethods(Invoker.java:989)
	at org.testng.internal.TestMethodWorker.invokeTestMethods(TestMethodWorker.java:125)
	at org.testng.internal.TestMethodWorker.run(TestMethodWorker.java:109)
	at org.testng.TestRunner.privateRun(TestRunner.java:648)
	at org.testng.TestRunner.run(TestRunner.java:505)
	at org.testng.SuiteRunner.runTest(SuiteRunner.java:455)
	at org.testng.SuiteRunner.runSequentially(SuiteRunner.java:450)
	at org.testng.SuiteRunner.privateRun(SuiteRunner.java:415)
	at org.testng.SuiteRunner.run(SuiteRunner.java:364)
	at org.testng.SuiteRunnerWorker.runSuite(SuiteRunnerWorker.java:52)
	at org.testng.SuiteRunnerWorker.run(SuiteRunnerWorker.java:84)
	at org.testng.TestNG.runSuitesSequentially(TestNG.java:1208)
	at org.testng.TestNG.runSuitesLocally(TestNG.java:1137)
	at org.testng.TestNG.runSuites(TestNG.java:1049)
	at org.testng.TestNG.run(TestNG.java:1017)
	at org.apache.maven.surefire.testng.TestNGExecutor.run(TestNGExecutor.java:77)
	at org.apache.maven.surefire.testng.TestNGDirectoryTestSuite.executeMulti(TestNGDirectoryTestSuite.java:159)
	at org.apache.maven.surefire.testng.TestNGDirectoryTestSuite.execute(TestNGDirectoryTestSuite.java:99)
	at org.apache.maven.surefire.testng.TestNGProvider.invoke(TestNGProvider.java:106)
	at sun.reflect.NativeMethodAccessorImpl.invoke0(Native Method)
	at sun.reflect.NativeMethodAccessorImpl.invoke(NativeMethodAccessorImpl.java:62)
	at sun.reflect.DelegatingMethodAccessorImpl.invoke(DelegatingMethodAccessorImpl.java:43)
	at java.lang.reflect.Method.invoke(Method.java:498)
	at org.apache.maven.surefire.util.ReflectionUtils.invokeMethodWithArray(ReflectionUtils.java:189)
	at org.apache.maven.surefire.booter.ProviderFactory$ProviderProxy.invoke(ProviderFactory.java:165)
	at org.apache.maven.surefire.booter.ProviderFactory.invokeProvider(ProviderFactory.java:85)
	at org.apache.maven.surefire.booter.ForkedBooter.runSuitesInProcess(ForkedBooter.java:115)
	at org.apache.maven.surefire.booter.ForkedBooter.main(ForkedBooter.java:75)
</textarea></span>
												</div>
											</div>
											<div class="st fail test l1" 
												tags="@Hema"
												devices="">
												<span class="tt">12.18.2019 23:49:37</span>&nbsp;
												<span class="ts">fail</span>&nbsp;&nbsp;
												<span class="tn">|---[verify new user is able to register on the hema web application] started</span>
												<span class="category-list">
													<span class="category badge"><i class="fa fa-tag"></i> @Hema</span>
												</span>
												
											</div>
											<div class="st fail test l2" 
												tags=""
												devices="">
												<span class="tt">12.18.2019 23:49:37</span>&nbsp;
												<span class="ts">fail</span>&nbsp;&nbsp;
												<span class="tn">&nbsp;&nbsp;&nbsp;&nbsp;|---[Given Browser is opened and user is navigated to application url] started</span>
												
												<div class="st fail">
													<span class="tt">12.18.2019 23:49:47</span>&nbsp;
													<span class="ts">fail</span>&nbsp;&nbsp; 
													<span class="tn">&nbsp;&nbsp;&nbsp;&nbsp;|---[Given Browser is opened and user is navigated to application url]</span>
													
													<span class="td">threw an exception<br><textarea disabled class="code-block">org.openqa.selenium.NoSuchWindowException: no such window: target window already closed
from unknown error: web view not found
  (Session info: chrome=79.0.3945.79)
Build info: version: '3.141.59', revision: 'e82be7d358', time: '2018-11-14T08:17:03'
System info: host: 'DESKTOP-NPH96C5', ip: '192.168.178.116', os.name: 'Windows 10', os.arch: 'amd64', os.version: '10.0', java.version: '1.8.0_221'
Driver info: org.openqa.selenium.chrome.ChromeDriver
Capabilities {acceptInsecureCerts: false, browserName: chrome, browserVersion: 79.0.3945.79, chrome: {chromedriverVersion: 79.0.3945.36 (3582db32b3389..., userDataDir: C:\Users\ARPIT-~1\AppData\L...}, goog:chromeOptions: {debuggerAddress: localhost:52400}, javascriptEnabled: true, networkConnectionEnabled: false, pageLoadStrategy: normal, platform: WINDOWS, platformName: WINDOWS, proxy: Proxy(), setWindowRect: true, strictFileInteractability: false, timeouts: {implicit: 0, pageLoad: 300000, script: 30000}, unhandledPromptBehavior: dismiss and notify}
Session ID: 304d9ca862acfc09764646961a6f16b8
	at sun.reflect.NativeConstructorAccessorImpl.newInstance0(Native Method)
	at sun.reflect.NativeConstructorAccessorImpl.newInstance(NativeConstructorAccessorImpl.java:62)
	at sun.reflect.DelegatingConstructorAccessorImpl.newInstance(DelegatingConstructorAccessorImpl.java:45)
	at java.lang.reflect.Constructor.newInstance(Constructor.java:423)
	at org.openqa.selenium.remote.http.W3CHttpResponseCodec.createException(W3CHttpResponseCodec.java:187)
	at org.openqa.selenium.remote.http.W3CHttpResponseCodec.decode(W3CHttpResponseCodec.java:122)
	at org.openqa.selenium.remote.http.W3CHttpResponseCodec.decode(W3CHttpResponseCodec.java:49)
	at org.openqa.selenium.remote.HttpCommandExecutor.execute(HttpCommandExecutor.java:158)
	at org.openqa.selenium.remote.service.DriverCommandExecutor.execute(DriverCommandExecutor.java:83)
	at org.openqa.selenium.remote.RemoteWebDriver.execute(RemoteWebDriver.java:552)
	at org.openqa.selenium.remote.RemoteWebDriver.execute(RemoteWebDriver.java:609)
	at org.openqa.selenium.remote.RemoteWebDriver$RemoteWebDriverOptions$RemoteWindow.maximize(RemoteWebDriver.java:837)
	at StepDefinitions.GenericSteps.browserISOpenedAndUserIsNavigatedToApplicationUrl(GenericSteps.java:32)
	at ?.Browser is opened and user is navigated to application url(file:src/test/java/Features/HemaTest.feature:6)
</textarea></span>
												</div>
											</div>
											<div class="st skip test l2" 
												tags=""
												devices="">
												<span class="tt">12.18.2019 23:49:47</span>&nbsp;
												<span class="ts">skip</span>&nbsp;&nbsp;
												<span class="tn">&nbsp;&nbsp;&nbsp;&nbsp;|---[When user clicks on Sign-In Button] started</span>
												
												<div class="st skip">
													<span class="tt">12.18.2019 23:49:47</span>&nbsp;
													<span class="ts">skip</span>&nbsp;&nbsp; 
													<span class="tn">&nbsp;&nbsp;&nbsp;&nbsp;|---[When user clicks on Sign-In Button]</span>
													
													<span class="td">Step skipped</span>
												</div>
											</div>
											<div class="st skip test l2" 
												tags=""
												devices="">
												<span class="tt">12.18.2019 23:49:48</span>&nbsp;
												<span class="ts">skip</span>&nbsp;&nbsp;
												<span class="tn">&nbsp;&nbsp;&nbsp;&nbsp;|---[Then user should be navigated to page with title "my HEMA"] started</span>
												
												<div class="st skip">
													<span class="tt">12.18.2019 23:49:48</span>&nbsp;
													<span class="ts">skip</span>&nbsp;&nbsp; 
													<span class="tn">&nbsp;&nbsp;&nbsp;&nbsp;|---[Then user should be navigated to page with title "my HEMA"]</span>
													
													<span class="td">Step skipped</span>
												</div>
											</div>
											<div class="st skip test l2" 
												tags=""
												devices="">
												<span class="tt">12.18.2019 23:49:48</span>&nbsp;
												<span class="ts">skip</span>&nbsp;&nbsp;
												<span class="tn">&nbsp;&nbsp;&nbsp;&nbsp;|---[When user enters valid email address for registration and click on continue] started</span>
												
												<div class="st skip">
													<span class="tt">12.18.2019 23:49:48</span>&nbsp;
													<span class="ts">skip</span>&nbsp;&nbsp; 
													<span class="tn">&nbsp;&nbsp;&nbsp;&nbsp;|---[When user enters valid email address for registration and click on continue]</span>
													
													<span class="td">Step skipped</span>
												</div>
											</div>
											<div class="st skip test l2" 
												tags=""
												devices="">
												<span class="tt">12.18.2019 23:49:48</span>&nbsp;
												<span class="ts">skip</span>&nbsp;&nbsp;
												<span class="tn">&nbsp;&nbsp;&nbsp;&nbsp;|---[Then user should be navigated to page with title "register"] started</span>
												
												<div class="st skip">
													<span class="tt">12.18.2019 23:49:48</span>&nbsp;
													<span class="ts">skip</span>&nbsp;&nbsp; 
													<span class="tn">&nbsp;&nbsp;&nbsp;&nbsp;|---[Then user should be navigated to page with title "register"]</span>
													
													<span class="td">Step skipped</span>
												</div>
											</div>
											<div class="st skip test l2" 
												tags=""
												devices="">
												<span class="tt">12.18.2019 23:49:48</span>&nbsp;
												<span class="ts">skip</span>&nbsp;&nbsp;
												<span class="tn">&nbsp;&nbsp;&nbsp;&nbsp;|---[When user fill in registration form and click on Sign-up] started</span>
												
												<div class="st pass">
													<span class="tt">12.18.2019 23:49:48</span>&nbsp;
													<span class="ts">pass</span>&nbsp;&nbsp; 
													<span class="tn">&nbsp;&nbsp;&nbsp;&nbsp;|---[When user fill in registration form and click on Sign-up]</span>
													
													<span class="td"><table class='runtime-table table-striped table'><tr><td>Mr</td><td>Jason</td><td>Roy</td><td>Address</td><td>post</td><td>Amsterdam</td><td>Asdf@1234</td></tr></table></span>
												</div>
												<div class="st skip">
													<span class="tt">12.18.2019 23:49:48</span>&nbsp;
													<span class="ts">skip</span>&nbsp;&nbsp; 
													<span class="tn">&nbsp;&nbsp;&nbsp;&nbsp;|---[When user fill in registration form and click on Sign-up]</span>
													
													<span class="td">Step skipped</span>
												</div>
											</div>
											<div class="st skip test l2" 
												tags=""
												devices="">
												<span class="tt">12.18.2019 23:49:48</span>&nbsp;
												<span class="ts">skip</span>&nbsp;&nbsp;
												<span class="tn">&nbsp;&nbsp;&nbsp;&nbsp;|---[Then logged in user details screen should be displayed] started</span>
												
												<div class="st skip">
													<span class="tt">12.18.2019 23:49:48</span>&nbsp;
													<span class="ts">skip</span>&nbsp;&nbsp; 
													<span class="tn">&nbsp;&nbsp;&nbsp;&nbsp;|---[Then logged in user details screen should be displayed]</span>
													
													<span class="td">Step skipped</span>
												</div>
											</div>
											<div class="st fail test l2" 
												tags=""
												devices="">
												<span class="tt">12.18.2019 23:49:48</span>&nbsp;
												<span class="ts">fail</span>&nbsp;&nbsp;
												<span class="tn">&nbsp;&nbsp;&nbsp;&nbsp;|---[GenericSteps.tearDown(Scenario)] started</span>
												
												<div class="st fail">
													<span class="tt">12.18.2019 23:49:48</span>&nbsp;
													<span class="ts">fail</span>&nbsp;&nbsp; 
													<span class="tn">&nbsp;&nbsp;&nbsp;&nbsp;|---[GenericSteps.tearDown(Scenario)]</span>
													
													<span class="td">threw an exception<br><textarea disabled class="code-block">org.openqa.selenium.NoSuchWindowException: no such window: target window already closed
from unknown error: web view not found
  (Session info: chrome=79.0.3945.79)
Build info: version: '3.141.59', revision: 'e82be7d358', time: '2018-11-14T08:17:03'
System info: host: 'DESKTOP-NPH96C5', ip: '192.168.178.116', os.name: 'Windows 10', os.arch: 'amd64', os.version: '10.0', java.version: '1.8.0_221'
Driver info: org.openqa.selenium.chrome.ChromeDriver
Capabilities {acceptInsecureCerts: false, browserName: chrome, browserVersion: 79.0.3945.79, chrome: {chromedriverVersion: 79.0.3945.36 (3582db32b3389..., userDataDir: C:\Users\ARPIT-~1\AppData\L...}, goog:chromeOptions: {debuggerAddress: localhost:52400}, javascriptEnabled: true, networkConnectionEnabled: false, pageLoadStrategy: normal, platform: WINDOWS, platformName: WINDOWS, proxy: Proxy(), setWindowRect: true, strictFileInteractability: false, timeouts: {implicit: 0, pageLoad: 300000, script: 30000}, unhandledPromptBehavior: dismiss and notify}
Session ID: 304d9ca862acfc09764646961a6f16b8
	at sun.reflect.NativeConstructorAccessorImpl.newInstance0(Native Method)
	at sun.reflect.NativeConstructorAccessorImpl.newInstance(NativeConstructorAccessorImpl.java:62)
	at sun.reflect.DelegatingConstructorAccessorImpl.newInstance(DelegatingConstructorAccessorImpl.java:45)
	at java.lang.reflect.Constructor.newInstance(Constructor.java:423)
	at org.openqa.selenium.remote.http.W3CHttpResponseCodec.createException(W3CHttpResponseCodec.java:187)
	at org.openqa.selenium.remote.http.W3CHttpResponseCodec.decode(W3CHttpResponseCodec.java:122)
	at org.openqa.selenium.remote.http.W3CHttpResponseCodec.decode(W3CHttpResponseCodec.java:49)
	at org.openqa.selenium.remote.HttpCommandExecutor.execute(HttpCommandExecutor.java:158)
	at org.openqa.selenium.remote.service.DriverCommandExecutor.execute(DriverCommandExecutor.java:83)
	at org.openqa.selenium.remote.RemoteWebDriver.execute(RemoteWebDriver.java:552)
	at org.openqa.selenium.remote.RemoteWebDriver.execute(RemoteWebDriver.java:609)
	at org.openqa.selenium.remote.RemoteWebDriver.getScreenshotAs(RemoteWebDriver.java:295)
	at Utility.BaseUtils.captureScreenShot(BaseUtils.java:71)
	at StepDefinitions.GenericSteps.tearDown(GenericSteps.java:41)
	at sun.reflect.NativeMethodAccessorImpl.invoke0(Native Method)
	at sun.reflect.NativeMethodAccessorImpl.invoke(NativeMethodAccessorImpl.java:62)
	at sun.reflect.DelegatingMethodAccessorImpl.invoke(DelegatingMethodAccessorImpl.java:43)
	at java.lang.reflect.Method.invoke(Method.java:498)
	at cucumber.runtime.Utils$1.call(Utils.java:26)
	at cucumber.runtime.Timeout.timeout(Timeout.java:16)
	at cucumber.runtime.Utils.invoke(Utils.java:20)
	at cucumber.runtime.java.JavaHookDefinition.execute(JavaHookDefinition.java:60)
	at cucumber.runner.HookDefinitionMatch.runStep(HookDefinitionMatch.java:16)
	at cucumber.runner.TestStep.executeStep(TestStep.java:65)
	at cucumber.runner.TestStep.run(TestStep.java:50)
	at cucumber.runner.TestCase.run(TestCase.java:50)
	at cucumber.runner.Runner.runPickle(Runner.java:50)
	at cucumber.api.testng.TestNGCucumberRunner.runScenario(TestNGCucumberRunner.java:58)
	at TestRunner.TestRunner.scenario(TestRunner.java:22)
	at sun.reflect.NativeMethodAccessorImpl.invoke0(Native Method)
	at sun.reflect.NativeMethodAccessorImpl.invoke(NativeMethodAccessorImpl.java:62)
	at sun.reflect.DelegatingMethodAccessorImpl.invoke(DelegatingMethodAccessorImpl.java:43)
	at java.lang.reflect.Method.invoke(Method.java:498)
	at org.testng.internal.MethodInvocationHelper.invokeMethod(MethodInvocationHelper.java:124)
	at org.testng.internal.Invoker.invokeMethod(Invoker.java:583)
	at org.testng.internal.Invoker.invokeTestMethod(Invoker.java:719)
	at org.testng.internal.Invoker.invokeTestMethods(Invoker.java:989)
	at org.testng.internal.TestMethodWorker.invokeTestMethods(TestMethodWorker.java:125)
	at org.testng.internal.TestMethodWorker.run(TestMethodWorker.java:109)
	at org.testng.TestRunner.privateRun(TestRunner.java:648)
	at org.testng.TestRunner.run(TestRunner.java:505)
	at org.testng.SuiteRunner.runTest(SuiteRunner.java:455)
	at org.testng.SuiteRunner.runSequentially(SuiteRunner.java:450)
	at org.testng.SuiteRunner.privateRun(SuiteRunner.java:415)
	at org.testng.SuiteRunner.run(SuiteRunner.java:364)
	at org.testng.SuiteRunnerWorker.runSuite(SuiteRunnerWorker.java:52)
	at org.testng.SuiteRunnerWorker.run(SuiteRunnerWorker.java:84)
	at org.testng.TestNG.runSuitesSequentially(TestNG.java:1208)
	at org.testng.TestNG.runSuitesLocally(TestNG.java:1137)
	at org.testng.TestNG.runSuites(TestNG.java:1049)
	at org.testng.TestNG.run(TestNG.java:1017)
	at org.apache.maven.surefire.testng.TestNGExecutor.run(TestNGExecutor.java:77)
	at org.apache.maven.surefire.testng.TestNGDirectoryTestSuite.executeMulti(TestNGDirectoryTestSuite.java:159)
	at org.apache.maven.surefire.testng.TestNGDirectoryTestSuite.execute(TestNGDirectoryTestSuite.java:99)
	at org.apache.maven.surefire.testng.TestNGProvider.invoke(TestNGProvider.java:106)
	at sun.reflect.NativeMethodAccessorImpl.invoke0(Native Method)
	at sun.reflect.NativeMethodAccessorImpl.invoke(NativeMethodAccessorImpl.java:62)
	at sun.reflect.DelegatingMethodAccessorImpl.invoke(DelegatingMethodAccessorImpl.java:43)
	at java.lang.reflect.Method.invoke(Method.java:498)
	at org.apache.maven.surefire.util.ReflectionUtils.invokeMethodWithArray(ReflectionUtils.java:189)
	at org.apache.maven.surefire.booter.ProviderFactory$ProviderProxy.invoke(ProviderFactory.java:165)
	at org.apache.maven.surefire.booter.ProviderFactory.invokeProvider(ProviderFactory.java:85)
	at org.apache.maven.surefire.booter.ForkedBooter.runSuitesInProcess(ForkedBooter.java:115)
	at org.apache.maven.surefire.booter.ForkedBooter.main(ForkedBooter.java:75)
</textarea></span>
												</div>
											</div>
											<div class="st fail test l1" 
												tags="@Hema"
												devices="">
												<span class="tt">12.18.2019 23:49:48</span>&nbsp;
												<span class="ts">fail</span>&nbsp;&nbsp;
												<span class="tn">|---[verify registered user is able to add product to cart] started</span>
												<span class="category-list">
													<span class="category badge"><i class="fa fa-tag"></i> @Hema</span>
												</span>
												
											</div>
											<div class="st fail test l2" 
												tags=""
												devices="">
												<span class="tt">12.18.2019 23:49:48</span>&nbsp;
												<span class="ts">fail</span>&nbsp;&nbsp;
												<span class="tn">&nbsp;&nbsp;&nbsp;&nbsp;|---[Given Browser is opened and user is navigated to application url] started</span>
												
												<div class="st fail">
													<span class="tt">12.18.2019 23:50:18</span>&nbsp;
													<span class="ts">fail</span>&nbsp;&nbsp; 
													<span class="tn">&nbsp;&nbsp;&nbsp;&nbsp;|---[Given Browser is opened and user is navigated to application url]</span>
													
													<span class="td">threw an exception<br><textarea disabled class="code-block">org.openqa.selenium.WebDriverException: chrome not reachable
  (Session info: chrome=79.0.3945.79)
Build info: version: '3.141.59', revision: 'e82be7d358', time: '2018-11-14T08:17:03'
System info: host: 'DESKTOP-NPH96C5', ip: '192.168.178.116', os.name: 'Windows 10', os.arch: 'amd64', os.version: '10.0', java.version: '1.8.0_221'
Driver info: org.openqa.selenium.chrome.ChromeDriver
Capabilities {acceptInsecureCerts: false, browserName: chrome, browserVersion: 79.0.3945.79, chrome: {chromedriverVersion: 79.0.3945.36 (3582db32b3389..., userDataDir: C:\Users\ARPIT-~1\AppData\L...}, goog:chromeOptions: {debuggerAddress: localhost:52439}, javascriptEnabled: true, networkConnectionEnabled: false, pageLoadStrategy: normal, platform: WINDOWS, platformName: WINDOWS, proxy: Proxy(), setWindowRect: true, strictFileInteractability: false, timeouts: {implicit: 0, pageLoad: 300000, script: 30000}, unhandledPromptBehavior: dismiss and notify}
Session ID: 42eb668f03a470e20dce5dd3cd53985f
*** Element info: {Using=xpath, value=//button[text()='OK and close'][1]}
	at sun.reflect.GeneratedConstructorAccessor19.newInstance(Unknown Source)
	at sun.reflect.DelegatingConstructorAccessorImpl.newInstance(DelegatingConstructorAccessorImpl.java:45)
	at java.lang.reflect.Constructor.newInstance(Constructor.java:423)
	at org.openqa.selenium.remote.http.W3CHttpResponseCodec.createException(W3CHttpResponseCodec.java:187)
	at org.openqa.selenium.remote.http.W3CHttpResponseCodec.decode(W3CHttpResponseCodec.java:122)
	at org.openqa.selenium.remote.http.W3CHttpResponseCodec.decode(W3CHttpResponseCodec.java:49)
	at org.openqa.selenium.remote.HttpCommandExecutor.execute(HttpCommandExecutor.java:158)
	at org.openqa.selenium.remote.service.DriverCommandExecutor.execute(DriverCommandExecutor.java:83)
	at org.openqa.selenium.remote.RemoteWebDriver.execute(RemoteWebDriver.java:552)
	at org.openqa.selenium.remote.RemoteWebDriver.findElement(RemoteWebDriver.java:323)
	at org.openqa.selenium.remote.RemoteWebDriver.findElementByXPath(RemoteWebDriver.java:428)
	at org.openqa.selenium.By$ByXPath.findElement(By.java:353)
	at org.openqa.selenium.remote.RemoteWebDriver.findElement(RemoteWebDriver.java:315)
	at org.openqa.selenium.support.pagefactory.DefaultElementLocator.findElement(DefaultElementLocator.java:69)
	at org.openqa.selenium.support.pagefactory.internal.LocatingElementHandler.invoke(LocatingElementHandler.java:38)
	at com.sun.proxy.$Proxy16.isDisplayed(Unknown Source)
	at org.openqa.selenium.support.ui.ExpectedConditions.elementIfVisible(ExpectedConditions.java:314)
	at org.openqa.selenium.support.ui.ExpectedConditions.access$000(ExpectedConditions.java:43)
	at org.openqa.selenium.support.ui.ExpectedConditions$10.apply(ExpectedConditions.java:300)
	at org.openqa.selenium.support.ui.ExpectedConditions$10.apply(ExpectedConditions.java:297)
	at org.openqa.selenium.support.ui.FluentWait.until(FluentWait.java:249)
	at Utility.BaseUtils.Click(BaseUtils.java:33)
	at StepDefinitions.GenericSteps.browserISOpenedAndUserIsNavigatedToApplicationUrl(GenericSteps.java:34)
	at ?.Browser is opened and user is navigated to application url(file:src/test/java/Features/HemaTest.feature:6)
</textarea></span>
												</div>
											</div>
											<div class="st skip test l2" 
												tags=""
												devices="">
												<span class="tt">12.18.2019 23:50:18</span>&nbsp;
												<span class="ts">skip</span>&nbsp;&nbsp;
												<span class="tn">&nbsp;&nbsp;&nbsp;&nbsp;|---[When user clicks on Sign-In Button] started</span>
												
												<div class="st skip">
													<span class="tt">12.18.2019 23:50:18</span>&nbsp;
													<span class="ts">skip</span>&nbsp;&nbsp; 
													<span class="tn">&nbsp;&nbsp;&nbsp;&nbsp;|---[When user clicks on Sign-In Button]</span>
													
													<span class="td">Step skipped</span>
												</div>
											</div>
											<div class="st skip test l2" 
												tags=""
												devices="">
												<span class="tt">12.18.2019 23:50:18</span>&nbsp;
												<span class="ts">skip</span>&nbsp;&nbsp;
												<span class="tn">&nbsp;&nbsp;&nbsp;&nbsp;|---[Then user should be navigated to page with title "my HEMA"] started</span>
												
												<div class="st skip">
													<span class="tt">12.18.2019 23:50:18</span>&nbsp;
													<span class="ts">skip</span>&nbsp;&nbsp; 
													<span class="tn">&nbsp;&nbsp;&nbsp;&nbsp;|---[Then user should be navigated to page with title "my HEMA"]</span>
													
													<span class="td">Step skipped</span>
												</div>
											</div>
											<div class="st skip test l2" 
												tags=""
												devices="">
												<span class="tt">12.18.2019 23:50:18</span>&nbsp;
												<span class="ts">skip</span>&nbsp;&nbsp;
												<span class="tn">&nbsp;&nbsp;&nbsp;&nbsp;|---[When user login with below credentials:] started</span>
												
												<div class="st pass">
													<span class="tt">12.18.2019 23:50:18</span>&nbsp;
													<span class="ts">pass</span>&nbsp;&nbsp; 
													<span class="tn">&nbsp;&nbsp;&nbsp;&nbsp;|---[When user login with below credentials:]</span>
													
													<span class="td"><table class='runtime-table table-striped table'><tr><td>asfasf@asdf.com</td><td>Asdf@1234</td></tr></table></span>
												</div>
												<div class="st skip">
													<span class="tt">12.18.2019 23:50:18</span>&nbsp;
													<span class="ts">skip</span>&nbsp;&nbsp; 
													<span class="tn">&nbsp;&nbsp;&nbsp;&nbsp;|---[When user login with below credentials:]</span>
													
													<span class="td">Step skipped</span>
												</div>
											</div>
											<div class="st skip test l2" 
												tags=""
												devices="">
												<span class="tt">12.18.2019 23:50:18</span>&nbsp;
												<span class="ts">skip</span>&nbsp;&nbsp;
												<span class="tn">&nbsp;&nbsp;&nbsp;&nbsp;|---[Then logged in screen should be displayed] started</span>
												
												<div class="st skip">
													<span class="tt">12.18.2019 23:50:18</span>&nbsp;
													<span class="ts">skip</span>&nbsp;&nbsp; 
													<span class="tn">&nbsp;&nbsp;&nbsp;&nbsp;|---[Then logged in screen should be displayed]</span>
													
													<span class="td">Step skipped</span>
												</div>
											</div>
											<div class="st skip test l2" 
												tags=""
												devices="">
												<span class="tt">12.18.2019 23:50:18</span>&nbsp;
												<span class="ts">skip</span>&nbsp;&nbsp;
												<span class="tn">&nbsp;&nbsp;&nbsp;&nbsp;|---[When user search for product "stamp set" on homepage] started</span>
												
												<div class="st skip">
													<span class="tt">12.18.2019 23:50:18</span>&nbsp;
													<span class="ts">skip</span>&nbsp;&nbsp; 
													<span class="tn">&nbsp;&nbsp;&nbsp;&nbsp;|---[When user search for product "stamp set" on homepage]</span>
													
													<span class="td">Step skipped</span>
												</div>
											</div>
											<div class="st skip test l2" 
												tags=""
												devices="">
												<span class="tt">12.18.2019 23:50:18</span>&nbsp;
												<span class="ts">skip</span>&nbsp;&nbsp;
												<span class="tn">&nbsp;&nbsp;&nbsp;&nbsp;|---[And user selects item number "2" from the result list] started</span>
												
												<div class="st skip">
													<span class="tt">12.18.2019 23:50:18</span>&nbsp;
													<span class="ts">skip</span>&nbsp;&nbsp; 
													<span class="tn">&nbsp;&nbsp;&nbsp;&nbsp;|---[And user selects item number "2" from the result list]</span>
													
													<span class="td">Step skipped</span>
												</div>
											</div>
											<div class="st skip test l2" 
												tags=""
												devices="">
												<span class="tt">12.18.2019 23:50:18</span>&nbsp;
												<span class="ts">skip</span>&nbsp;&nbsp;
												<span class="tn">&nbsp;&nbsp;&nbsp;&nbsp;|---[And selects quantity "1"] started</span>
												
												<div class="st skip">
													<span class="tt">12.18.2019 23:50:18</span>&nbsp;
													<span class="ts">skip</span>&nbsp;&nbsp; 
													<span class="tn">&nbsp;&nbsp;&nbsp;&nbsp;|---[And selects quantity "1"]</span>
													
													<span class="td">Step skipped</span>
												</div>
											</div>
											<div class="st skip test l2" 
												tags=""
												devices="">
												<span class="tt">12.18.2019 23:50:18</span>&nbsp;
												<span class="ts">skip</span>&nbsp;&nbsp;
												<span class="tn">&nbsp;&nbsp;&nbsp;&nbsp;|---[And add the product to basket] started</span>
												
												<div class="st skip">
													<span class="tt">12.18.2019 23:50:18</span>&nbsp;
													<span class="ts">skip</span>&nbsp;&nbsp; 
													<span class="tn">&nbsp;&nbsp;&nbsp;&nbsp;|---[And add the product to basket]</span>
													
													<span class="td">Step skipped</span>
												</div>
											</div>
											<div class="st skip test l2" 
												tags=""
												devices="">
												<span class="tt">12.18.2019 23:50:18</span>&nbsp;
												<span class="ts">skip</span>&nbsp;&nbsp;
												<span class="tn">&nbsp;&nbsp;&nbsp;&nbsp;|---[Then mini shopping cart should be displayed] started</span>
												
												<div class="st skip">
													<span class="tt">12.18.2019 23:50:18</span>&nbsp;
													<span class="ts">skip</span>&nbsp;&nbsp; 
													<span class="tn">&nbsp;&nbsp;&nbsp;&nbsp;|---[Then mini shopping cart should be displayed]</span>
													
													<span class="td">Step skipped</span>
												</div>
											</div>
											<div class="st skip test l2" 
												tags=""
												devices="">
												<span class="tt">12.18.2019 23:50:18</span>&nbsp;
												<span class="ts">skip</span>&nbsp;&nbsp;
												<span class="tn">&nbsp;&nbsp;&nbsp;&nbsp;|---[When user clicks on view basket in mini cart] started</span>
												
												<div class="st skip">
													<span class="tt">12.18.2019 23:50:18</span>&nbsp;
													<span class="ts">skip</span>&nbsp;&nbsp; 
													<span class="tn">&nbsp;&nbsp;&nbsp;&nbsp;|---[When user clicks on view basket in mini cart]</span>
													
													<span class="td">Step skipped</span>
												</div>
											</div>
											<div class="st skip test l2" 
												tags=""
												devices="">
												<span class="tt">12.18.2019 23:50:18</span>&nbsp;
												<span class="ts">skip</span>&nbsp;&nbsp;
												<span class="tn">&nbsp;&nbsp;&nbsp;&nbsp;|---[Then user should be navigated to page with title "Shopping basket - HEMA"] started</span>
												
												<div class="st skip">
													<span class="tt">12.18.2019 23:50:18</span>&nbsp;
													<span class="ts">skip</span>&nbsp;&nbsp; 
													<span class="tn">&nbsp;&nbsp;&nbsp;&nbsp;|---[Then user should be navigated to page with title "Shopping basket - HEMA"]</span>
													
													<span class="td">Step skipped</span>
												</div>
											</div>
											<div class="st skip test l2" 
												tags=""
												devices="">
												<span class="tt">12.18.2019 23:50:18</span>&nbsp;
												<span class="ts">skip</span>&nbsp;&nbsp;
												<span class="tn">&nbsp;&nbsp;&nbsp;&nbsp;|---[And the selected item should be present in shopping basket] started</span>
												
												<div class="st skip">
													<span class="tt">12.18.2019 23:50:18</span>&nbsp;
													<span class="ts">skip</span>&nbsp;&nbsp; 
													<span class="tn">&nbsp;&nbsp;&nbsp;&nbsp;|---[And the selected item should be present in shopping basket]</span>
													
													<span class="td">Step skipped</span>
												</div>
											</div>
											<div class="st fail test l2" 
												tags=""
												devices="">
												<span class="tt">12.18.2019 23:50:18</span>&nbsp;
												<span class="ts">fail</span>&nbsp;&nbsp;
												<span class="tn">&nbsp;&nbsp;&nbsp;&nbsp;|---[GenericSteps.tearDown(Scenario)] started</span>
												
												<div class="st fail">
													<span class="tt">12.18.2019 23:50:24</span>&nbsp;
													<span class="ts">fail</span>&nbsp;&nbsp; 
													<span class="tn">&nbsp;&nbsp;&nbsp;&nbsp;|---[GenericSteps.tearDown(Scenario)]</span>
													
													<span class="td">threw an exception<br><textarea disabled class="code-block">org.openqa.selenium.WebDriverException: chrome not reachable
  (Session info: chrome=79.0.3945.79)
Build info: version: '3.141.59', revision: 'e82be7d358', time: '2018-11-14T08:17:03'
System info: host: 'DESKTOP-NPH96C5', ip: '192.168.178.116', os.name: 'Windows 10', os.arch: 'amd64', os.version: '10.0', java.version: '1.8.0_221'
Driver info: org.openqa.selenium.chrome.ChromeDriver
Capabilities {acceptInsecureCerts: false, browserName: chrome, browserVersion: 79.0.3945.79, chrome: {chromedriverVersion: 79.0.3945.36 (3582db32b3389..., userDataDir: C:\Users\ARPIT-~1\AppData\L...}, goog:chromeOptions: {debuggerAddress: localhost:52439}, javascriptEnabled: true, networkConnectionEnabled: false, pageLoadStrategy: normal, platform: WINDOWS, platformName: WINDOWS, proxy: Proxy(), setWindowRect: true, strictFileInteractability: false, timeouts: {implicit: 0, pageLoad: 300000, script: 30000}, unhandledPromptBehavior: dismiss and notify}
Session ID: 42eb668f03a470e20dce5dd3cd53985f
	at sun.reflect.GeneratedConstructorAccessor19.newInstance(Unknown Source)
	at sun.reflect.DelegatingConstructorAccessorImpl.newInstance(DelegatingConstructorAccessorImpl.java:45)
	at java.lang.reflect.Constructor.newInstance(Constructor.java:423)
	at org.openqa.selenium.remote.http.W3CHttpResponseCodec.createException(W3CHttpResponseCodec.java:187)
	at org.openqa.selenium.remote.http.W3CHttpResponseCodec.decode(W3CHttpResponseCodec.java:122)
	at org.openqa.selenium.remote.http.W3CHttpResponseCodec.decode(W3CHttpResponseCodec.java:49)
	at org.openqa.selenium.remote.HttpCommandExecutor.execute(HttpCommandExecutor.java:158)
	at org.openqa.selenium.remote.service.DriverCommandExecutor.execute(DriverCommandExecutor.java:83)
	at org.openqa.selenium.remote.RemoteWebDriver.execute(RemoteWebDriver.java:552)
	at org.openqa.selenium.remote.RemoteWebDriver.execute(RemoteWebDriver.java:609)
	at org.openqa.selenium.remote.RemoteWebDriver.getScreenshotAs(RemoteWebDriver.java:295)
	at Utility.BaseUtils.captureScreenShot(BaseUtils.java:71)
	at StepDefinitions.GenericSteps.tearDown(GenericSteps.java:41)
	at sun.reflect.NativeMethodAccessorImpl.invoke0(Native Method)
	at sun.reflect.NativeMethodAccessorImpl.invoke(NativeMethodAccessorImpl.java:62)
	at sun.reflect.DelegatingMethodAccessorImpl.invoke(DelegatingMethodAccessorImpl.java:43)
	at java.lang.reflect.Method.invoke(Method.java:498)
	at cucumber.runtime.Utils$1.call(Utils.java:26)
	at cucumber.runtime.Timeout.timeout(Timeout.java:16)
	at cucumber.runtime.Utils.invoke(Utils.java:20)
	at cucumber.runtime.java.JavaHookDefinition.execute(JavaHookDefinition.java:60)
	at cucumber.runner.HookDefinitionMatch.runStep(HookDefinitionMatch.java:16)
	at cucumber.runner.TestStep.executeStep(TestStep.java:65)
	at cucumber.runner.TestStep.run(TestStep.java:50)
	at cucumber.runner.TestCase.run(TestCase.java:50)
	at cucumber.runner.Runner.runPickle(Runner.java:50)
	at cucumber.api.testng.TestNGCucumberRunner.runScenario(TestNGCucumberRunner.java:58)
	at TestRunner.TestRunner.scenario(TestRunner.java:22)
	at sun.reflect.NativeMethodAccessorImpl.invoke0(Native Method)
	at sun.reflect.NativeMethodAccessorImpl.invoke(NativeMethodAccessorImpl.java:62)
	at sun.reflect.DelegatingMethodAccessorImpl.invoke(DelegatingMethodAccessorImpl.java:43)
	at java.lang.reflect.Method.invoke(Method.java:498)
	at org.testng.internal.MethodInvocationHelper.invokeMethod(MethodInvocationHelper.java:124)
	at org.testng.internal.Invoker.invokeMethod(Invoker.java:583)
	at org.testng.internal.Invoker.invokeTestMethod(Invoker.java:719)
	at org.testng.internal.Invoker.invokeTestMethods(Invoker.java:989)
	at org.testng.internal.TestMethodWorker.invokeTestMethods(TestMethodWorker.java:125)
	at org.testng.internal.TestMethodWorker.run(TestMethodWorker.java:109)
	at org.testng.TestRunner.privateRun(TestRunner.java:648)
	at org.testng.TestRunner.run(TestRunner.java:505)
	at org.testng.SuiteRunner.runTest(SuiteRunner.java:455)
	at org.testng.SuiteRunner.runSequentially(SuiteRunner.java:450)
	at org.testng.SuiteRunner.privateRun(SuiteRunner.java:415)
	at org.testng.SuiteRunner.run(SuiteRunner.java:364)
	at org.testng.SuiteRunnerWorker.runSuite(SuiteRunnerWorker.java:52)
	at org.testng.SuiteRunnerWorker.run(SuiteRunnerWorker.java:84)
	at org.testng.TestNG.runSuitesSequentially(TestNG.java:1208)
	at org.testng.TestNG.runSuitesLocally(TestNG.java:1137)
	at org.testng.TestNG.runSuites(TestNG.java:1049)
	at org.testng.TestNG.run(TestNG.java:1017)
	at org.apache.maven.surefire.testng.TestNGExecutor.run(TestNGExecutor.java:77)
	at org.apache.maven.surefire.testng.TestNGDirectoryTestSuite.executeMulti(TestNGDirectoryTestSuite.java:159)
	at org.apache.maven.surefire.testng.TestNGDirectoryTestSuite.execute(TestNGDirectoryTestSuite.java:99)
	at org.apache.maven.surefire.testng.TestNGProvider.invoke(TestNGProvider.java:106)
	at sun.reflect.NativeMethodAccessorImpl.invoke0(Native Method)
	at sun.reflect.NativeMethodAccessorImpl.invoke(NativeMethodAccessorImpl.java:62)
	at sun.reflect.DelegatingMethodAccessorImpl.invoke(DelegatingMethodAccessorImpl.java:43)
	at java.lang.reflect.Method.invoke(Method.java:498)
	at org.apache.maven.surefire.util.ReflectionUtils.invokeMethodWithArray(ReflectionUtils.java:189)
	at org.apache.maven.surefire.booter.ProviderFactory$ProviderProxy.invoke(ProviderFactory.java:165)
	at org.apache.maven.surefire.booter.ProviderFactory.invokeProvider(ProviderFactory.java:85)
	at org.apache.maven.surefire.booter.ForkedBooter.runSuitesInProcess(ForkedBooter.java:115)
	at org.apache.maven.surefire.booter.ForkedBooter.main(ForkedBooter.java:75)
</textarea></span>
												</div>
											</div>
											<div class="st fail test l1" 
												tags="@Hema"
												devices="">
												<span class="tt">12.18.2019 23:50:24</span>&nbsp;
												<span class="ts">fail</span>&nbsp;&nbsp;
												<span class="tn">|---[verify non-registered user is able to add product to cart] started</span>
												<span class="category-list">
													<span class="category badge"><i class="fa fa-tag"></i> @Hema</span>
												</span>
												
											</div>
											<div class="st fail test l2" 
												tags=""
												devices="">
												<span class="tt">12.18.2019 23:50:24</span>&nbsp;
												<span class="ts">fail</span>&nbsp;&nbsp;
												<span class="tn">&nbsp;&nbsp;&nbsp;&nbsp;|---[Given Browser is opened and user is navigated to application url] started</span>
												
												<div class="st fail">
													<span class="tt">12.18.2019 23:50:30</span>&nbsp;
													<span class="ts">fail</span>&nbsp;&nbsp; 
													<span class="tn">&nbsp;&nbsp;&nbsp;&nbsp;|---[Given Browser is opened and user is navigated to application url]</span>
													
													<span class="td">threw an exception<br><textarea disabled class="code-block">org.openqa.selenium.WebDriverException: unknown error: cannot determine loading status
from disconnected: received Inspector.detached event
  (Session info: chrome=79.0.3945.79)
Build info: version: '3.141.59', revision: 'e82be7d358', time: '2018-11-14T08:17:03'
System info: host: 'DESKTOP-NPH96C5', ip: '192.168.178.116', os.name: 'Windows 10', os.arch: 'amd64', os.version: '10.0', java.version: '1.8.0_221'
Driver info: org.openqa.selenium.chrome.ChromeDriver
Capabilities {acceptInsecureCerts: false, browserName: chrome, browserVersion: 79.0.3945.79, chrome: {chromedriverVersion: 79.0.3945.36 (3582db32b3389..., userDataDir: C:\Users\ARPIT-~1\AppData\L...}, goog:chromeOptions: {debuggerAddress: localhost:52548}, javascriptEnabled: true, networkConnectionEnabled: false, pageLoadStrategy: normal, platform: WINDOWS, platformName: WINDOWS, proxy: Proxy(), setWindowRect: true, strictFileInteractability: false, timeouts: {implicit: 0, pageLoad: 300000, script: 30000}, unhandledPromptBehavior: dismiss and notify}
Session ID: 46826cd0182f8d074a11886c201d538e
	at sun.reflect.GeneratedConstructorAccessor19.newInstance(Unknown Source)
	at sun.reflect.DelegatingConstructorAccessorImpl.newInstance(DelegatingConstructorAccessorImpl.java:45)
	at java.lang.reflect.Constructor.newInstance(Constructor.java:423)
	at org.openqa.selenium.remote.http.W3CHttpResponseCodec.createException(W3CHttpResponseCodec.java:187)
	at org.openqa.selenium.remote.http.W3CHttpResponseCodec.decode(W3CHttpResponseCodec.java:122)
	at org.openqa.selenium.remote.http.W3CHttpResponseCodec.decode(W3CHttpResponseCodec.java:49)
	at org.openqa.selenium.remote.HttpCommandExecutor.execute(HttpCommandExecutor.java:158)
	at org.openqa.selenium.remote.service.DriverCommandExecutor.execute(DriverCommandExecutor.java:83)
	at org.openqa.selenium.remote.RemoteWebDriver.execute(RemoteWebDriver.java:552)
	at org.openqa.selenium.remote.RemoteWebDriver.get(RemoteWebDriver.java:277)
	at StepDefinitions.GenericSteps.browserISOpenedAndUserIsNavigatedToApplicationUrl(GenericSteps.java:31)
	at ?.Browser is opened and user is navigated to application url(file:src/test/java/Features/HemaTest.feature:6)
</textarea></span>
												</div>
											</div>
											<div class="st skip test l2" 
												tags=""
												devices="">
												<span class="tt">12.18.2019 23:50:30</span>&nbsp;
												<span class="ts">skip</span>&nbsp;&nbsp;
												<span class="tn">&nbsp;&nbsp;&nbsp;&nbsp;|---[When user search for product "stamp set" on homepage] started</span>
												
												<div class="st skip">
													<span class="tt">12.18.2019 23:50:30</span>&nbsp;
													<span class="ts">skip</span>&nbsp;&nbsp; 
													<span class="tn">&nbsp;&nbsp;&nbsp;&nbsp;|---[When user search for product "stamp set" on homepage]</span>
													
													<span class="td">Step skipped</span>
												</div>
											</div>
											<div class="st skip test l2" 
												tags=""
												devices="">
												<span class="tt">12.18.2019 23:50:30</span>&nbsp;
												<span class="ts">skip</span>&nbsp;&nbsp;
												<span class="tn">&nbsp;&nbsp;&nbsp;&nbsp;|---[And user selects item number "2" from the result list] started</span>
												
												<div class="st skip">
													<span class="tt">12.18.2019 23:50:30</span>&nbsp;
													<span class="ts">skip</span>&nbsp;&nbsp; 
													<span class="tn">&nbsp;&nbsp;&nbsp;&nbsp;|---[And user selects item number "2" from the result list]</span>
													
													<span class="td">Step skipped</span>
												</div>
											</div>
											<div class="st skip test l2" 
												tags=""
												devices="">
												<span class="tt">12.18.2019 23:50:30</span>&nbsp;
												<span class="ts">skip</span>&nbsp;&nbsp;
												<span class="tn">&nbsp;&nbsp;&nbsp;&nbsp;|---[And selects quantity "1"] started</span>
												
												<div class="st skip">
													<span class="tt">12.18.2019 23:50:30</span>&nbsp;
													<span class="ts">skip</span>&nbsp;&nbsp; 
													<span class="tn">&nbsp;&nbsp;&nbsp;&nbsp;|---[And selects quantity "1"]</span>
													
													<span class="td">Step skipped</span>
												</div>
											</div>
											<div class="st skip test l2" 
												tags=""
												devices="">
												<span class="tt">12.18.2019 23:50:30</span>&nbsp;
												<span class="ts">skip</span>&nbsp;&nbsp;
												<span class="tn">&nbsp;&nbsp;&nbsp;&nbsp;|---[And add the product to basket] started</span>
												
												<div class="st skip">
													<span class="tt">12.18.2019 23:50:30</span>&nbsp;
													<span class="ts">skip</span>&nbsp;&nbsp; 
													<span class="tn">&nbsp;&nbsp;&nbsp;&nbsp;|---[And add the product to basket]</span>
													
													<span class="td">Step skipped</span>
												</div>
											</div>
											<div class="st skip test l2" 
												tags=""
												devices="">
												<span class="tt">12.18.2019 23:50:30</span>&nbsp;
												<span class="ts">skip</span>&nbsp;&nbsp;
												<span class="tn">&nbsp;&nbsp;&nbsp;&nbsp;|---[Then mini shopping cart should be displayed] started</span>
												
												<div class="st skip">
													<span class="tt">12.18.2019 23:50:30</span>&nbsp;
													<span class="ts">skip</span>&nbsp;&nbsp; 
													<span class="tn">&nbsp;&nbsp;&nbsp;&nbsp;|---[Then mini shopping cart should be displayed]</span>
													
													<span class="td">Step skipped</span>
												</div>
											</div>
											<div class="st skip test l2" 
												tags=""
												devices="">
												<span class="tt">12.18.2019 23:50:30</span>&nbsp;
												<span class="ts">skip</span>&nbsp;&nbsp;
												<span class="tn">&nbsp;&nbsp;&nbsp;&nbsp;|---[When user clicks on view basket in mini cart] started</span>
												
												<div class="st skip">
													<span class="tt">12.18.2019 23:50:30</span>&nbsp;
													<span class="ts">skip</span>&nbsp;&nbsp; 
													<span class="tn">&nbsp;&nbsp;&nbsp;&nbsp;|---[When user clicks on view basket in mini cart]</span>
													
													<span class="td">Step skipped</span>
												</div>
											</div>
											<div class="st skip test l2" 
												tags=""
												devices="">
												<span class="tt">12.18.2019 23:50:30</span>&nbsp;
												<span class="ts">skip</span>&nbsp;&nbsp;
												<span class="tn">&nbsp;&nbsp;&nbsp;&nbsp;|---[Then user should be navigated to page with title "Shopping basket - HEMA"] started</span>
												
												<div class="st skip">
													<span class="tt">12.18.2019 23:50:30</span>&nbsp;
													<span class="ts">skip</span>&nbsp;&nbsp; 
													<span class="tn">&nbsp;&nbsp;&nbsp;&nbsp;|---[Then user should be navigated to page with title "Shopping basket - HEMA"]</span>
													
													<span class="td">Step skipped</span>
												</div>
											</div>
											<div class="st skip test l2" 
												tags=""
												devices="">
												<span class="tt">12.18.2019 23:50:30</span>&nbsp;
												<span class="ts">skip</span>&nbsp;&nbsp;
												<span class="tn">&nbsp;&nbsp;&nbsp;&nbsp;|---[And the selected item should be present in shopping basket] started</span>
												
												<div class="st skip">
													<span class="tt">12.18.2019 23:50:30</span>&nbsp;
													<span class="ts">skip</span>&nbsp;&nbsp; 
													<span class="tn">&nbsp;&nbsp;&nbsp;&nbsp;|---[And the selected item should be present in shopping basket]</span>
													
													<span class="td">Step skipped</span>
												</div>
											</div>
											<div class="st fail test l2" 
												tags=""
												devices="">
												<span class="tt">12.18.2019 23:50:30</span>&nbsp;
												<span class="ts">fail</span>&nbsp;&nbsp;
												<span class="tn">&nbsp;&nbsp;&nbsp;&nbsp;|---[GenericSteps.tearDown(Scenario)] started</span>
												
												<div class="st fail">
													<span class="tt">12.18.2019 23:50:36</span>&nbsp;
													<span class="ts">fail</span>&nbsp;&nbsp; 
													<span class="tn">&nbsp;&nbsp;&nbsp;&nbsp;|---[GenericSteps.tearDown(Scenario)]</span>
													
													<span class="td">threw an exception<br><textarea disabled class="code-block">org.openqa.selenium.WebDriverException: chrome not reachable
  (Session info: chrome=79.0.3945.79)
Build info: version: '3.141.59', revision: 'e82be7d358', time: '2018-11-14T08:17:03'
System info: host: 'DESKTOP-NPH96C5', ip: '192.168.178.116', os.name: 'Windows 10', os.arch: 'amd64', os.version: '10.0', java.version: '1.8.0_221'
Driver info: org.openqa.selenium.chrome.ChromeDriver
Capabilities {acceptInsecureCerts: false, browserName: chrome, browserVersion: 79.0.3945.79, chrome: {chromedriverVersion: 79.0.3945.36 (3582db32b3389..., userDataDir: C:\Users\ARPIT-~1\AppData\L...}, goog:chromeOptions: {debuggerAddress: localhost:52548}, javascriptEnabled: true, networkConnectionEnabled: false, pageLoadStrategy: normal, platform: WINDOWS, platformName: WINDOWS, proxy: Proxy(), setWindowRect: true, strictFileInteractability: false, timeouts: {implicit: 0, pageLoad: 300000, script: 30000}, unhandledPromptBehavior: dismiss and notify}
Session ID: 46826cd0182f8d074a11886c201d538e
	at sun.reflect.GeneratedConstructorAccessor19.newInstance(Unknown Source)
	at sun.reflect.DelegatingConstructorAccessorImpl.newInstance(DelegatingConstructorAccessorImpl.java:45)
	at java.lang.reflect.Constructor.newInstance(Constructor.java:423)
	at org.openqa.selenium.remote.http.W3CHttpResponseCodec.createException(W3CHttpResponseCodec.java:187)
	at org.openqa.selenium.remote.http.W3CHttpResponseCodec.decode(W3CHttpResponseCodec.java:122)
	at org.openqa.selenium.remote.http.W3CHttpResponseCodec.decode(W3CHttpResponseCodec.java:49)
	at org.openqa.selenium.remote.HttpCommandExecutor.execute(HttpCommandExecutor.java:158)
	at org.openqa.selenium.remote.service.DriverCommandExecutor.execute(DriverCommandExecutor.java:83)
	at org.openqa.selenium.remote.RemoteWebDriver.execute(RemoteWebDriver.java:552)
	at org.openqa.selenium.remote.RemoteWebDriver.execute(RemoteWebDriver.java:609)
	at org.openqa.selenium.remote.RemoteWebDriver.getScreenshotAs(RemoteWebDriver.java:295)
	at Utility.BaseUtils.captureScreenShot(BaseUtils.java:71)
	at StepDefinitions.GenericSteps.tearDown(GenericSteps.java:41)
	at sun.reflect.NativeMethodAccessorImpl.invoke0(Native Method)
	at sun.reflect.NativeMethodAccessorImpl.invoke(NativeMethodAccessorImpl.java:62)
	at sun.reflect.DelegatingMethodAccessorImpl.invoke(DelegatingMethodAccessorImpl.java:43)
	at java.lang.reflect.Method.invoke(Method.java:498)
	at cucumber.runtime.Utils$1.call(Utils.java:26)
	at cucumber.runtime.Timeout.timeout(Timeout.java:16)
	at cucumber.runtime.Utils.invoke(Utils.java:20)
	at cucumber.runtime.java.JavaHookDefinition.execute(JavaHookDefinition.java:60)
	at cucumber.runner.HookDefinitionMatch.runStep(HookDefinitionMatch.java:16)
	at cucumber.runner.TestStep.executeStep(TestStep.java:65)
	at cucumber.runner.TestStep.run(TestStep.java:50)
	at cucumber.runner.TestCase.run(TestCase.java:50)
	at cucumber.runner.Runner.runPickle(Runner.java:50)
	at cucumber.api.testng.TestNGCucumberRunner.runScenario(TestNGCucumberRunner.java:58)
	at TestRunner.TestRunner.scenario(TestRunner.java:22)
	at sun.reflect.NativeMethodAccessorImpl.invoke0(Native Method)
	at sun.reflect.NativeMethodAccessorImpl.invoke(NativeMethodAccessorImpl.java:62)
	at sun.reflect.DelegatingMethodAccessorImpl.invoke(DelegatingMethodAccessorImpl.java:43)
	at java.lang.reflect.Method.invoke(Method.java:498)
	at org.testng.internal.MethodInvocationHelper.invokeMethod(MethodInvocationHelper.java:124)
	at org.testng.internal.Invoker.invokeMethod(Invoker.java:583)
	at org.testng.internal.Invoker.invokeTestMethod(Invoker.java:719)
	at org.testng.internal.Invoker.invokeTestMethods(Invoker.java:989)
	at org.testng.internal.TestMethodWorker.invokeTestMethods(TestMethodWorker.java:125)
	at org.testng.internal.TestMethodWorker.run(TestMethodWorker.java:109)
	at org.testng.TestRunner.privateRun(TestRunner.java:648)
	at org.testng.TestRunner.run(TestRunner.java:505)
	at org.testng.SuiteRunner.runTest(SuiteRunner.java:455)
	at org.testng.SuiteRunner.runSequentially(SuiteRunner.java:450)
	at org.testng.SuiteRunner.privateRun(SuiteRunner.java:415)
	at org.testng.SuiteRunner.run(SuiteRunner.java:364)
	at org.testng.SuiteRunnerWorker.runSuite(SuiteRunnerWorker.java:52)
	at org.testng.SuiteRunnerWorker.run(SuiteRunnerWorker.java:84)
	at org.testng.TestNG.runSuitesSequentially(TestNG.java:1208)
	at org.testng.TestNG.runSuitesLocally(TestNG.java:1137)
	at org.testng.TestNG.runSuites(TestNG.java:1049)
	at org.testng.TestNG.run(TestNG.java:1017)
	at org.apache.maven.surefire.testng.TestNGExecutor.run(TestNGExecutor.java:77)
	at org.apache.maven.surefire.testng.TestNGDirectoryTestSuite.executeMulti(TestNGDirectoryTestSuite.java:159)
	at org.apache.maven.surefire.testng.TestNGDirectoryTestSuite.execute(TestNGDirectoryTestSuite.java:99)
	at org.apache.maven.surefire.testng.TestNGProvider.invoke(TestNGProvider.java:106)
	at sun.reflect.NativeMethodAccessorImpl.invoke0(Native Method)
	at sun.reflect.NativeMethodAccessorImpl.invoke(NativeMethodAccessorImpl.java:62)
	at sun.reflect.DelegatingMethodAccessorImpl.invoke(DelegatingMethodAccessorImpl.java:43)
	at java.lang.reflect.Method.invoke(Method.java:498)
	at org.apache.maven.surefire.util.ReflectionUtils.invokeMethodWithArray(ReflectionUtils.java:189)
	at org.apache.maven.surefire.booter.ProviderFactory$ProviderProxy.invoke(ProviderFactory.java:165)
	at org.apache.maven.surefire.booter.ProviderFactory.invokeProvider(ProviderFactory.java:85)
	at org.apache.maven.surefire.booter.ForkedBooter.runSuitesInProcess(ForkedBooter.java:115)
	at org.apache.maven.surefire.booter.ForkedBooter.main(ForkedBooter.java:75)
</textarea></span>
												</div>
											</div>
											</div>
									</div>
								</div>
							</div>
						</div>
					</div>
				</div>
			</div>
		</div>
		<script src="https://cdn.rawgit.com/extent-framework/extent-github-cdn/d74480e/logger/js/logger-scripts.js"></script>
<script type="text/javascript">


            
$(document).ready(function() {
});

        
</script>	</body>
</html>
